<?xml version="1.0" encoding="UTF-8"?>
<testng-results skipped="0" failed="0" total="1" passed="1">
  <reporter-output>
  </reporter-output>
  <suite name="Default suite" duration-ms="24900" started-at="2015-08-25T14:10:02Z" finished-at="2015-08-25T14:10:27Z">
    <groups>
    </groups>
    <test name="Default test" duration-ms="24900" started-at="2015-08-25T14:10:02Z" finished-at="2015-08-25T14:10:27Z">
      <class name="autotest.appautotest.testweb">
        <test-method status="PASS" signature="setUp()[pri:0, instance:autotest.appautotest.testweb@1201fd18]" name="setUp" is-config="true" duration-ms="3869" started-at="2015-08-25T22:10:02Z" finished-at="2015-08-25T22:10:06Z">
          <reporter-output>
          </reporter-output>
        </test-method> <!-- setUp -->
        <test-method status="PASS" signature="test()[pri:0, instance:autotest.appautotest.testweb@1201fd18]" name="test" duration-ms="19103" started-at="2015-08-25T22:10:06Z" finished-at="2015-08-25T22:10:25Z">
          <reporter-output>
          </reporter-output>
        </test-method> <!-- test -->
        <test-method status="PASS" signature="tearDown()[pri:0, instance:autotest.appautotest.testweb@1201fd18]" name="tearDown" is-config="true" duration-ms="1884" started-at="2015-08-25T22:10:25Z" finished-at="2015-08-25T22:10:27Z">
          <reporter-output>
          </reporter-output>
        </test-method> <!-- tearDown -->
      </class> <!-- autotest.appautotest.testweb -->
    </test> <!-- Default test -->
  </suite> <!-- Default suite -->
</testng-results>
