<?xml version="1.0" encoding="UTF-8"?>
<testng-results skipped="0" failed="0" total="4" passed="4">
  <reporter-output>
  </reporter-output>
  <suite name="Default suite" duration-ms="55543" started-at="2015-06-30T14:52:14Z" finished-at="2015-06-30T14:53:10Z">
    <groups>
    </groups>
    <test name="Default test" duration-ms="55543" started-at="2015-06-30T14:52:14Z" finished-at="2015-06-30T14:53:10Z">
      <class name="autotest.appautotest.test2">
        <test-method status="PASS" signature="setUp()[pri:0, instance:autotest.appautotest.test2@7300607d]" name="setUp" is-config="true" duration-ms="2538" started-at="2015-06-30T22:52:14Z" finished-at="2015-06-30T22:52:17Z">
          <reporter-output>
          </reporter-output>
        </test-method> <!-- setUp -->
        <test-method status="PASS" signature="guanyubaidu()[pri:0, instance:autotest.appautotest.test2@7300607d]" name="guanyubaidu" duration-ms="23722" started-at="2015-06-30T22:52:17Z" finished-at="2015-06-30T22:52:41Z">
          <reporter-output>
          </reporter-output>
        </test-method> <!-- guanyubaidu -->
        <test-method status="PASS" signature="baidu(java.lang.String)[pri:0, instance:autotest.appautotest.test2@7300607d]" name="baidu" duration-ms="11184" started-at="2015-06-30T22:52:41Z" data-provider="input" finished-at="2015-06-30T22:52:52Z">
          <params>
            <param index="0">
              <value>
                <![CDATA[ceshi]]>
              </value>
            </param>
          </params>
          <reporter-output>
          </reporter-output>
        </test-method> <!-- baidu -->
        <test-method status="PASS" signature="baidu(java.lang.String)[pri:0, instance:autotest.appautotest.test2@7300607d]" name="baidu" duration-ms="11049" started-at="2015-06-30T22:52:52Z" data-provider="input" finished-at="2015-06-30T22:53:03Z">
          <params>
            <param index="0">
              <value>
                <![CDATA[kaifa]]>
              </value>
            </param>
          </params>
          <reporter-output>
          </reporter-output>
        </test-method> <!-- baidu -->
        <test-method status="PASS" signature="xinwen()[pri:0, instance:autotest.appautotest.test2@7300607d]" name="xinwen" duration-ms="5001" started-at="2015-06-30T22:53:03Z" depends-on-methods="autotest.appautotest.test2.guanyubaidu" finished-at="2015-06-30T22:53:08Z">
          <reporter-output>
          </reporter-output>
        </test-method> <!-- xinwen -->
        <test-method status="PASS" signature="tearDown()[pri:0, instance:autotest.appautotest.test2@7300607d]" name="tearDown" is-config="true" duration-ms="2011" started-at="2015-06-30T22:53:08Z" finished-at="2015-06-30T22:53:10Z">
          <reporter-output>
          </reporter-output>
        </test-method> <!-- tearDown -->
      </class> <!-- autotest.appautotest.test2 -->
    </test> <!-- Default test -->
  </suite> <!-- Default suite -->
</testng-results>
