<?xml version="1.0" encoding="UTF-8"?>
<testng-results skipped="0" failed="1" total="1" passed="0">
  <reporter-output>
  </reporter-output>
  <suite name="Default suite" duration-ms="139880" started-at="2015-09-02T10:16:51Z" finished-at="2015-09-02T10:19:11Z">
    <groups>
    </groups>
    <test name="Default test" duration-ms="139880" started-at="2015-09-02T10:16:51Z" finished-at="2015-09-02T10:19:11Z">
      <class name="autotest.appautotest.testtenxunxinwen">
        <test-method status="PASS" signature="setUp()[pri:0, instance:autotest.appautotest.testtenxunxinwen@24ebd76a]" name="setUp" is-config="true" duration-ms="21306" started-at="2015-09-02T18:16:51Z" finished-at="2015-09-02T18:17:12Z">
          <reporter-output>
          </reporter-output>
        </test-method> <!-- setUp -->
        <test-method status="FAIL" signature="test()[pri:0, instance:autotest.appautotest.testtenxunxinwen@24ebd76a]" name="test" duration-ms="114776" started-at="2015-09-02T18:17:12Z" finished-at="2015-09-02T18:19:07Z">
          <exception class="java.lang.IndexOutOfBoundsException">
            <message>
              <![CDATA[Index: 0, Size: 0]]>
            </message>
            <full-stacktrace>
              <![CDATA[java.lang.IndexOutOfBoundsException: Index: 0, Size: 0
	at java.util.ArrayList.rangeCheck(Unknown Source)
	at java.util.ArrayList.get(Unknown Source)
	at base.AndroidApp.findElementByClassNameIndex(AndroidApp.java:105)
	at base.AndroidApp.findElement(AndroidApp.java:244)
	at base.AndroidApp.findElement(AndroidApp.java:1)
	at core.UI.sendKeys(UI.java:22)
	at autotest.appautotest.testtenxunxinwen.test(testtenxunxinwen.java:93)
	at sun.reflect.NativeMethodAccessorImpl.invoke0(Native Method)
	at sun.reflect.NativeMethodAccessorImpl.invoke(Unknown Source)
	at sun.reflect.DelegatingMethodAccessorImpl.invoke(Unknown Source)
	at java.lang.reflect.Method.invoke(Unknown Source)
	at org.testng.internal.MethodInvocationHelper.invokeMethod(MethodInvocationHelper.java:85)
	at org.testng.internal.Invoker.invokeMethod(Invoker.java:659)
	at org.testng.internal.Invoker.invokeTestMethod(Invoker.java:845)
	at org.testng.internal.Invoker.invokeTestMethods(Invoker.java:1153)
	at org.testng.internal.TestMethodWorker.invokeTestMethods(TestMethodWorker.java:125)
	at org.testng.internal.TestMethodWorker.run(TestMethodWorker.java:108)
	at org.testng.TestRunner.privateRun(TestRunner.java:771)
	at org.testng.TestRunner.run(TestRunner.java:621)
	at org.testng.SuiteRunner.runTest(SuiteRunner.java:357)
	at org.testng.SuiteRunner.runSequentially(SuiteRunner.java:352)
	at org.testng.SuiteRunner.privateRun(SuiteRunner.java:310)
	at org.testng.SuiteRunner.run(SuiteRunner.java:259)
	at org.testng.SuiteRunnerWorker.runSuite(SuiteRunnerWorker.java:52)
	at org.testng.SuiteRunnerWorker.run(SuiteRunnerWorker.java:86)
	at org.testng.TestNG.runSuitesSequentially(TestNG.java:1199)
	at org.testng.TestNG.runSuitesLocally(TestNG.java:1124)
	at org.testng.TestNG.run(TestNG.java:1032)
	at org.testng.remote.RemoteTestNG.run(RemoteTestNG.java:111)
	at org.testng.remote.RemoteTestNG.initAndRun(RemoteTestNG.java:204)
	at org.testng.remote.RemoteTestNG.main(RemoteTestNG.java:175)
]]>
            </full-stacktrace>
          </exception> <!-- java.lang.IndexOutOfBoundsException -->
          <reporter-output>
          </reporter-output>
        </test-method> <!-- test -->
        <test-method status="PASS" signature="tearDown()[pri:0, instance:autotest.appautotest.testtenxunxinwen@24ebd76a]" name="tearDown" is-config="true" duration-ms="3782" started-at="2015-09-02T18:19:07Z" finished-at="2015-09-02T18:19:11Z">
          <reporter-output>
          </reporter-output>
        </test-method> <!-- tearDown -->
      </class> <!-- autotest.appautotest.testtenxunxinwen -->
    </test> <!-- Default test -->
  </suite> <!-- Default suite -->
</testng-results>
