<?xml version="1.0" encoding="UTF-8"?>
<testng-results skipped="0" failed="0" total="3" passed="3">
  <reporter-output>
  </reporter-output>
  <suite name="Default suite" duration-ms="24301" started-at="2015-11-05T15:30:19Z" finished-at="2015-11-05T15:30:43Z">
    <groups>
    </groups>
    <test name="Default test" duration-ms="24301" started-at="2015-11-05T15:30:19Z" finished-at="2015-11-05T15:30:43Z">
      <class name="testTicketWeb.qiChe">
        <test-method status="PASS" signature="setUp()[pri:0, instance:testTicketWeb.qiChe@880ec60]" name="setUp" is-config="true" duration-ms="2562" started-at="2015-11-05T23:30:19Z" finished-at="2015-11-05T23:30:21Z">
          <reporter-output>
          </reporter-output>
        </test-method> <!-- setUp -->
        <test-method status="PASS" signature="test000login()[pri:0, instance:testTicketWeb.qiChe@880ec60]" name="test000login" duration-ms="4695" started-at="2015-11-05T23:30:21Z" finished-at="2015-11-05T23:30:26Z">
          <reporter-output>
          </reporter-output>
        </test-method> <!-- test000login -->
        <test-method status="PASS" signature="test012editQiChePiaoJia()[pri:0, instance:testTicketWeb.qiChe@880ec60]" name="test012editQiChePiaoJia" duration-ms="5222" started-at="2015-11-05T23:30:26Z" finished-at="2015-11-05T23:30:31Z">
          <reporter-output>
          </reporter-output>
        </test-method> <!-- test012editQiChePiaoJia -->
        <test-method status="PASS" signature="tearDown()[pri:0, instance:testTicketWeb.qiChe@880ec60]" name="tearDown" is-config="true" duration-ms="1716" started-at="2015-11-05T23:30:31Z" finished-at="2015-11-05T23:30:33Z">
          <reporter-output>
          </reporter-output>
        </test-method> <!-- tearDown -->
      </class> <!-- testTicketWeb.qiChe -->
      <class name="testTicketWeb.baShi">
        <test-method status="PASS" signature="setUp()[pri:0, instance:testTicketWeb.baShi@7a0ac6e3]" name="setUp" is-config="true" duration-ms="2727" started-at="2015-11-05T23:30:33Z" finished-at="2015-11-05T23:30:36Z">
          <reporter-output>
          </reporter-output>
        </test-method> <!-- setUp -->
        <test-method status="PASS" signature="test000login()[pri:0, instance:testTicketWeb.baShi@7a0ac6e3]" name="test000login" duration-ms="5851" started-at="2015-11-05T23:30:36Z" finished-at="2015-11-05T23:30:42Z">
          <reporter-output>
          </reporter-output>
        </test-method> <!-- test000login -->
        <test-method status="PASS" signature="tearDown()[pri:0, instance:testTicketWeb.baShi@7a0ac6e3]" name="tearDown" is-config="true" duration-ms="1504" started-at="2015-11-05T23:30:42Z" finished-at="2015-11-05T23:30:43Z">
          <reporter-output>
          </reporter-output>
        </test-method> <!-- tearDown -->
      </class> <!-- testTicketWeb.baShi -->
    </test> <!-- Default test -->
  </suite> <!-- Default suite -->
</testng-results>
