<?xml version="1.0" encoding="UTF-8"?>
<testng-results skipped="1" failed="0" total="1" passed="0">
  <reporter-output>
  </reporter-output>
  <suite name="Default suite" duration-ms="4390" started-at="2015-10-17T13:42:25Z" finished-at="2015-10-17T13:42:30Z">
    <groups>
    </groups>
    <test name="Default test" duration-ms="4390" started-at="2015-10-17T13:42:25Z" finished-at="2015-10-17T13:42:30Z">
      <class name="testTicketWeb.qiChe">
        <test-method status="PASS" signature="setUp()[pri:0, instance:testTicketWeb.qiChe@3ac3fd8b]" name="setUp" is-config="true" duration-ms="2233" started-at="2015-10-17T21:42:26Z" finished-at="2015-10-17T21:42:28Z">
          <reporter-output>
          </reporter-output>
        </test-method> <!-- setUp -->
        <test-method status="SKIP" signature="test004addQiCheZhan(java.lang.String, java.lang.String, java.lang.String, java.lang.String, java.lang.String, java.lang.String, java.lang.String, java.lang.String, java.lang.String, java.lang.String)[pri:0, instance:testTicketWeb.qiChe@3ac3fd8b]" name="test004addQiCheZhan" duration-ms="0" started-at="2015-10-17T21:42:28Z" data-provider="addqichezhan" finished-at="2015-10-17T21:42:28Z">
          <exception class="java.lang.RuntimeException">
            <message>
              <![CDATA[java.lang.NullPointerException]]>
            </message>
            <full-stacktrace>
              <![CDATA[java.lang.RuntimeException: java.lang.NullPointerException
	at org.testng.internal.MethodInvocationHelper.invokeDataProvider(MethodInvocationHelper.java:162)
	at org.testng.internal.Parameters.handleParameters(Parameters.java:441)
	at org.testng.internal.Invoker.handleParameters(Invoker.java:1300)
	at org.testng.internal.Invoker.createParameters(Invoker.java:1015)
	at org.testng.internal.Invoker.invokeTestMethods(Invoker.java:1104)
	at org.testng.internal.TestMethodWorker.invokeTestMethods(TestMethodWorker.java:125)
	at org.testng.internal.TestMethodWorker.run(TestMethodWorker.java:108)
	at org.testng.TestRunner.privateRun(TestRunner.java:771)
	at org.testng.TestRunner.run(TestRunner.java:621)
	at org.testng.SuiteRunner.runTest(SuiteRunner.java:357)
	at org.testng.SuiteRunner.runSequentially(SuiteRunner.java:352)
	at org.testng.SuiteRunner.privateRun(SuiteRunner.java:310)
	at org.testng.SuiteRunner.run(SuiteRunner.java:259)
	at org.testng.SuiteRunnerWorker.runSuite(SuiteRunnerWorker.java:52)
	at org.testng.SuiteRunnerWorker.run(SuiteRunnerWorker.java:86)
	at org.testng.TestNG.runSuitesSequentially(TestNG.java:1199)
	at org.testng.TestNG.runSuitesLocally(TestNG.java:1124)
	at org.testng.TestNG.run(TestNG.java:1032)
	at org.testng.remote.RemoteTestNG.run(RemoteTestNG.java:111)
	at org.testng.remote.RemoteTestNG.initAndRun(RemoteTestNG.java:204)
	at org.testng.remote.RemoteTestNG.main(RemoteTestNG.java:175)
Caused by: java.lang.NullPointerException
	at utils.ReadTestData.getData(ReadTestData.java:89)
	at utils.ReadTestData.getTestDataForTestNG(ReadTestData.java:123)
	at core.Initial.getTestDataForTestNG(Initial.java:82)
	at testTicketWeb.qiChe.dataProvider1(qiChe.java:33)
	at sun.reflect.NativeMethodAccessorImpl.invoke0(Native Method)
	at sun.reflect.NativeMethodAccessorImpl.invoke(Unknown Source)
	at sun.reflect.DelegatingMethodAccessorImpl.invoke(Unknown Source)
	at java.lang.reflect.Method.invoke(Unknown Source)
	at org.testng.internal.MethodInvocationHelper.invokeMethod(MethodInvocationHelper.java:85)
	at org.testng.internal.MethodInvocationHelper.invokeDataProvider(MethodInvocationHelper.java:136)
	... 20 more
]]>
            </full-stacktrace>
          </exception> <!-- java.lang.RuntimeException -->
          <reporter-output>
          </reporter-output>
        </test-method> <!-- test004addQiCheZhan -->
        <test-method status="PASS" signature="tearDown()[pri:0, instance:testTicketWeb.qiChe@3ac3fd8b]" name="tearDown" is-config="true" duration-ms="1835" started-at="2015-10-17T21:42:28Z" finished-at="2015-10-17T21:42:30Z">
          <reporter-output>
          </reporter-output>
        </test-method> <!-- tearDown -->
      </class> <!-- testTicketWeb.qiChe -->
    </test> <!-- Default test -->
  </suite> <!-- Default suite -->
</testng-results>
