<?xml version="1.0" encoding="UTF-8"?>
<testng-results skipped="0" failed="0" total="6" passed="6">
  <reporter-output>
  </reporter-output>
  <suite name="Default suite" duration-ms="47887" started-at="2015-10-22T13:48:31Z" finished-at="2015-10-22T13:49:19Z">
    <groups>
    </groups>
    <test name="Default test" duration-ms="47887" started-at="2015-10-22T13:48:31Z" finished-at="2015-10-22T13:49:19Z">
      <class name="testTicketWeb.cheDuiAndCheLiang">
        <test-method status="PASS" signature="setUp()[pri:0, instance:testTicketWeb.cheDuiAndCheLiang@3ac3fd8b]" name="setUp" is-config="true" duration-ms="3495" started-at="2015-10-22T21:48:31Z" finished-at="2015-10-22T21:48:35Z">
          <reporter-output>
          </reporter-output>
        </test-method> <!-- setUp -->
        <test-method status="PASS" signature="addCheLiang(java.lang.String, java.lang.String, java.lang.String, java.lang.String, java.lang.String, java.lang.String, java.lang.String, java.lang.String, java.lang.String, java.lang.String, java.lang.String, java.lang.String)[pri:0, instance:testTicketWeb.cheDuiAndCheLiang@3ac3fd8b]" name="addCheLiang" duration-ms="14792" started-at="2015-10-22T21:48:35Z" data-provider="addCheLiang" finished-at="2015-10-22T21:48:50Z">
          <params>
            <param index="0">
              <value>
                <![CDATA[Troy13]]>
              </value>
            </param>
            <param index="1">
              <value>
                <![CDATA[Troy车队]]>
              </value>
            </param>
            <param index="2">
              <value>
                <![CDATA[大巴]]>
              </value>
            </param>
            <param index="3">
              <value>
                <![CDATA[Troy]]>
              </value>
            </param>
            <param index="4">
              <value>
                <![CDATA[18627802681]]>
              </value>
            </param>
            <param index="5">
              <value>
                <![CDATA[65]]>
              </value>
            </param>
            <param index="6">
              <value>
                <![CDATA[60]]>
              </value>
            </param>
            <param index="7">
              <value>
                <![CDATA[5]]>
              </value>
            </param>
            <param index="8">
              <value>
                <![CDATA[鄂A12357]]>
              </value>
            </param>
            <param index="9">
              <value>
                <![CDATA[2014-01]]>
              </value>
            </param>
            <param index="10">
              <value>
                <![CDATA[123468]]>
              </value>
            </param>
            <param index="11">
              <value>
                <![CDATA[奔驰]]>
              </value>
            </param>
          </params>
          <reporter-output>
          </reporter-output>
        </test-method> <!-- addCheLiang -->
        <test-method status="PASS" signature="addCheLiang(java.lang.String, java.lang.String, java.lang.String, java.lang.String, java.lang.String, java.lang.String, java.lang.String, java.lang.String, java.lang.String, java.lang.String, java.lang.String, java.lang.String)[pri:0, instance:testTicketWeb.cheDuiAndCheLiang@3ac3fd8b]" name="addCheLiang" duration-ms="5909" started-at="2015-10-22T21:48:50Z" data-provider="addCheLiang" finished-at="2015-10-22T21:48:56Z">
          <params>
            <param index="0">
              <value>
                <![CDATA[Troy14]]>
              </value>
            </param>
            <param index="1">
              <value>
                <![CDATA[Troy车队]]>
              </value>
            </param>
            <param index="2">
              <value>
                <![CDATA[大巴]]>
              </value>
            </param>
            <param index="3">
              <value>
                <![CDATA[Troy]]>
              </value>
            </param>
            <param index="4">
              <value>
                <![CDATA[18627802681]]>
              </value>
            </param>
            <param index="5">
              <value>
                <![CDATA[65]]>
              </value>
            </param>
            <param index="6">
              <value>
                <![CDATA[60]]>
              </value>
            </param>
            <param index="7">
              <value>
                <![CDATA[5]]>
              </value>
            </param>
            <param index="8">
              <value>
                <![CDATA[鄂A12358]]>
              </value>
            </param>
            <param index="9">
              <value>
                <![CDATA[2014-02]]>
              </value>
            </param>
            <param index="10">
              <value>
                <![CDATA[123469]]>
              </value>
            </param>
            <param index="11">
              <value>
                <![CDATA[奔驰]]>
              </value>
            </param>
          </params>
          <reporter-output>
          </reporter-output>
        </test-method> <!-- addCheLiang -->
        <test-method status="PASS" signature="addCheLiang(java.lang.String, java.lang.String, java.lang.String, java.lang.String, java.lang.String, java.lang.String, java.lang.String, java.lang.String, java.lang.String, java.lang.String, java.lang.String, java.lang.String)[pri:0, instance:testTicketWeb.cheDuiAndCheLiang@3ac3fd8b]" name="addCheLiang" duration-ms="5718" started-at="2015-10-22T21:48:56Z" data-provider="addCheLiang" finished-at="2015-10-22T21:49:01Z">
          <params>
            <param index="0">
              <value>
                <![CDATA[Troy15]]>
              </value>
            </param>
            <param index="1">
              <value>
                <![CDATA[Troy车队]]>
              </value>
            </param>
            <param index="2">
              <value>
                <![CDATA[大巴]]>
              </value>
            </param>
            <param index="3">
              <value>
                <![CDATA[Troy]]>
              </value>
            </param>
            <param index="4">
              <value>
                <![CDATA[18627802681]]>
              </value>
            </param>
            <param index="5">
              <value>
                <![CDATA[65]]>
              </value>
            </param>
            <param index="6">
              <value>
                <![CDATA[60]]>
              </value>
            </param>
            <param index="7">
              <value>
                <![CDATA[5]]>
              </value>
            </param>
            <param index="8">
              <value>
                <![CDATA[鄂A12359]]>
              </value>
            </param>
            <param index="9">
              <value>
                <![CDATA[2014-03]]>
              </value>
            </param>
            <param index="10">
              <value>
                <![CDATA[123470]]>
              </value>
            </param>
            <param index="11">
              <value>
                <![CDATA[奔驰]]>
              </value>
            </param>
          </params>
          <reporter-output>
          </reporter-output>
        </test-method> <!-- addCheLiang -->
        <test-method status="PASS" signature="addCheLiang(java.lang.String, java.lang.String, java.lang.String, java.lang.String, java.lang.String, java.lang.String, java.lang.String, java.lang.String, java.lang.String, java.lang.String, java.lang.String, java.lang.String)[pri:0, instance:testTicketWeb.cheDuiAndCheLiang@3ac3fd8b]" name="addCheLiang" duration-ms="5694" started-at="2015-10-22T21:49:01Z" data-provider="addCheLiang" finished-at="2015-10-22T21:49:07Z">
          <params>
            <param index="0">
              <value>
                <![CDATA[Troy16]]>
              </value>
            </param>
            <param index="1">
              <value>
                <![CDATA[Troy车队]]>
              </value>
            </param>
            <param index="2">
              <value>
                <![CDATA[大巴]]>
              </value>
            </param>
            <param index="3">
              <value>
                <![CDATA[Troy]]>
              </value>
            </param>
            <param index="4">
              <value>
                <![CDATA[18627802681]]>
              </value>
            </param>
            <param index="5">
              <value>
                <![CDATA[65]]>
              </value>
            </param>
            <param index="6">
              <value>
                <![CDATA[60]]>
              </value>
            </param>
            <param index="7">
              <value>
                <![CDATA[5]]>
              </value>
            </param>
            <param index="8">
              <value>
                <![CDATA[鄂A12360]]>
              </value>
            </param>
            <param index="9">
              <value>
                <![CDATA[2014-04]]>
              </value>
            </param>
            <param index="10">
              <value>
                <![CDATA[123471]]>
              </value>
            </param>
            <param index="11">
              <value>
                <![CDATA[奔驰]]>
              </value>
            </param>
          </params>
          <reporter-output>
          </reporter-output>
        </test-method> <!-- addCheLiang -->
        <test-method status="PASS" signature="addCheLiang(java.lang.String, java.lang.String, java.lang.String, java.lang.String, java.lang.String, java.lang.String, java.lang.String, java.lang.String, java.lang.String, java.lang.String, java.lang.String, java.lang.String)[pri:0, instance:testTicketWeb.cheDuiAndCheLiang@3ac3fd8b]" name="addCheLiang" duration-ms="4973" started-at="2015-10-22T21:49:07Z" data-provider="addCheLiang" finished-at="2015-10-22T21:49:12Z">
          <params>
            <param index="0">
              <value>
                <![CDATA[Troy17]]>
              </value>
            </param>
            <param index="1">
              <value>
                <![CDATA[Troy车队]]>
              </value>
            </param>
            <param index="2">
              <value>
                <![CDATA[大巴]]>
              </value>
            </param>
            <param index="3">
              <value>
                <![CDATA[Troy]]>
              </value>
            </param>
            <param index="4">
              <value>
                <![CDATA[18627802681]]>
              </value>
            </param>
            <param index="5">
              <value>
                <![CDATA[65]]>
              </value>
            </param>
            <param index="6">
              <value>
                <![CDATA[60]]>
              </value>
            </param>
            <param index="7">
              <value>
                <![CDATA[5]]>
              </value>
            </param>
            <param index="8">
              <value>
                <![CDATA[鄂A12361]]>
              </value>
            </param>
            <param index="9">
              <value>
                <![CDATA[2014-05]]>
              </value>
            </param>
            <param index="10">
              <value>
                <![CDATA[123472]]>
              </value>
            </param>
            <param index="11">
              <value>
                <![CDATA[奔驰]]>
              </value>
            </param>
          </params>
          <reporter-output>
          </reporter-output>
        </test-method> <!-- addCheLiang -->
        <test-method status="PASS" signature="addCheLiang(java.lang.String, java.lang.String, java.lang.String, java.lang.String, java.lang.String, java.lang.String, java.lang.String, java.lang.String, java.lang.String, java.lang.String, java.lang.String, java.lang.String)[pri:0, instance:testTicketWeb.cheDuiAndCheLiang@3ac3fd8b]" name="addCheLiang" duration-ms="5592" started-at="2015-10-22T21:49:12Z" data-provider="addCheLiang" finished-at="2015-10-22T21:49:18Z">
          <params>
            <param index="0">
              <value>
                <![CDATA[Troy18]]>
              </value>
            </param>
            <param index="1">
              <value>
                <![CDATA[Troy车队]]>
              </value>
            </param>
            <param index="2">
              <value>
                <![CDATA[大巴]]>
              </value>
            </param>
            <param index="3">
              <value>
                <![CDATA[Troy]]>
              </value>
            </param>
            <param index="4">
              <value>
                <![CDATA[18627802681]]>
              </value>
            </param>
            <param index="5">
              <value>
                <![CDATA[65]]>
              </value>
            </param>
            <param index="6">
              <value>
                <![CDATA[60]]>
              </value>
            </param>
            <param index="7">
              <value>
                <![CDATA[5]]>
              </value>
            </param>
            <param index="8">
              <value>
                <![CDATA[鄂A12362]]>
              </value>
            </param>
            <param index="9">
              <value>
                <![CDATA[2014-06]]>
              </value>
            </param>
            <param index="10">
              <value>
                <![CDATA[123473]]>
              </value>
            </param>
            <param index="11">
              <value>
                <![CDATA[奔驰]]>
              </value>
            </param>
          </params>
          <reporter-output>
          </reporter-output>
        </test-method> <!-- addCheLiang -->
        <test-method status="PASS" signature="tearDown()[pri:0, instance:testTicketWeb.cheDuiAndCheLiang@3ac3fd8b]" name="tearDown" is-config="true" duration-ms="1592" started-at="2015-10-22T21:49:18Z" finished-at="2015-10-22T21:49:19Z">
          <reporter-output>
          </reporter-output>
        </test-method> <!-- tearDown -->
      </class> <!-- testTicketWeb.cheDuiAndCheLiang -->
    </test> <!-- Default test -->
  </suite> <!-- Default suite -->
</testng-results>
