<?xml version="1.0" encoding="UTF-8"?>
<testng-results skipped="0" failed="0" total="2" passed="2">
  <reporter-output>
  </reporter-output>
  <suite name="Default suite" duration-ms="38243" started-at="2015-07-01T15:51:45Z" finished-at="2015-07-01T15:52:24Z">
    <groups>
    </groups>
    <test name="Default test" duration-ms="38243" started-at="2015-07-01T15:51:45Z" finished-at="2015-07-01T15:52:24Z">
      <class name="autotest.appautotest.test2">
        <test-method status="PASS" signature="setUp()[pri:0, instance:autotest.appautotest.test2@1e643faf]" name="setUp" is-config="true" duration-ms="7826" started-at="2015-07-01T23:51:45Z" finished-at="2015-07-01T23:51:53Z">
          <reporter-output>
          </reporter-output>
        </test-method> <!-- setUp -->
        <test-method status="PASS" signature="baidu(java.lang.String)[pri:0, instance:autotest.appautotest.test2@1e643faf]" name="baidu" duration-ms="16940" started-at="2015-07-01T23:51:53Z" data-provider="input" finished-at="2015-07-01T23:52:10Z">
          <params>
            <param index="0">
              <value>
                <![CDATA[ceshi]]>
              </value>
            </param>
          </params>
          <reporter-output>
          </reporter-output>
        </test-method> <!-- baidu -->
        <test-method status="PASS" signature="baidu(java.lang.String)[pri:0, instance:autotest.appautotest.test2@1e643faf]" name="baidu" duration-ms="10988" started-at="2015-07-01T23:52:10Z" data-provider="input" finished-at="2015-07-01T23:52:21Z">
          <params>
            <param index="0">
              <value>
                <![CDATA[kaifa]]>
              </value>
            </param>
          </params>
          <reporter-output>
          </reporter-output>
        </test-method> <!-- baidu -->
        <test-method status="PASS" signature="tearDown()[pri:0, instance:autotest.appautotest.test2@1e643faf]" name="tearDown" is-config="true" duration-ms="2257" started-at="2015-07-01T23:52:21Z" finished-at="2015-07-01T23:52:24Z">
          <reporter-output>
          </reporter-output>
        </test-method> <!-- tearDown -->
      </class> <!-- autotest.appautotest.test2 -->
    </test> <!-- Default test -->
  </suite> <!-- Default suite -->
</testng-results>
