<?xml version="1.0" encoding="UTF-8"?>
<testng-results skipped="0" failed="1" total="9" passed="8">
  <reporter-output>
    <line>
      <![CDATA[/Users/wangxun/Documents/workspace/java/appautotest/failTestCaseScreenShot/20151109-112958-304_test005login.png]]>
    </line>
    <line>
      <![CDATA[<img src="..//Users/wangxun/Documents/workspace/java/appautotest/failTestCaseScreenShot/20151109-112958-304_test005login.png"/>]]>
    </line>
  </reporter-output>
  <suite name="Default suite" duration-ms="51731" started-at="2015-11-09T03:29:19Z" finished-at="2015-11-09T03:30:10Z">
    <groups>
    </groups>
    <test name="Default test" duration-ms="51731" started-at="2015-11-09T03:29:19Z" finished-at="2015-11-09T03:30:10Z">
      <class name="testTicketWeb.qiChe">
        <test-method status="PASS" signature="setUp()[pri:0, instance:testTicketWeb.qiChe@4411d970]" name="setUp" is-config="true" duration-ms="5443" started-at="2015-11-09T11:29:19Z" finished-at="2015-11-09T11:29:24Z">
          <reporter-output>
          </reporter-output>
        </test-method> <!-- setUp -->
        <test-method status="PASS" signature="test000login()[pri:0, instance:testTicketWeb.qiChe@4411d970]" name="test000login" duration-ms="5875" started-at="2015-11-09T11:29:24Z" finished-at="2015-11-09T11:29:30Z">
          <reporter-output>
          </reporter-output>
        </test-method> <!-- test000login -->
        <test-method status="PASS" signature="test003login()[pri:0, instance:testTicketWeb.qiChe@4411d970]" name="test003login" duration-ms="1" started-at="2015-11-09T11:29:30Z" finished-at="2015-11-09T11:29:30Z">
          <reporter-output>
          </reporter-output>
        </test-method> <!-- test003login -->
        <test-method status="PASS" signature="test004login()[pri:0, instance:testTicketWeb.qiChe@4411d970]" name="test004login" duration-ms="5" started-at="2015-11-09T11:29:30Z" finished-at="2015-11-09T11:29:30Z">
          <reporter-output>
          </reporter-output>
        </test-method> <!-- test004login -->
        <test-method status="FAIL" signature="test005login()[pri:0, instance:testTicketWeb.qiChe@4411d970]" name="test005login" duration-ms="24361" started-at="2015-11-09T11:29:30Z" finished-at="2015-11-09T11:29:54Z">
          <exception class="java.lang.AssertionError">
            <message>
              <![CDATA[Don't find the 登录输入框 element on the 登录页 page.]]>
            </message>
            <full-stacktrace>
              <![CDATA[java.lang.AssertionError: Don't find the 登录输入框 element on the 登录页 page.
	at org.testng.Assert.fail(Assert.java:94)
	at core.UI.waitDisplay(UI.java:138)
	at core.UI.waitDisplay(UI.java:121)
	at initial.piaoWuWebTest.enterHomePage(piaoWuWebTest.java:13)
	at testTicketWeb.qiChe.test005login(qiChe.java:68)
	at sun.reflect.NativeMethodAccessorImpl.invoke0(Native Method)
	at sun.reflect.NativeMethodAccessorImpl.invoke(NativeMethodAccessorImpl.java:62)
	at sun.reflect.DelegatingMethodAccessorImpl.invoke(DelegatingMethodAccessorImpl.java:43)
	at java.lang.reflect.Method.invoke(Method.java:483)
	at org.testng.internal.MethodInvocationHelper.invokeMethod(MethodInvocationHelper.java:85)
	at org.testng.internal.Invoker.invokeMethod(Invoker.java:659)
	at org.testng.internal.Invoker.invokeTestMethod(Invoker.java:845)
	at org.testng.internal.Invoker.invokeTestMethods(Invoker.java:1153)
	at org.testng.internal.TestMethodWorker.invokeTestMethods(TestMethodWorker.java:125)
	at org.testng.internal.TestMethodWorker.run(TestMethodWorker.java:108)
	at org.testng.TestRunner.privateRun(TestRunner.java:771)
	at org.testng.TestRunner.run(TestRunner.java:621)
	at org.testng.SuiteRunner.runTest(SuiteRunner.java:357)
	at org.testng.SuiteRunner.runSequentially(SuiteRunner.java:352)
	at org.testng.SuiteRunner.privateRun(SuiteRunner.java:310)
	at org.testng.SuiteRunner.run(SuiteRunner.java:259)
	at org.testng.SuiteRunnerWorker.runSuite(SuiteRunnerWorker.java:52)
	at org.testng.SuiteRunnerWorker.run(SuiteRunnerWorker.java:86)
	at org.testng.TestNG.runSuitesSequentially(TestNG.java:1199)
	at org.testng.TestNG.runSuitesLocally(TestNG.java:1124)
	at org.testng.TestNG.run(TestNG.java:1032)
	at org.testng.remote.RemoteTestNG.run(RemoteTestNG.java:111)
	at org.testng.remote.RemoteTestNG.initAndRun(RemoteTestNG.java:204)
	at org.testng.remote.RemoteTestNG.main(RemoteTestNG.java:175)
]]>
            </full-stacktrace>
          </exception> <!-- java.lang.AssertionError -->
          <reporter-output>
            <line>
              <![CDATA[/Users/wangxun/Documents/workspace/java/appautotest/failTestCaseScreenShot/20151109-112958-304_test005login.png]]>
            </line>
            <line>
              <![CDATA[<img src="..//Users/wangxun/Documents/workspace/java/appautotest/failTestCaseScreenShot/20151109-112958-304_test005login.png"/>]]>
            </line>
          </reporter-output>
        </test-method> <!-- test005login -->
        <test-method status="PASS" signature="test006login()[pri:0, instance:testTicketWeb.qiChe@4411d970]" name="test006login" duration-ms="1" started-at="2015-11-09T11:29:58Z" finished-at="2015-11-09T11:29:58Z">
          <reporter-output>
          </reporter-output>
        </test-method> <!-- test006login -->
        <test-method status="PASS" signature="tearDown()[pri:0, instance:testTicketWeb.qiChe@4411d970]" name="tearDown" is-config="true" duration-ms="1081" started-at="2015-11-09T11:29:58Z" finished-at="2015-11-09T11:29:59Z">
          <reporter-output>
          </reporter-output>
        </test-method> <!-- tearDown -->
      </class> <!-- testTicketWeb.qiChe -->
      <class name="testTicketWeb.baShi">
        <test-method status="PASS" signature="setUp()[pri:0, instance:testTicketWeb.baShi@3d8c7aca]" name="setUp" is-config="true" duration-ms="3662" started-at="2015-11-09T11:29:59Z" finished-at="2015-11-09T11:30:03Z">
          <reporter-output>
          </reporter-output>
        </test-method> <!-- setUp -->
        <test-method status="PASS" signature="test000login()[pri:0, instance:testTicketWeb.baShi@3d8c7aca]" name="test000login" duration-ms="6578" started-at="2015-11-09T11:30:03Z" finished-at="2015-11-09T11:30:09Z">
          <reporter-output>
          </reporter-output>
        </test-method> <!-- test000login -->
        <test-method status="PASS" signature="test002login()[pri:0, instance:testTicketWeb.baShi@3d8c7aca]" name="test002login" duration-ms="2" started-at="2015-11-09T11:30:09Z" finished-at="2015-11-09T11:30:09Z">
          <reporter-output>
          </reporter-output>
        </test-method> <!-- test002login -->
        <test-method status="PASS" signature="test003login()[pri:0, instance:testTicketWeb.baShi@3d8c7aca]" name="test003login" duration-ms="5" started-at="2015-11-09T11:30:09Z" finished-at="2015-11-09T11:30:09Z">
          <reporter-output>
          </reporter-output>
        </test-method> <!-- test003login -->
        <test-method status="PASS" signature="test004login()[pri:0, instance:testTicketWeb.baShi@3d8c7aca]" name="test004login" duration-ms="1" started-at="2015-11-09T11:30:09Z" finished-at="2015-11-09T11:30:09Z">
          <reporter-output>
          </reporter-output>
        </test-method> <!-- test004login -->
        <test-method status="PASS" signature="tearDown()[pri:0, instance:testTicketWeb.baShi@3d8c7aca]" name="tearDown" is-config="true" duration-ms="978" started-at="2015-11-09T11:30:09Z" finished-at="2015-11-09T11:30:10Z">
          <reporter-output>
          </reporter-output>
        </test-method> <!-- tearDown -->
      </class> <!-- testTicketWeb.baShi -->
    </test> <!-- Default test -->
  </suite> <!-- Default suite -->
</testng-results>
