<?xml version="1.0" encoding="UTF-8"?>
<testng-results skipped="0" failed="0" total="1" passed="1">
  <reporter-output>
  </reporter-output>
  <suite name="Default suite" duration-ms="71319" started-at="2015-07-03T17:10:14Z" finished-at="2015-07-03T17:11:26Z">
    <groups>
    </groups>
    <test name="Default test" duration-ms="71319" started-at="2015-07-03T17:10:14Z" finished-at="2015-07-03T17:11:26Z">
      <class name="autotest.appautotest.test1">
        <test-method status="PASS" signature="setUp()[pri:0, instance:autotest.appautotest.test1@fba3c49]" name="setUp" is-config="true" duration-ms="25680" started-at="2015-07-04T01:10:14Z" finished-at="2015-07-04T01:10:40Z">
          <reporter-output>
          </reporter-output>
        </test-method> <!-- setUp -->
        <test-method status="PASS" signature="addContact()[pri:0, instance:autotest.appautotest.test1@fba3c49]" name="addContact" duration-ms="43252" started-at="2015-07-04T01:10:40Z" finished-at="2015-07-04T01:11:23Z">
          <reporter-output>
          </reporter-output>
        </test-method> <!-- addContact -->
        <test-method status="PASS" signature="tearDown()[pri:0, instance:autotest.appautotest.test1@fba3c49]" name="tearDown" is-config="true" duration-ms="2366" started-at="2015-07-04T01:11:23Z" finished-at="2015-07-04T01:11:26Z">
          <reporter-output>
          </reporter-output>
        </test-method> <!-- tearDown -->
      </class> <!-- autotest.appautotest.test1 -->
    </test> <!-- Default test -->
  </suite> <!-- Default suite -->
</testng-results>
