<?xml version="1.0" encoding="UTF-8"?>
<testng-results skipped="0" failed="0" total="1" passed="1">
  <reporter-output>
  </reporter-output>
  <suite name="Default suite" duration-ms="18210" started-at="2015-08-26T10:17:16Z" finished-at="2015-08-26T10:17:34Z">
    <groups>
    </groups>
    <test name="Default test" duration-ms="18210" started-at="2015-08-26T10:17:16Z" finished-at="2015-08-26T10:17:34Z">
      <class name="autotest.appautotest.testweb">
        <test-method status="PASS" signature="setUp()[pri:0, instance:autotest.appautotest.testweb@3c649bb0]" name="setUp" is-config="true" duration-ms="2117" started-at="2015-08-26T18:17:16Z" finished-at="2015-08-26T18:17:18Z">
          <reporter-output>
          </reporter-output>
        </test-method> <!-- setUp -->
        <test-method status="PASS" signature="test()[pri:0, instance:autotest.appautotest.testweb@3c649bb0]" name="test" duration-ms="13857" started-at="2015-08-26T18:17:18Z" finished-at="2015-08-26T18:17:32Z">
          <reporter-output>
          </reporter-output>
        </test-method> <!-- test -->
        <test-method status="PASS" signature="tearDown()[pri:0, instance:autotest.appautotest.testweb@3c649bb0]" name="tearDown" is-config="true" duration-ms="2221" started-at="2015-08-26T18:17:32Z" finished-at="2015-08-26T18:17:34Z">
          <reporter-output>
          </reporter-output>
        </test-method> <!-- tearDown -->
      </class> <!-- autotest.appautotest.testweb -->
    </test> <!-- Default test -->
  </suite> <!-- Default suite -->
</testng-results>
