<?xml version="1.0" encoding="UTF-8"?>
<testng-results skipped="0" failed="0" total="3" passed="3">
  <reporter-output>
  </reporter-output>
  <suite name="Default suite" duration-ms="140659" started-at="2015-09-24T09:53:25Z" finished-at="2015-09-24T09:55:46Z">
    <groups>
    </groups>
    <test name="Default test" duration-ms="140659" started-at="2015-09-24T09:53:25Z" finished-at="2015-09-24T09:55:46Z">
      <class name="autotest.appautotest.testpiaowuandroid">
        <test-method status="PASS" signature="test()[pri:0, instance:autotest.appautotest.testpiaowuandroid@73244d80]" name="test" is-config="true" duration-ms="23453" started-at="2015-09-24T17:53:25Z" finished-at="2015-09-24T17:53:49Z">
          <reporter-output>
          </reporter-output>
        </test-method> <!-- test -->
        <test-method status="PASS" signature="enterMainPage()[pri:0, instance:autotest.appautotest.testpiaowuandroid@73244d80]" name="enterMainPage" duration-ms="17836" started-at="2015-09-24T17:53:49Z" finished-at="2015-09-24T17:54:06Z">
          <reporter-output>
          </reporter-output>
        </test-method> <!-- enterMainPage -->
        <test-method status="PASS" signature="tearDown()[pri:0, instance:autotest.appautotest.testpiaowuandroid@73244d80]" name="tearDown" is-config="true" duration-ms="2549" started-at="2015-09-24T17:54:06Z" finished-at="2015-09-24T17:54:09Z">
          <reporter-output>
          </reporter-output>
        </test-method> <!-- tearDown -->
        <test-method status="PASS" signature="test()[pri:0, instance:autotest.appautotest.testpiaowuandroid@73244d80]" name="test" is-config="true" duration-ms="16467" started-at="2015-09-24T17:54:09Z" finished-at="2015-09-24T17:54:25Z">
          <reporter-output>
          </reporter-output>
        </test-method> <!-- test -->
        <test-method status="PASS" signature="login()[pri:0, instance:autotest.appautotest.testpiaowuandroid@73244d80]" name="login" duration-ms="32443" started-at="2015-09-24T17:54:25Z" finished-at="2015-09-24T17:54:58Z">
          <reporter-output>
          </reporter-output>
        </test-method> <!-- login -->
        <test-method status="PASS" signature="tearDown()[pri:0, instance:autotest.appautotest.testpiaowuandroid@73244d80]" name="tearDown" is-config="true" duration-ms="2573" started-at="2015-09-24T17:54:58Z" finished-at="2015-09-24T17:55:00Z">
          <reporter-output>
          </reporter-output>
        </test-method> <!-- tearDown -->
        <test-method status="PASS" signature="test()[pri:0, instance:autotest.appautotest.testpiaowuandroid@73244d80]" name="test" is-config="true" duration-ms="23475" started-at="2015-09-24T17:55:00Z" finished-at="2015-09-24T17:55:24Z">
          <reporter-output>
          </reporter-output>
        </test-method> <!-- test -->
        <test-method status="PASS" signature="searchzz()[pri:0, instance:autotest.appautotest.testpiaowuandroid@73244d80]" name="searchzz" duration-ms="19237" started-at="2015-09-24T17:55:24Z" finished-at="2015-09-24T17:55:43Z">
          <reporter-output>
          </reporter-output>
        </test-method> <!-- searchzz -->
        <test-method status="PASS" signature="tearDown()[pri:0, instance:autotest.appautotest.testpiaowuandroid@73244d80]" name="tearDown" is-config="true" duration-ms="2606" started-at="2015-09-24T17:55:43Z" finished-at="2015-09-24T17:55:46Z">
          <reporter-output>
          </reporter-output>
        </test-method> <!-- tearDown -->
      </class> <!-- autotest.appautotest.testpiaowuandroid -->
    </test> <!-- Default test -->
  </suite> <!-- Default suite -->
</testng-results>
