<?xml version="1.0" encoding="UTF-8"?>
<testng-results skipped="0" failed="6" total="6" passed="0">
  <reporter-output>
  </reporter-output>
  <suite name="Default suite" duration-ms="6002" started-at="2015-10-18T08:37:15Z" finished-at="2015-10-18T08:37:21Z">
    <groups>
    </groups>
    <test name="Default test" duration-ms="6002" started-at="2015-10-18T08:37:15Z" finished-at="2015-10-18T08:37:21Z">
      <class name="testTicketWeb.qiChe">
        <test-method status="PASS" signature="setUp()[pri:0, instance:testTicketWeb.qiChe@3ac3fd8b]" name="setUp" is-config="true" duration-ms="3209" started-at="2015-10-18T16:37:15Z" finished-at="2015-10-18T16:37:18Z">
          <reporter-output>
          </reporter-output>
        </test-method> <!-- setUp -->
        <test-method status="FAIL" signature="test004addQiCheZhan(java.lang.String, java.lang.String, java.lang.String, java.lang.String, java.lang.String, java.lang.String, java.lang.String, java.lang.String, java.lang.String, java.lang.String)[pri:0, instance:testTicketWeb.qiChe@3ac3fd8b]" name="test004addQiCheZhan" duration-ms="10" started-at="2015-10-18T16:37:18Z" data-provider="addqichezhan" finished-at="2015-10-18T16:37:18Z">
          <params>
            <param index="0">
              <value>
                <![CDATA[武汉市武昌区中山路519号]]>
              </value>
            </param>
            <param index="1">
              <value>
                <![CDATA[宏基客运站]]>
              </value>
            </param>
            <param index="2">
              <value>
                <![CDATA[hongjikeyunzhan]]>
              </value>
            </param>
            <param index="3">
              <value>
                <![CDATA[114.323837]]>
              </value>
            </param>
            <param index="4">
              <value>
                <![CDATA[30.539449]]>
              </value>
            </param>
            <param index="5">
              <value>
                <![CDATA[903]]>
              </value>
            </param>
            <param index="6">
              <value>
                <![CDATA[02788074966]]>
              </value>
            </param>
            <param index="7">
              <value>
                <![CDATA[7:00]]>
              </value>
            </param>
            <param index="8">
              <value>
                <![CDATA[21:00]]>
              </value>
            </param>
            <param index="9">
              <value>
                <![CDATA[武汉]]>
              </value>
            </param>
          </params>
          <exception class="java.lang.NullPointerException">
            <message>
              <![CDATA[null value in entry: url=null]]>
            </message>
            <full-stacktrace>
              <![CDATA[java.lang.NullPointerException: null value in entry: url=null
	at com.google.common.collect.CollectPreconditions.checkEntryNotNull(CollectPreconditions.java:33)
	at com.google.common.collect.SingletonImmutableBiMap.<init>(SingletonImmutableBiMap.java:39)
	at com.google.common.collect.ImmutableBiMap.of(ImmutableBiMap.java:57)
	at com.google.common.collect.ImmutableMap.of(ImmutableMap.java:80)
	at org.openqa.selenium.remote.RemoteWebDriver.get(RemoteWebDriver.java:306)
	at base.WebApp.get(WebApp.java:25)
	at initial.piaoWuWebTest.enterHomePage(piaoWuWebTest.java:15)
	at testTicketWeb.qiChe.test004addQiCheZhan(qiChe.java:49)
	at sun.reflect.NativeMethodAccessorImpl.invoke0(Native Method)
	at sun.reflect.NativeMethodAccessorImpl.invoke(Unknown Source)
	at sun.reflect.DelegatingMethodAccessorImpl.invoke(Unknown Source)
	at java.lang.reflect.Method.invoke(Unknown Source)
	at org.testng.internal.MethodInvocationHelper.invokeMethod(MethodInvocationHelper.java:85)
	at org.testng.internal.Invoker.invokeMethod(Invoker.java:659)
	at org.testng.internal.Invoker.invokeTestMethod(Invoker.java:845)
	at org.testng.internal.Invoker.invokeTestMethods(Invoker.java:1153)
	at org.testng.internal.TestMethodWorker.invokeTestMethods(TestMethodWorker.java:125)
	at org.testng.internal.TestMethodWorker.run(TestMethodWorker.java:108)
	at org.testng.TestRunner.privateRun(TestRunner.java:771)
	at org.testng.TestRunner.run(TestRunner.java:621)
	at org.testng.SuiteRunner.runTest(SuiteRunner.java:357)
	at org.testng.SuiteRunner.runSequentially(SuiteRunner.java:352)
	at org.testng.SuiteRunner.privateRun(SuiteRunner.java:310)
	at org.testng.SuiteRunner.run(SuiteRunner.java:259)
	at org.testng.SuiteRunnerWorker.runSuite(SuiteRunnerWorker.java:52)
	at org.testng.SuiteRunnerWorker.run(SuiteRunnerWorker.java:86)
	at org.testng.TestNG.runSuitesSequentially(TestNG.java:1199)
	at org.testng.TestNG.runSuitesLocally(TestNG.java:1124)
	at org.testng.TestNG.run(TestNG.java:1032)
	at org.testng.remote.RemoteTestNG.run(RemoteTestNG.java:111)
	at org.testng.remote.RemoteTestNG.initAndRun(RemoteTestNG.java:204)
	at org.testng.remote.RemoteTestNG.main(RemoteTestNG.java:175)
]]>
            </full-stacktrace>
          </exception> <!-- java.lang.NullPointerException -->
          <reporter-output>
          </reporter-output>
        </test-method> <!-- test004addQiCheZhan -->
        <test-method status="FAIL" signature="test004addQiCheZhan(java.lang.String, java.lang.String, java.lang.String, java.lang.String, java.lang.String, java.lang.String, java.lang.String, java.lang.String, java.lang.String, java.lang.String)[pri:0, instance:testTicketWeb.qiChe@3ac3fd8b]" name="test004addQiCheZhan" duration-ms="1" started-at="2015-10-18T16:37:18Z" data-provider="addqichezhan" finished-at="2015-10-18T16:37:18Z">
          <params>
            <param index="0">
              <value>
                <![CDATA[湖北省武汉市武珞路358号]]>
              </value>
            </param>
            <param index="1">
              <value>
                <![CDATA[傅家坡客运站]]>
              </value>
            </param>
            <param index="2">
              <value>
                <![CDATA[fujiapokeyunzhan]]>
              </value>
            </param>
            <param index="3">
              <value>
                <![CDATA[114.333652]]>
              </value>
            </param>
            <param index="4">
              <value>
                <![CDATA[30.541762]]>
              </value>
            </param>
            <param index="5">
              <value>
                <![CDATA[555]]>
              </value>
            </param>
            <param index="6">
              <value>
                <![CDATA[02796513]]>
              </value>
            </param>
            <param index="7">
              <value>
                <![CDATA[7:00]]>
              </value>
            </param>
            <param index="8">
              <value>
                <![CDATA[21:00]]>
              </value>
            </param>
            <param index="9">
              <value>
                <![CDATA[武汉]]>
              </value>
            </param>
          </params>
          <exception class="java.lang.NullPointerException">
            <message>
              <![CDATA[null value in entry: url=null]]>
            </message>
            <full-stacktrace>
              <![CDATA[java.lang.NullPointerException: null value in entry: url=null
	at com.google.common.collect.CollectPreconditions.checkEntryNotNull(CollectPreconditions.java:33)
	at com.google.common.collect.SingletonImmutableBiMap.<init>(SingletonImmutableBiMap.java:39)
	at com.google.common.collect.ImmutableBiMap.of(ImmutableBiMap.java:57)
	at com.google.common.collect.ImmutableMap.of(ImmutableMap.java:80)
	at org.openqa.selenium.remote.RemoteWebDriver.get(RemoteWebDriver.java:306)
	at base.WebApp.get(WebApp.java:25)
	at initial.piaoWuWebTest.enterHomePage(piaoWuWebTest.java:15)
	at testTicketWeb.qiChe.test004addQiCheZhan(qiChe.java:49)
	at sun.reflect.NativeMethodAccessorImpl.invoke0(Native Method)
	at sun.reflect.NativeMethodAccessorImpl.invoke(Unknown Source)
	at sun.reflect.DelegatingMethodAccessorImpl.invoke(Unknown Source)
	at java.lang.reflect.Method.invoke(Unknown Source)
	at org.testng.internal.MethodInvocationHelper.invokeMethod(MethodInvocationHelper.java:85)
	at org.testng.internal.Invoker.invokeMethod(Invoker.java:659)
	at org.testng.internal.Invoker.invokeTestMethod(Invoker.java:845)
	at org.testng.internal.Invoker.invokeTestMethods(Invoker.java:1153)
	at org.testng.internal.TestMethodWorker.invokeTestMethods(TestMethodWorker.java:125)
	at org.testng.internal.TestMethodWorker.run(TestMethodWorker.java:108)
	at org.testng.TestRunner.privateRun(TestRunner.java:771)
	at org.testng.TestRunner.run(TestRunner.java:621)
	at org.testng.SuiteRunner.runTest(SuiteRunner.java:357)
	at org.testng.SuiteRunner.runSequentially(SuiteRunner.java:352)
	at org.testng.SuiteRunner.privateRun(SuiteRunner.java:310)
	at org.testng.SuiteRunner.run(SuiteRunner.java:259)
	at org.testng.SuiteRunnerWorker.runSuite(SuiteRunnerWorker.java:52)
	at org.testng.SuiteRunnerWorker.run(SuiteRunnerWorker.java:86)
	at org.testng.TestNG.runSuitesSequentially(TestNG.java:1199)
	at org.testng.TestNG.runSuitesLocally(TestNG.java:1124)
	at org.testng.TestNG.run(TestNG.java:1032)
	at org.testng.remote.RemoteTestNG.run(RemoteTestNG.java:111)
	at org.testng.remote.RemoteTestNG.initAndRun(RemoteTestNG.java:204)
	at org.testng.remote.RemoteTestNG.main(RemoteTestNG.java:175)
]]>
            </full-stacktrace>
          </exception> <!-- java.lang.NullPointerException -->
          <reporter-output>
          </reporter-output>
        </test-method> <!-- test004addQiCheZhan -->
        <test-method status="FAIL" signature="test004addQiCheZhan(java.lang.String, java.lang.String, java.lang.String, java.lang.String, java.lang.String, java.lang.String, java.lang.String, java.lang.String, java.lang.String, java.lang.String)[pri:0, instance:testTicketWeb.qiChe@3ac3fd8b]" name="test004addQiCheZhan" duration-ms="2" started-at="2015-10-18T16:37:18Z" data-provider="addqichezhan" finished-at="2015-10-18T16:37:18Z">
          <params>
            <param index="0">
              <value>
                <![CDATA[咸宁市贺胜路264号]]>
              </value>
            </param>
            <param index="1">
              <value>
                <![CDATA[咸宁市温泉中心客运站]]>
              </value>
            </param>
            <param index="2">
              <value>
                <![CDATA[xiangningshiwenquanzhongxinkeyunzhan]]>
              </value>
            </param>
            <param index="3">
              <value>
                <![CDATA[114.353536]]>
              </value>
            </param>
            <param index="4">
              <value>
                <![CDATA[29.852981]]>
              </value>
            </param>
            <param index="5">
              <value>
                <![CDATA[6]]>
              </value>
            </param>
            <param index="6">
              <value>
                <![CDATA[07158137708]]>
              </value>
            </param>
            <param index="7">
              <value>
                <![CDATA[7:00]]>
              </value>
            </param>
            <param index="8">
              <value>
                <![CDATA[21:00]]>
              </value>
            </param>
            <param index="9">
              <value>
                <![CDATA[咸宁]]>
              </value>
            </param>
          </params>
          <exception class="java.lang.NullPointerException">
            <message>
              <![CDATA[null value in entry: url=null]]>
            </message>
            <full-stacktrace>
              <![CDATA[java.lang.NullPointerException: null value in entry: url=null
	at com.google.common.collect.CollectPreconditions.checkEntryNotNull(CollectPreconditions.java:33)
	at com.google.common.collect.SingletonImmutableBiMap.<init>(SingletonImmutableBiMap.java:39)
	at com.google.common.collect.ImmutableBiMap.of(ImmutableBiMap.java:57)
	at com.google.common.collect.ImmutableMap.of(ImmutableMap.java:80)
	at org.openqa.selenium.remote.RemoteWebDriver.get(RemoteWebDriver.java:306)
	at base.WebApp.get(WebApp.java:25)
	at initial.piaoWuWebTest.enterHomePage(piaoWuWebTest.java:15)
	at testTicketWeb.qiChe.test004addQiCheZhan(qiChe.java:49)
	at sun.reflect.NativeMethodAccessorImpl.invoke0(Native Method)
	at sun.reflect.NativeMethodAccessorImpl.invoke(Unknown Source)
	at sun.reflect.DelegatingMethodAccessorImpl.invoke(Unknown Source)
	at java.lang.reflect.Method.invoke(Unknown Source)
	at org.testng.internal.MethodInvocationHelper.invokeMethod(MethodInvocationHelper.java:85)
	at org.testng.internal.Invoker.invokeMethod(Invoker.java:659)
	at org.testng.internal.Invoker.invokeTestMethod(Invoker.java:845)
	at org.testng.internal.Invoker.invokeTestMethods(Invoker.java:1153)
	at org.testng.internal.TestMethodWorker.invokeTestMethods(TestMethodWorker.java:125)
	at org.testng.internal.TestMethodWorker.run(TestMethodWorker.java:108)
	at org.testng.TestRunner.privateRun(TestRunner.java:771)
	at org.testng.TestRunner.run(TestRunner.java:621)
	at org.testng.SuiteRunner.runTest(SuiteRunner.java:357)
	at org.testng.SuiteRunner.runSequentially(SuiteRunner.java:352)
	at org.testng.SuiteRunner.privateRun(SuiteRunner.java:310)
	at org.testng.SuiteRunner.run(SuiteRunner.java:259)
	at org.testng.SuiteRunnerWorker.runSuite(SuiteRunnerWorker.java:52)
	at org.testng.SuiteRunnerWorker.run(SuiteRunnerWorker.java:86)
	at org.testng.TestNG.runSuitesSequentially(TestNG.java:1199)
	at org.testng.TestNG.runSuitesLocally(TestNG.java:1124)
	at org.testng.TestNG.run(TestNG.java:1032)
	at org.testng.remote.RemoteTestNG.run(RemoteTestNG.java:111)
	at org.testng.remote.RemoteTestNG.initAndRun(RemoteTestNG.java:204)
	at org.testng.remote.RemoteTestNG.main(RemoteTestNG.java:175)
]]>
            </full-stacktrace>
          </exception> <!-- java.lang.NullPointerException -->
          <reporter-output>
          </reporter-output>
        </test-method> <!-- test004addQiCheZhan -->
        <test-method status="FAIL" signature="test004addQiCheZhan(java.lang.String, java.lang.String, java.lang.String, java.lang.String, java.lang.String, java.lang.String, java.lang.String, java.lang.String, java.lang.String, java.lang.String)[pri:0, instance:testTicketWeb.qiChe@3ac3fd8b]" name="test004addQiCheZhan" duration-ms="4" started-at="2015-10-18T16:37:18Z" data-provider="addqichezhan" finished-at="2015-10-18T16:37:18Z">
          <params>
            <param index="0">
              <value>
                <![CDATA[咸宁市通山县通羊镇南市路23号]]>
              </value>
            </param>
            <param index="1">
              <value>
                <![CDATA[咸宁市通山汽车站]]>
              </value>
            </param>
            <param index="2">
              <value>
                <![CDATA[xianningshitongshanqichezhan]]>
              </value>
            </param>
            <param index="3">
              <value>
                <![CDATA[114.490728]]>
              </value>
            </param>
            <param index="4">
              <value>
                <![CDATA[29.618874]]>
              </value>
            </param>
            <param index="5">
              <value>
                <![CDATA[2]]>
              </value>
            </param>
            <param index="6">
              <value>
                <![CDATA[07152395741]]>
              </value>
            </param>
            <param index="7">
              <value>
                <![CDATA[7:00]]>
              </value>
            </param>
            <param index="8">
              <value>
                <![CDATA[21:00]]>
              </value>
            </param>
            <param index="9">
              <value>
                <![CDATA[咸宁]]>
              </value>
            </param>
          </params>
          <exception class="java.lang.NullPointerException">
            <message>
              <![CDATA[null value in entry: url=null]]>
            </message>
            <full-stacktrace>
              <![CDATA[java.lang.NullPointerException: null value in entry: url=null
	at com.google.common.collect.CollectPreconditions.checkEntryNotNull(CollectPreconditions.java:33)
	at com.google.common.collect.SingletonImmutableBiMap.<init>(SingletonImmutableBiMap.java:39)
	at com.google.common.collect.ImmutableBiMap.of(ImmutableBiMap.java:57)
	at com.google.common.collect.ImmutableMap.of(ImmutableMap.java:80)
	at org.openqa.selenium.remote.RemoteWebDriver.get(RemoteWebDriver.java:306)
	at base.WebApp.get(WebApp.java:25)
	at initial.piaoWuWebTest.enterHomePage(piaoWuWebTest.java:15)
	at testTicketWeb.qiChe.test004addQiCheZhan(qiChe.java:49)
	at sun.reflect.NativeMethodAccessorImpl.invoke0(Native Method)
	at sun.reflect.NativeMethodAccessorImpl.invoke(Unknown Source)
	at sun.reflect.DelegatingMethodAccessorImpl.invoke(Unknown Source)
	at java.lang.reflect.Method.invoke(Unknown Source)
	at org.testng.internal.MethodInvocationHelper.invokeMethod(MethodInvocationHelper.java:85)
	at org.testng.internal.Invoker.invokeMethod(Invoker.java:659)
	at org.testng.internal.Invoker.invokeTestMethod(Invoker.java:845)
	at org.testng.internal.Invoker.invokeTestMethods(Invoker.java:1153)
	at org.testng.internal.TestMethodWorker.invokeTestMethods(TestMethodWorker.java:125)
	at org.testng.internal.TestMethodWorker.run(TestMethodWorker.java:108)
	at org.testng.TestRunner.privateRun(TestRunner.java:771)
	at org.testng.TestRunner.run(TestRunner.java:621)
	at org.testng.SuiteRunner.runTest(SuiteRunner.java:357)
	at org.testng.SuiteRunner.runSequentially(SuiteRunner.java:352)
	at org.testng.SuiteRunner.privateRun(SuiteRunner.java:310)
	at org.testng.SuiteRunner.run(SuiteRunner.java:259)
	at org.testng.SuiteRunnerWorker.runSuite(SuiteRunnerWorker.java:52)
	at org.testng.SuiteRunnerWorker.run(SuiteRunnerWorker.java:86)
	at org.testng.TestNG.runSuitesSequentially(TestNG.java:1199)
	at org.testng.TestNG.runSuitesLocally(TestNG.java:1124)
	at org.testng.TestNG.run(TestNG.java:1032)
	at org.testng.remote.RemoteTestNG.run(RemoteTestNG.java:111)
	at org.testng.remote.RemoteTestNG.initAndRun(RemoteTestNG.java:204)
	at org.testng.remote.RemoteTestNG.main(RemoteTestNG.java:175)
]]>
            </full-stacktrace>
          </exception> <!-- java.lang.NullPointerException -->
          <reporter-output>
          </reporter-output>
        </test-method> <!-- test004addQiCheZhan -->
        <test-method status="FAIL" signature="test004addQiCheZhan(java.lang.String, java.lang.String, java.lang.String, java.lang.String, java.lang.String, java.lang.String, java.lang.String, java.lang.String, java.lang.String, java.lang.String)[pri:0, instance:testTicketWeb.qiChe@3ac3fd8b]" name="test004addQiCheZhan" duration-ms="9" started-at="2015-10-18T16:37:18Z" data-provider="addqichezhan" finished-at="2015-10-18T16:37:18Z">
          <params>
            <param index="0">
              <value>
                <![CDATA[南山南头商业步行街E1(劳动大厦对面)]]>
              </value>
            </param>
            <param index="1">
              <value>
                <![CDATA[南山汽车站]]>
              </value>
            </param>
            <param index="2">
              <value>
                <![CDATA[nanshanqichezhan]]>
              </value>
            </param>
            <param index="3">
              <value>
                <![CDATA[113.920202]]>
              </value>
            </param>
            <param index="4">
              <value>
                <![CDATA[22.548785]]>
              </value>
            </param>
            <param index="5">
              <value>
                <![CDATA[2]]>
              </value>
            </param>
            <param index="6">
              <value>
                <![CDATA[075586003177]]>
              </value>
            </param>
            <param index="7">
              <value>
                <![CDATA[7:00]]>
              </value>
            </param>
            <param index="8">
              <value>
                <![CDATA[21:00]]>
              </value>
            </param>
            <param index="9">
              <value>
                <![CDATA[深圳]]>
              </value>
            </param>
          </params>
          <exception class="java.lang.NullPointerException">
            <message>
              <![CDATA[null value in entry: url=null]]>
            </message>
            <full-stacktrace>
              <![CDATA[java.lang.NullPointerException: null value in entry: url=null
	at com.google.common.collect.CollectPreconditions.checkEntryNotNull(CollectPreconditions.java:33)
	at com.google.common.collect.SingletonImmutableBiMap.<init>(SingletonImmutableBiMap.java:39)
	at com.google.common.collect.ImmutableBiMap.of(ImmutableBiMap.java:57)
	at com.google.common.collect.ImmutableMap.of(ImmutableMap.java:80)
	at org.openqa.selenium.remote.RemoteWebDriver.get(RemoteWebDriver.java:306)
	at base.WebApp.get(WebApp.java:25)
	at initial.piaoWuWebTest.enterHomePage(piaoWuWebTest.java:15)
	at testTicketWeb.qiChe.test004addQiCheZhan(qiChe.java:49)
	at sun.reflect.NativeMethodAccessorImpl.invoke0(Native Method)
	at sun.reflect.NativeMethodAccessorImpl.invoke(Unknown Source)
	at sun.reflect.DelegatingMethodAccessorImpl.invoke(Unknown Source)
	at java.lang.reflect.Method.invoke(Unknown Source)
	at org.testng.internal.MethodInvocationHelper.invokeMethod(MethodInvocationHelper.java:85)
	at org.testng.internal.Invoker.invokeMethod(Invoker.java:659)
	at org.testng.internal.Invoker.invokeTestMethod(Invoker.java:845)
	at org.testng.internal.Invoker.invokeTestMethods(Invoker.java:1153)
	at org.testng.internal.TestMethodWorker.invokeTestMethods(TestMethodWorker.java:125)
	at org.testng.internal.TestMethodWorker.run(TestMethodWorker.java:108)
	at org.testng.TestRunner.privateRun(TestRunner.java:771)
	at org.testng.TestRunner.run(TestRunner.java:621)
	at org.testng.SuiteRunner.runTest(SuiteRunner.java:357)
	at org.testng.SuiteRunner.runSequentially(SuiteRunner.java:352)
	at org.testng.SuiteRunner.privateRun(SuiteRunner.java:310)
	at org.testng.SuiteRunner.run(SuiteRunner.java:259)
	at org.testng.SuiteRunnerWorker.runSuite(SuiteRunnerWorker.java:52)
	at org.testng.SuiteRunnerWorker.run(SuiteRunnerWorker.java:86)
	at org.testng.TestNG.runSuitesSequentially(TestNG.java:1199)
	at org.testng.TestNG.runSuitesLocally(TestNG.java:1124)
	at org.testng.TestNG.run(TestNG.java:1032)
	at org.testng.remote.RemoteTestNG.run(RemoteTestNG.java:111)
	at org.testng.remote.RemoteTestNG.initAndRun(RemoteTestNG.java:204)
	at org.testng.remote.RemoteTestNG.main(RemoteTestNG.java:175)
]]>
            </full-stacktrace>
          </exception> <!-- java.lang.NullPointerException -->
          <reporter-output>
          </reporter-output>
        </test-method> <!-- test004addQiCheZhan -->
        <test-method status="FAIL" signature="test004addQiCheZhan(java.lang.String, java.lang.String, java.lang.String, java.lang.String, java.lang.String, java.lang.String, java.lang.String, java.lang.String, java.lang.String, java.lang.String)[pri:0, instance:testTicketWeb.qiChe@3ac3fd8b]" name="test004addQiCheZhan" duration-ms="63" started-at="2015-10-18T16:37:18Z" data-provider="addqichezhan" finished-at="2015-10-18T16:37:18Z">
          <params>
            <param index="0">
              <value>
                <![CDATA[深圳市梅林检查站关口公交站旁]]>
              </value>
            </param>
            <param index="1">
              <value>
                <![CDATA[皇岗汽车站]]>
              </value>
            </param>
            <param index="2">
              <value>
                <![CDATA[huanggangqichezhan]]>
              </value>
            </param>
            <param index="3">
              <value>
                <![CDATA[114.079165]]>
              </value>
            </param>
            <param index="4">
              <value>
                <![CDATA[22.527134]]>
              </value>
            </param>
            <param index="5">
              <value>
                <![CDATA[2]]>
              </value>
            </param>
            <param index="6">
              <value>
                <![CDATA[075583287975]]>
              </value>
            </param>
            <param index="7">
              <value>
                <![CDATA[7:00]]>
              </value>
            </param>
            <param index="8">
              <value>
                <![CDATA[21:00]]>
              </value>
            </param>
            <param index="9">
              <value>
                <![CDATA[深圳]]>
              </value>
            </param>
          </params>
          <exception class="java.lang.NullPointerException">
            <message>
              <![CDATA[null value in entry: url=null]]>
            </message>
            <full-stacktrace>
              <![CDATA[java.lang.NullPointerException: null value in entry: url=null
	at com.google.common.collect.CollectPreconditions.checkEntryNotNull(CollectPreconditions.java:33)
	at com.google.common.collect.SingletonImmutableBiMap.<init>(SingletonImmutableBiMap.java:39)
	at com.google.common.collect.ImmutableBiMap.of(ImmutableBiMap.java:57)
	at com.google.common.collect.ImmutableMap.of(ImmutableMap.java:80)
	at org.openqa.selenium.remote.RemoteWebDriver.get(RemoteWebDriver.java:306)
	at base.WebApp.get(WebApp.java:25)
	at initial.piaoWuWebTest.enterHomePage(piaoWuWebTest.java:15)
	at testTicketWeb.qiChe.test004addQiCheZhan(qiChe.java:49)
	at sun.reflect.NativeMethodAccessorImpl.invoke0(Native Method)
	at sun.reflect.NativeMethodAccessorImpl.invoke(Unknown Source)
	at sun.reflect.DelegatingMethodAccessorImpl.invoke(Unknown Source)
	at java.lang.reflect.Method.invoke(Unknown Source)
	at org.testng.internal.MethodInvocationHelper.invokeMethod(MethodInvocationHelper.java:85)
	at org.testng.internal.Invoker.invokeMethod(Invoker.java:659)
	at org.testng.internal.Invoker.invokeTestMethod(Invoker.java:845)
	at org.testng.internal.Invoker.invokeTestMethods(Invoker.java:1153)
	at org.testng.internal.TestMethodWorker.invokeTestMethods(TestMethodWorker.java:125)
	at org.testng.internal.TestMethodWorker.run(TestMethodWorker.java:108)
	at org.testng.TestRunner.privateRun(TestRunner.java:771)
	at org.testng.TestRunner.run(TestRunner.java:621)
	at org.testng.SuiteRunner.runTest(SuiteRunner.java:357)
	at org.testng.SuiteRunner.runSequentially(SuiteRunner.java:352)
	at org.testng.SuiteRunner.privateRun(SuiteRunner.java:310)
	at org.testng.SuiteRunner.run(SuiteRunner.java:259)
	at org.testng.SuiteRunnerWorker.runSuite(SuiteRunnerWorker.java:52)
	at org.testng.SuiteRunnerWorker.run(SuiteRunnerWorker.java:86)
	at org.testng.TestNG.runSuitesSequentially(TestNG.java:1199)
	at org.testng.TestNG.runSuitesLocally(TestNG.java:1124)
	at org.testng.TestNG.run(TestNG.java:1032)
	at org.testng.remote.RemoteTestNG.run(RemoteTestNG.java:111)
	at org.testng.remote.RemoteTestNG.initAndRun(RemoteTestNG.java:204)
	at org.testng.remote.RemoteTestNG.main(RemoteTestNG.java:175)
]]>
            </full-stacktrace>
          </exception> <!-- java.lang.NullPointerException -->
          <reporter-output>
          </reporter-output>
        </test-method> <!-- test004addQiCheZhan -->
        <test-method status="PASS" signature="tearDown()[pri:0, instance:testTicketWeb.qiChe@3ac3fd8b]" name="tearDown" is-config="true" duration-ms="2345" started-at="2015-10-18T16:37:18Z" finished-at="2015-10-18T16:37:21Z">
          <reporter-output>
          </reporter-output>
        </test-method> <!-- tearDown -->
      </class> <!-- testTicketWeb.qiChe -->
    </test> <!-- Default test -->
  </suite> <!-- Default suite -->
</testng-results>
