<?xml version="1.0" encoding="UTF-8"?>
<testng-results skipped="0" failed="1" total="1" passed="0">
  <reporter-output>
  </reporter-output>
  <suite name="Default suite" duration-ms="90232" started-at="2015-09-30T02:05:49Z" finished-at="2015-09-30T02:07:19Z">
    <groups>
    </groups>
    <test name="Default test" duration-ms="90232" started-at="2015-09-30T02:05:49Z" finished-at="2015-09-30T02:07:19Z">
      <class name="autotest.appautotest.testa">
        <test-method status="PASS" signature="setUp()[pri:0, instance:autotest.appautotest.testa@48dd7c33]" name="setUp" is-config="true" duration-ms="24419" started-at="2015-09-30T10:05:49Z" finished-at="2015-09-30T10:06:13Z">
          <reporter-output>
          </reporter-output>
        </test-method> <!-- setUp -->
        <test-method status="FAIL" signature="login()[pri:0, instance:autotest.appautotest.testa@48dd7c33]" name="login" duration-ms="60725" started-at="2015-09-30T10:06:13Z" finished-at="2015-09-30T10:07:14Z">
          <exception class="java.lang.AssertionError">
            <message>
              <![CDATA[expected [登录33] but found [登录]]]>
            </message>
            <full-stacktrace>
              <![CDATA[java.lang.AssertionError: expected [登录33] but found [登录]
	at org.testng.Assert.fail(Assert.java:94)
	at org.testng.Assert.failNotEquals(Assert.java:496)
	at org.testng.Assert.assertEquals(Assert.java:125)
	at org.testng.Assert.assertEquals(Assert.java:178)
	at org.testng.Assert.assertEquals(Assert.java:188)
	at core.UI.assertEquals(UI.java:41)
	at base.AndroidApp.runTestCase(AndroidApp.java:474)
	at autotest.appautotest.testa.login(testa.java:56)
	at sun.reflect.NativeMethodAccessorImpl.invoke0(Native Method)
	at sun.reflect.NativeMethodAccessorImpl.invoke(Unknown Source)
	at sun.reflect.DelegatingMethodAccessorImpl.invoke(Unknown Source)
	at java.lang.reflect.Method.invoke(Unknown Source)
	at org.testng.internal.MethodInvocationHelper.invokeMethod(MethodInvocationHelper.java:85)
	at org.testng.internal.Invoker.invokeMethod(Invoker.java:659)
	at org.testng.internal.Invoker.invokeTestMethod(Invoker.java:845)
	at org.testng.internal.Invoker.invokeTestMethods(Invoker.java:1153)
	at org.testng.internal.TestMethodWorker.invokeTestMethods(TestMethodWorker.java:125)
	at org.testng.internal.TestMethodWorker.run(TestMethodWorker.java:108)
	at org.testng.TestRunner.privateRun(TestRunner.java:771)
	at org.testng.TestRunner.run(TestRunner.java:621)
	at org.testng.SuiteRunner.runTest(SuiteRunner.java:357)
	at org.testng.SuiteRunner.runSequentially(SuiteRunner.java:352)
	at org.testng.SuiteRunner.privateRun(SuiteRunner.java:310)
	at org.testng.SuiteRunner.run(SuiteRunner.java:259)
	at org.testng.SuiteRunnerWorker.runSuite(SuiteRunnerWorker.java:52)
	at org.testng.SuiteRunnerWorker.run(SuiteRunnerWorker.java:86)
	at org.testng.TestNG.runSuitesSequentially(TestNG.java:1199)
	at org.testng.TestNG.runSuitesLocally(TestNG.java:1124)
	at org.testng.TestNG.run(TestNG.java:1032)
	at org.testng.remote.RemoteTestNG.run(RemoteTestNG.java:111)
	at org.testng.remote.RemoteTestNG.initAndRun(RemoteTestNG.java:204)
	at org.testng.remote.RemoteTestNG.main(RemoteTestNG.java:175)
]]>
            </full-stacktrace>
          </exception> <!-- java.lang.AssertionError -->
          <reporter-output>
          </reporter-output>
        </test-method> <!-- login -->
        <test-method status="PASS" signature="tearDown()[pri:0, instance:autotest.appautotest.testa@48dd7c33]" name="tearDown" is-config="true" duration-ms="5069" started-at="2015-09-30T10:07:14Z" finished-at="2015-09-30T10:07:19Z">
          <reporter-output>
          </reporter-output>
        </test-method> <!-- tearDown -->
      </class> <!-- autotest.appautotest.testa -->
    </test> <!-- Default test -->
  </suite> <!-- Default suite -->
</testng-results>
