<?xml version="1.0" encoding="UTF-8"?>
<testng-results skipped="0" failed="0" total="5" passed="5">
  <reporter-output>
  </reporter-output>
  <suite name="Default suite" duration-ms="19045" started-at="2015-10-09T16:06:35Z" finished-at="2015-10-09T16:06:54Z">
    <groups>
    </groups>
    <test name="Default test" duration-ms="19045" started-at="2015-10-09T16:06:35Z" finished-at="2015-10-09T16:06:54Z">
      <class name="autotest.appautotest.testweb">
        <test-method status="PASS" signature="setUp()[pri:0, instance:autotest.appautotest.testweb@6e8dacdf]" name="setUp" is-config="true" duration-ms="2265" started-at="2015-10-10T00:06:35Z" finished-at="2015-10-10T00:06:37Z">
          <reporter-output>
          </reporter-output>
        </test-method> <!-- setUp -->
        <test-method status="PASS" signature="test(java.lang.String, java.lang.String, java.lang.String, java.lang.String)[pri:0, instance:autotest.appautotest.testweb@6e8dacdf]" name="test" duration-ms="12246" started-at="2015-10-10T00:06:38Z" data-provider="dataprovider1" finished-at="2015-10-10T00:06:50Z">
          <params>
            <param index="0">
              <value>
                <![CDATA[张三1]]>
              </value>
            </param>
            <param index="1">
              <value>
                <![CDATA[123456]]>
              </value>
            </param>
            <param index="2">
              <value>
                <![CDATA[123456]]>
              </value>
            </param>
            <param index="3">
              <value>
                <![CDATA[59853844@qq.com]]>
              </value>
            </param>
          </params>
          <reporter-output>
          </reporter-output>
        </test-method> <!-- test -->
        <test-method status="PASS" signature="test(java.lang.String, java.lang.String, java.lang.String, java.lang.String)[pri:0, instance:autotest.appautotest.testweb@6e8dacdf]" name="test" duration-ms="644" started-at="2015-10-10T00:06:50Z" data-provider="dataprovider1" finished-at="2015-10-10T00:06:51Z">
          <params>
            <param index="0">
              <value>
                <![CDATA[张三2]]>
              </value>
            </param>
            <param index="1">
              <value>
                <![CDATA[123456]]>
              </value>
            </param>
            <param index="2">
              <value>
                <![CDATA[123456]]>
              </value>
            </param>
            <param index="3">
              <value>
                <![CDATA[59853844@qq.com]]>
              </value>
            </param>
          </params>
          <reporter-output>
          </reporter-output>
        </test-method> <!-- test -->
        <test-method status="PASS" signature="test(java.lang.String, java.lang.String, java.lang.String, java.lang.String)[pri:0, instance:autotest.appautotest.testweb@6e8dacdf]" name="test" duration-ms="444" started-at="2015-10-10T00:06:51Z" data-provider="dataprovider1" finished-at="2015-10-10T00:06:52Z">
          <params>
            <param index="0">
              <value>
                <![CDATA[张三3]]>
              </value>
            </param>
            <param index="1">
              <value>
                <![CDATA[123456]]>
              </value>
            </param>
            <param index="2">
              <value>
                <![CDATA[123456]]>
              </value>
            </param>
            <param index="3">
              <value>
                <![CDATA[59853844@qq.com]]>
              </value>
            </param>
          </params>
          <reporter-output>
          </reporter-output>
        </test-method> <!-- test -->
        <test-method status="PASS" signature="test(java.lang.String, java.lang.String, java.lang.String, java.lang.String)[pri:0, instance:autotest.appautotest.testweb@6e8dacdf]" name="test" duration-ms="455" started-at="2015-10-10T00:06:52Z" data-provider="dataprovider1" finished-at="2015-10-10T00:06:52Z">
          <params>
            <param index="0">
              <value>
                <![CDATA[张三4]]>
              </value>
            </param>
            <param index="1">
              <value>
                <![CDATA[123456]]>
              </value>
            </param>
            <param index="2">
              <value>
                <![CDATA[123456]]>
              </value>
            </param>
            <param index="3">
              <value>
                <![CDATA[59853844@qq.com3434]]>
              </value>
            </param>
          </params>
          <reporter-output>
          </reporter-output>
        </test-method> <!-- test -->
        <test-method status="PASS" signature="test(java.lang.String, java.lang.String, java.lang.String, java.lang.String)[pri:0, instance:autotest.appautotest.testweb@6e8dacdf]" name="test" duration-ms="508" started-at="2015-10-10T00:06:52Z" data-provider="dataprovider1" finished-at="2015-10-10T00:06:53Z">
          <params>
            <param index="0">
              <value>
                <![CDATA[343]]>
              </value>
            </param>
            <param index="1">
              <value>
                <![CDATA[334]]>
              </value>
            </param>
            <param index="2">
              <value>
                <![CDATA[3434]]>
              </value>
            </param>
            <param index="3">
              <value>
                <![CDATA[3434]]>
              </value>
            </param>
          </params>
          <reporter-output>
          </reporter-output>
        </test-method> <!-- test -->
        <test-method status="PASS" signature="tearDown()[pri:0, instance:autotest.appautotest.testweb@6e8dacdf]" name="tearDown" is-config="true" duration-ms="1585" started-at="2015-10-10T00:06:53Z" finished-at="2015-10-10T00:06:54Z">
          <reporter-output>
          </reporter-output>
        </test-method> <!-- tearDown -->
      </class> <!-- autotest.appautotest.testweb -->
    </test> <!-- Default test -->
  </suite> <!-- Default suite -->
</testng-results>
