<?xml version="1.0" encoding="UTF-8"?>
<testng-results skipped="0" failed="0" total="1" passed="1">
  <reporter-output>
  </reporter-output>
  <suite name="Default suite" duration-ms="49544" started-at="2015-10-24T12:22:36Z" finished-at="2015-10-24T12:23:26Z">
    <groups>
    </groups>
    <test name="Default test" duration-ms="49544" started-at="2015-10-24T12:22:36Z" finished-at="2015-10-24T12:23:26Z">
      <class name="autotest.appautotest.testa">
        <test-method status="PASS" signature="setUp()[pri:0, instance:autotest.appautotest.testa@6a5fc7f7]" name="setUp" is-config="true" duration-ms="16559" started-at="2015-10-24T20:22:36Z" finished-at="2015-10-24T20:22:53Z">
          <reporter-output>
          </reporter-output>
        </test-method> <!-- setUp -->
        <test-method status="PASS" signature="login()[pri:0, instance:autotest.appautotest.testa@6a5fc7f7]" name="login" duration-ms="30031" started-at="2015-10-24T20:22:53Z" finished-at="2015-10-24T20:23:23Z">
          <reporter-output>
          </reporter-output>
        </test-method> <!-- login -->
        <test-method status="PASS" signature="tearDown()[pri:0, instance:autotest.appautotest.testa@6a5fc7f7]" name="tearDown" is-config="true" duration-ms="2934" started-at="2015-10-24T20:23:23Z" finished-at="2015-10-24T20:23:26Z">
          <reporter-output>
          </reporter-output>
        </test-method> <!-- tearDown -->
      </class> <!-- autotest.appautotest.testa -->
    </test> <!-- Default test -->
  </suite> <!-- Default suite -->
</testng-results>
