<?xml version="1.0" encoding="UTF-8"?>
<testng-results skipped="0" failed="0" total="1" passed="1">
  <reporter-output>
  </reporter-output>
  <suite name="Default suite" duration-ms="195264" started-at="2015-10-15T13:32:15Z" finished-at="2015-10-15T13:35:31Z">
    <groups>
    </groups>
    <test name="Default test" duration-ms="195264" started-at="2015-10-15T13:32:15Z" finished-at="2015-10-15T13:35:31Z">
      <class name="autotest.appautotest.testweb">
        <test-method status="PASS" signature="setUp()[pri:0, instance:autotest.appautotest.testweb@3f3afe78]" name="setUp" is-config="true" duration-ms="2609" started-at="2015-10-15T21:32:15Z" finished-at="2015-10-15T21:32:18Z">
          <reporter-output>
          </reporter-output>
        </test-method> <!-- setUp -->
        <test-method status="PASS" signature="editBaShiPiaoJia()[pri:0, instance:autotest.appautotest.testweb@3f3afe78]" name="editBaShiPiaoJia" duration-ms="190894" started-at="2015-10-15T21:32:18Z" finished-at="2015-10-15T21:35:29Z">
          <reporter-output>
          </reporter-output>
        </test-method> <!-- editBaShiPiaoJia -->
        <test-method status="PASS" signature="tearDown()[pri:0, instance:autotest.appautotest.testweb@3f3afe78]" name="tearDown" is-config="true" duration-ms="1739" started-at="2015-10-15T21:35:29Z" finished-at="2015-10-15T21:35:31Z">
          <reporter-output>
          </reporter-output>
        </test-method> <!-- tearDown -->
      </class> <!-- autotest.appautotest.testweb -->
    </test> <!-- Default test -->
  </suite> <!-- Default suite -->
</testng-results>
