<?xml version="1.0" encoding="UTF-8"?>
<testng-results skipped="0" failed="0" total="4" passed="4">
  <reporter-output>
  </reporter-output>
  <suite name="Default suite" duration-ms="30919" started-at="2015-11-11T09:42:19Z" finished-at="2015-11-11T09:42:50Z">
    <groups>
    </groups>
    <test name="Default test" duration-ms="30919" started-at="2015-11-11T09:42:19Z" finished-at="2015-11-11T09:42:50Z">
      <class name="testTicketWeb.baShi">
        <test-method status="PASS" signature="setUp()[pri:0, instance:testTicketWeb.baShi@7c30a502]" name="setUp" is-config="true" duration-ms="2798" started-at="2015-11-11T17:42:19Z" finished-at="2015-11-11T17:42:22Z">
          <reporter-output>
          </reporter-output>
        </test-method> <!-- setUp -->
        <test-method status="PASS" signature="test000login()[pri:0, instance:testTicketWeb.baShi@7c30a502]" name="test000login" duration-ms="25564" started-at="2015-11-11T17:42:22Z" finished-at="2015-11-11T17:42:48Z">
          <reporter-output>
          </reporter-output>
        </test-method> <!-- test000login -->
        <test-method status="PASS" signature="test002login()[pri:0, instance:testTicketWeb.baShi@7c30a502]" name="test002login" duration-ms="1" started-at="2015-11-11T17:42:48Z" finished-at="2015-11-11T17:42:48Z">
          <reporter-output>
          </reporter-output>
        </test-method> <!-- test002login -->
        <test-method status="PASS" signature="test003login()[pri:0, instance:testTicketWeb.baShi@7c30a502]" name="test003login" duration-ms="1" started-at="2015-11-11T17:42:48Z" finished-at="2015-11-11T17:42:48Z">
          <reporter-output>
          </reporter-output>
        </test-method> <!-- test003login -->
        <test-method status="PASS" signature="test004login()[pri:0, instance:testTicketWeb.baShi@7c30a502]" name="test004login" duration-ms="1" started-at="2015-11-11T17:42:48Z" finished-at="2015-11-11T17:42:48Z">
          <reporter-output>
          </reporter-output>
        </test-method> <!-- test004login -->
        <test-method status="PASS" signature="tearDown()[pri:0, instance:testTicketWeb.baShi@7c30a502]" name="tearDown" is-config="true" duration-ms="2528" started-at="2015-11-11T17:42:48Z" finished-at="2015-11-11T17:42:50Z">
          <reporter-output>
          </reporter-output>
        </test-method> <!-- tearDown -->
      </class> <!-- testTicketWeb.baShi -->
    </test> <!-- Default test -->
  </suite> <!-- Default suite -->
</testng-results>
