<?xml version="1.0" encoding="UTF-8"?>
<testng-results skipped="0" failed="0" total="1" passed="1">
  <reporter-output>
  </reporter-output>
  <suite name="Default suite" duration-ms="11547" started-at="2015-10-13T15:28:56Z" finished-at="2015-10-13T15:29:08Z">
    <groups>
    </groups>
    <test name="Default test" duration-ms="11547" started-at="2015-10-13T15:28:56Z" finished-at="2015-10-13T15:29:08Z">
      <class name="autotest.appautotest.testweb">
        <test-method status="PASS" signature="setUp()[pri:0, instance:autotest.appautotest.testweb@3f3afe78]" name="setUp" is-config="true" duration-ms="1518" started-at="2015-10-13T23:28:56Z" finished-at="2015-10-13T23:28:58Z">
          <reporter-output>
          </reporter-output>
        </test-method> <!-- setUp -->
        <test-method status="PASS" signature="addBaShiXianLu(java.lang.String, java.lang.String, java.lang.String, java.lang.String, java.lang.String, java.lang.String, java.lang.String, java.lang.String, java.lang.String)[pri:0, instance:autotest.appautotest.testweb@3f3afe78]" name="addBaShiXianLu" duration-ms="7961" started-at="2015-10-13T23:28:58Z" data-provider="addBaShiXianLu" finished-at="2015-10-13T23:29:06Z">
          <params>
            <param index="0">
              <value>
                <![CDATA[咸宁2路公交]]>
              </value>
            </param>
            <param index="1">
              <value>
                <![CDATA[咸宁]]>
              </value>
            </param>
            <param index="2">
              <value>
                <![CDATA[咸安外贸]]>
              </value>
            </param>
            <param index="3">
              <value>
                <![CDATA[马桥]]>
              </value>
            </param>
            <param index="4">
              <value>
                <![CDATA[30]]>
              </value>
            </param>
            <param index="5">
              <value>
                <![CDATA[50]]>
              </value>
            </param>
            <param index="6">
              <value>
                <![CDATA[45]]>
              </value>
            </param>
            <param index="7">
              <value>
                <![CDATA[5]]>
              </value>
            </param>
            <param index="8">
              <value>
                <![CDATA[2015-10-13]]>
              </value>
            </param>
          </params>
          <reporter-output>
          </reporter-output>
        </test-method> <!-- addBaShiXianLu -->
        <test-method status="PASS" signature="tearDown()[pri:0, instance:autotest.appautotest.testweb@3f3afe78]" name="tearDown" is-config="true" duration-ms="1577" started-at="2015-10-13T23:29:06Z" finished-at="2015-10-13T23:29:08Z">
          <reporter-output>
          </reporter-output>
        </test-method> <!-- tearDown -->
      </class> <!-- autotest.appautotest.testweb -->
    </test> <!-- Default test -->
  </suite> <!-- Default suite -->
</testng-results>
