<?xml version="1.0" encoding="UTF-8"?>
<testng-results skipped="0" failed="0" total="1" passed="1">
  <reporter-output>
  </reporter-output>
  <suite name="Default suite" duration-ms="17758" started-at="2015-10-24T10:06:57Z" finished-at="2015-10-24T10:07:14Z">
    <groups>
    </groups>
    <test name="Default test" duration-ms="17758" started-at="2015-10-24T10:06:57Z" finished-at="2015-10-24T10:07:14Z">
      <class name="testTicketWeb.cheDuiAndCheLiang">
        <test-method status="PASS" signature="setUp()[pri:0, instance:testTicketWeb.cheDuiAndCheLiang@3ac3fd8b]" name="setUp" is-config="true" duration-ms="3578" started-at="2015-10-24T18:06:57Z" finished-at="2015-10-24T18:07:00Z">
          <reporter-output>
          </reporter-output>
        </test-method> <!-- setUp -->
        <test-method status="PASS" signature="addCheDui()[pri:0, instance:testTicketWeb.cheDuiAndCheLiang@3ac3fd8b]" name="addCheDui" duration-ms="12577" started-at="2015-10-24T18:07:00Z" finished-at="2015-10-24T18:07:13Z">
          <reporter-output>
          </reporter-output>
        </test-method> <!-- addCheDui -->
        <test-method status="PASS" signature="tearDown()[pri:0, instance:testTicketWeb.cheDuiAndCheLiang@3ac3fd8b]" name="tearDown" is-config="true" duration-ms="1587" started-at="2015-10-24T18:07:13Z" finished-at="2015-10-24T18:07:14Z">
          <reporter-output>
          </reporter-output>
        </test-method> <!-- tearDown -->
      </class> <!-- testTicketWeb.cheDuiAndCheLiang -->
    </test> <!-- Default test -->
  </suite> <!-- Default suite -->
</testng-results>
