<?xml version="1.0" encoding="UTF-8"?>
<testng-results skipped="0" failed="0" total="12" passed="12">
  <reporter-output>
  </reporter-output>
  <suite name="Default suite" duration-ms="90129" started-at="2015-10-14T05:41:28Z" finished-at="2015-10-14T05:42:58Z">
    <groups>
    </groups>
    <test name="Default test" duration-ms="90129" started-at="2015-10-14T05:41:28Z" finished-at="2015-10-14T05:42:58Z">
      <class name="autotest.appautotest.testweb">
        <test-method status="PASS" signature="setUp()[pri:0, instance:autotest.appautotest.testweb@7a0ac6e3]" name="setUp" is-config="true" duration-ms="2674" started-at="2015-10-14T13:41:28Z" finished-at="2015-10-14T13:41:30Z">
          <reporter-output>
          </reporter-output>
        </test-method> <!-- setUp -->
        <test-method status="PASS" signature="addBaShiLuDuan(java.lang.String, java.lang.String, java.lang.String)[pri:0, instance:autotest.appautotest.testweb@7a0ac6e3]" name="addBaShiLuDuan" duration-ms="16403" started-at="2015-10-14T13:41:31Z" data-provider="addBaShiLuDuan" finished-at="2015-10-14T13:41:47Z">
          <params>
            <param index="0">
              <value>
                <![CDATA[南山]]>
              </value>
            </param>
            <param index="1">
              <value>
                <![CDATA[1]]>
              </value>
            </param>
            <param index="2">
              <value>
                <![CDATA[2]]>
              </value>
            </param>
          </params>
          <reporter-output>
          </reporter-output>
        </test-method> <!-- addBaShiLuDuan -->
        <test-method status="PASS" signature="addBaShiLuDuan(java.lang.String, java.lang.String, java.lang.String)[pri:0, instance:autotest.appautotest.testweb@7a0ac6e3]" name="addBaShiLuDuan" duration-ms="6338" started-at="2015-10-14T13:41:47Z" data-provider="addBaShiLuDuan" finished-at="2015-10-14T13:41:53Z">
          <params>
            <param index="0">
              <value>
                <![CDATA[区交通局]]>
              </value>
            </param>
            <param index="1">
              <value>
                <![CDATA[2]]>
              </value>
            </param>
            <param index="2">
              <value>
                <![CDATA[5]]>
              </value>
            </param>
          </params>
          <reporter-output>
          </reporter-output>
        </test-method> <!-- addBaShiLuDuan -->
        <test-method status="PASS" signature="addBaShiLuDuan(java.lang.String, java.lang.String, java.lang.String)[pri:0, instance:autotest.appautotest.testweb@7a0ac6e3]" name="addBaShiLuDuan" duration-ms="6311" started-at="2015-10-14T13:41:53Z" data-provider="addBaShiLuDuan" finished-at="2015-10-14T13:42:00Z">
          <params>
            <param index="0">
              <value>
                <![CDATA[交警三大队]]>
              </value>
            </param>
            <param index="1">
              <value>
                <![CDATA[4.1]]>
              </value>
            </param>
            <param index="2">
              <value>
                <![CDATA[9]]>
              </value>
            </param>
          </params>
          <reporter-output>
          </reporter-output>
        </test-method> <!-- addBaShiLuDuan -->
        <test-method status="PASS" signature="addBaShiLuDuan(java.lang.String, java.lang.String, java.lang.String)[pri:0, instance:autotest.appautotest.testweb@7a0ac6e3]" name="addBaShiLuDuan" duration-ms="6713" started-at="2015-10-14T13:42:00Z" data-provider="addBaShiLuDuan" finished-at="2015-10-14T13:42:06Z">
          <params>
            <param index="0">
              <value>
                <![CDATA[大畈]]>
              </value>
            </param>
            <param index="1">
              <value>
                <![CDATA[5.1]]>
              </value>
            </param>
            <param index="2">
              <value>
                <![CDATA[12]]>
              </value>
            </param>
          </params>
          <reporter-output>
          </reporter-output>
        </test-method> <!-- addBaShiLuDuan -->
        <test-method status="PASS" signature="addBaShiLuDuan(java.lang.String, java.lang.String, java.lang.String)[pri:0, instance:autotest.appautotest.testweb@7a0ac6e3]" name="addBaShiLuDuan" duration-ms="5627" started-at="2015-10-14T13:42:06Z" data-provider="addBaShiLuDuan" finished-at="2015-10-14T13:42:12Z">
          <params>
            <param index="0">
              <value>
                <![CDATA[区政府]]>
              </value>
            </param>
            <param index="1">
              <value>
                <![CDATA[6.6]]>
              </value>
            </param>
            <param index="2">
              <value>
                <![CDATA[16]]>
              </value>
            </param>
          </params>
          <reporter-output>
          </reporter-output>
        </test-method> <!-- addBaShiLuDuan -->
        <test-method status="PASS" signature="addBaShiLuDuan(java.lang.String, java.lang.String, java.lang.String)[pri:0, instance:autotest.appautotest.testweb@7a0ac6e3]" name="addBaShiLuDuan" duration-ms="5808" started-at="2015-10-14T13:42:12Z" data-provider="addBaShiLuDuan" finished-at="2015-10-14T13:42:18Z">
          <params>
            <param index="0">
              <value>
                <![CDATA[区林业局]]>
              </value>
            </param>
            <param index="1">
              <value>
                <![CDATA[8.8]]>
              </value>
            </param>
            <param index="2">
              <value>
                <![CDATA[21]]>
              </value>
            </param>
          </params>
          <reporter-output>
          </reporter-output>
        </test-method> <!-- addBaShiLuDuan -->
        <test-method status="PASS" signature="addBaShiLuDuan(java.lang.String, java.lang.String, java.lang.String)[pri:0, instance:autotest.appautotest.testweb@7a0ac6e3]" name="addBaShiLuDuan" duration-ms="6296" started-at="2015-10-14T13:42:18Z" data-provider="addBaShiLuDuan" finished-at="2015-10-14T13:42:24Z">
          <params>
            <param index="0">
              <value>
                <![CDATA[黄贩小学]]>
              </value>
            </param>
            <param index="1">
              <value>
                <![CDATA[10.2]]>
              </value>
            </param>
            <param index="2">
              <value>
                <![CDATA[28]]>
              </value>
            </param>
          </params>
          <reporter-output>
          </reporter-output>
        </test-method> <!-- addBaShiLuDuan -->
        <test-method status="PASS" signature="addBaShiLuDuan(java.lang.String, java.lang.String, java.lang.String)[pri:0, instance:autotest.appautotest.testweb@7a0ac6e3]" name="addBaShiLuDuan" duration-ms="7045" started-at="2015-10-14T13:42:24Z" data-provider="addBaShiLuDuan" finished-at="2015-10-14T13:42:31Z">
          <params>
            <param index="0">
              <value>
                <![CDATA[潜山商业街]]>
              </value>
            </param>
            <param index="1">
              <value>
                <![CDATA[13.8]]>
              </value>
            </param>
            <param index="2">
              <value>
                <![CDATA[32]]>
              </value>
            </param>
          </params>
          <reporter-output>
          </reporter-output>
        </test-method> <!-- addBaShiLuDuan -->
        <test-method status="PASS" signature="addBaShiLuDuan(java.lang.String, java.lang.String, java.lang.String)[pri:0, instance:autotest.appautotest.testweb@7a0ac6e3]" name="addBaShiLuDuan" duration-ms="6043" started-at="2015-10-14T13:42:31Z" data-provider="addBaShiLuDuan" finished-at="2015-10-14T13:42:37Z">
          <params>
            <param index="0">
              <value>
                <![CDATA[南岛咖啡]]>
              </value>
            </param>
            <param index="1">
              <value>
                <![CDATA[18]]>
              </value>
            </param>
            <param index="2">
              <value>
                <![CDATA[36]]>
              </value>
            </param>
          </params>
          <reporter-output>
          </reporter-output>
        </test-method> <!-- addBaShiLuDuan -->
        <test-method status="PASS" signature="addBaShiLuDuan(java.lang.String, java.lang.String, java.lang.String)[pri:0, instance:autotest.appautotest.testweb@7a0ac6e3]" name="addBaShiLuDuan" duration-ms="6898" started-at="2015-10-14T13:42:37Z" data-provider="addBaShiLuDuan" finished-at="2015-10-14T13:42:44Z">
          <params>
            <param index="0">
              <value>
                <![CDATA[温泉第一街]]>
              </value>
            </param>
            <param index="1">
              <value>
                <![CDATA[23]]>
              </value>
            </param>
            <param index="2">
              <value>
                <![CDATA[39]]>
              </value>
            </param>
          </params>
          <reporter-output>
          </reporter-output>
        </test-method> <!-- addBaShiLuDuan -->
        <test-method status="PASS" signature="addBaShiLuDuan(java.lang.String, java.lang.String, java.lang.String)[pri:0, instance:autotest.appautotest.testweb@7a0ac6e3]" name="addBaShiLuDuan" duration-ms="6130" started-at="2015-10-14T13:42:44Z" data-provider="addBaShiLuDuan" finished-at="2015-10-14T13:42:50Z">
          <params>
            <param index="0">
              <value>
                <![CDATA[金叶小区]]>
              </value>
            </param>
            <param index="1">
              <value>
                <![CDATA[26]]>
              </value>
            </param>
            <param index="2">
              <value>
                <![CDATA[44]]>
              </value>
            </param>
          </params>
          <reporter-output>
          </reporter-output>
        </test-method> <!-- addBaShiLuDuan -->
        <test-method status="PASS" signature="addBaShiLuDuan(java.lang.String, java.lang.String, java.lang.String)[pri:0, instance:autotest.appautotest.testweb@7a0ac6e3]" name="addBaShiLuDuan" duration-ms="6710" started-at="2015-10-14T13:42:50Z" data-provider="addBaShiLuDuan" finished-at="2015-10-14T13:42:57Z">
          <params>
            <param index="0">
              <value>
                <![CDATA[交警一大队]]>
              </value>
            </param>
            <param index="1">
              <value>
                <![CDATA[28]]>
              </value>
            </param>
            <param index="2">
              <value>
                <![CDATA[47]]>
              </value>
            </param>
          </params>
          <reporter-output>
          </reporter-output>
        </test-method> <!-- addBaShiLuDuan -->
        <test-method status="PASS" signature="tearDown()[pri:0, instance:autotest.appautotest.testweb@7a0ac6e3]" name="tearDown" is-config="true" duration-ms="681" started-at="2015-10-14T13:42:57Z" finished-at="2015-10-14T13:42:58Z">
          <reporter-output>
          </reporter-output>
        </test-method> <!-- tearDown -->
      </class> <!-- autotest.appautotest.testweb -->
    </test> <!-- Default test -->
  </suite> <!-- Default suite -->
</testng-results>
