<?xml version="1.0" encoding="UTF-8"?>
<testng-results skipped="0" failed="0" total="1" passed="1">
  <reporter-output>
  </reporter-output>
  <suite name="Default suite" duration-ms="47065" started-at="2015-10-23T16:25:18Z" finished-at="2015-10-23T16:26:05Z">
    <groups>
    </groups>
    <test name="Default test" duration-ms="47065" started-at="2015-10-23T16:25:18Z" finished-at="2015-10-23T16:26:05Z">
      <class name="autotest.appautotest.testa">
        <test-method status="PASS" signature="setUp()[pri:0, instance:autotest.appautotest.testa@6a5fc7f7]" name="setUp" is-config="true" duration-ms="15697" started-at="2015-10-24T00:25:18Z" finished-at="2015-10-24T00:25:34Z">
          <reporter-output>
          </reporter-output>
        </test-method> <!-- setUp -->
        <test-method status="PASS" signature="login()[pri:0, instance:autotest.appautotest.testa@6a5fc7f7]" name="login" duration-ms="29306" started-at="2015-10-24T00:25:34Z" finished-at="2015-10-24T00:26:03Z">
          <reporter-output>
          </reporter-output>
        </test-method> <!-- login -->
        <test-method status="PASS" signature="tearDown()[pri:0, instance:autotest.appautotest.testa@6a5fc7f7]" name="tearDown" is-config="true" duration-ms="2046" started-at="2015-10-24T00:26:03Z" finished-at="2015-10-24T00:26:05Z">
          <reporter-output>
          </reporter-output>
        </test-method> <!-- tearDown -->
      </class> <!-- autotest.appautotest.testa -->
    </test> <!-- Default test -->
  </suite> <!-- Default suite -->
</testng-results>
