<?xml version="1.0" encoding="UTF-8"?>
<testng-results skipped="0" failed="0" total="6" passed="6">
  <reporter-output>
  </reporter-output>
  <suite name="Default suite" duration-ms="101516" started-at="2015-10-13T03:27:30Z" finished-at="2015-10-13T03:29:11Z">
    <groups>
    </groups>
    <test name="Default test" duration-ms="101516" started-at="2015-10-13T03:27:30Z" finished-at="2015-10-13T03:29:11Z">
      <class name="autotest.appautotest.testweb">
        <test-method status="PASS" signature="setUp()[pri:0, instance:autotest.appautotest.testweb@3def3b56]" name="setUp" is-config="true" duration-ms="2266" started-at="2015-10-13T11:27:30Z" finished-at="2015-10-13T11:27:32Z">
          <reporter-output>
          </reporter-output>
        </test-method> <!-- setUp -->
        <test-method status="PASS" signature="test(java.lang.String, java.lang.String, java.lang.String, java.lang.String, java.lang.String, java.lang.String, java.lang.String, java.lang.String, java.lang.String, java.lang.String)[pri:0, instance:autotest.appautotest.testweb@3def3b56]" name="test" duration-ms="30237" started-at="2015-10-13T11:27:33Z" data-provider="addqichezhan" finished-at="2015-10-13T11:28:03Z">
          <params>
            <param index="0">
              <value>
                <![CDATA[武汉市武昌区中山路519号]]>
              </value>
            </param>
            <param index="1">
              <value>
                <![CDATA[宏基客运站]]>
              </value>
            </param>
            <param index="2">
              <value>
                <![CDATA[hongjikeyunzhan]]>
              </value>
            </param>
            <param index="3">
              <value>
                <![CDATA[114.324]]>
              </value>
            </param>
            <param index="4">
              <value>
                <![CDATA[30.539]]>
              </value>
            </param>
            <param index="5">
              <value>
                <![CDATA[903]]>
              </value>
            </param>
            <param index="6">
              <value>
                <![CDATA[02788074966]]>
              </value>
            </param>
            <param index="7">
              <value>
                <![CDATA[7:00]]>
              </value>
            </param>
            <param index="8">
              <value>
                <![CDATA[21:00]]>
              </value>
            </param>
            <param index="9">
              <value>
                <![CDATA[武汉]]>
              </value>
            </param>
          </params>
          <reporter-output>
          </reporter-output>
        </test-method> <!-- test -->
        <test-method status="PASS" signature="test(java.lang.String, java.lang.String, java.lang.String, java.lang.String, java.lang.String, java.lang.String, java.lang.String, java.lang.String, java.lang.String, java.lang.String)[pri:0, instance:autotest.appautotest.testweb@3def3b56]" name="test" duration-ms="13233" started-at="2015-10-13T11:28:03Z" data-provider="addqichezhan" finished-at="2015-10-13T11:28:16Z">
          <params>
            <param index="0">
              <value>
                <![CDATA[湖北省武汉市武珞路358号]]>
              </value>
            </param>
            <param index="1">
              <value>
                <![CDATA[傅家坡客运站]]>
              </value>
            </param>
            <param index="2">
              <value>
                <![CDATA[fujiapokeyunzhan]]>
              </value>
            </param>
            <param index="3">
              <value>
                <![CDATA[114.334]]>
              </value>
            </param>
            <param index="4">
              <value>
                <![CDATA[30.542]]>
              </value>
            </param>
            <param index="5">
              <value>
                <![CDATA[555]]>
              </value>
            </param>
            <param index="6">
              <value>
                <![CDATA[02796513]]>
              </value>
            </param>
            <param index="7">
              <value>
                <![CDATA[7:00]]>
              </value>
            </param>
            <param index="8">
              <value>
                <![CDATA[21:00]]>
              </value>
            </param>
            <param index="9">
              <value>
                <![CDATA[武汉]]>
              </value>
            </param>
          </params>
          <reporter-output>
          </reporter-output>
        </test-method> <!-- test -->
        <test-method status="PASS" signature="test(java.lang.String, java.lang.String, java.lang.String, java.lang.String, java.lang.String, java.lang.String, java.lang.String, java.lang.String, java.lang.String, java.lang.String)[pri:0, instance:autotest.appautotest.testweb@3def3b56]" name="test" duration-ms="13046" started-at="2015-10-13T11:28:16Z" data-provider="addqichezhan" finished-at="2015-10-13T11:28:29Z">
          <params>
            <param index="0">
              <value>
                <![CDATA[咸宁市贺胜路264号]]>
              </value>
            </param>
            <param index="1">
              <value>
                <![CDATA[咸宁市温泉中心客运站]]>
              </value>
            </param>
            <param index="2">
              <value>
                <![CDATA[xiangningshiwenquanzhongxinkeyunzhan]]>
              </value>
            </param>
            <param index="3">
              <value>
                <![CDATA[114.354]]>
              </value>
            </param>
            <param index="4">
              <value>
                <![CDATA[29.853]]>
              </value>
            </param>
            <param index="5">
              <value>
                <![CDATA[6]]>
              </value>
            </param>
            <param index="6">
              <value>
                <![CDATA[07158137708]]>
              </value>
            </param>
            <param index="7">
              <value>
                <![CDATA[7:00]]>
              </value>
            </param>
            <param index="8">
              <value>
                <![CDATA[21:00]]>
              </value>
            </param>
            <param index="9">
              <value>
                <![CDATA[咸宁]]>
              </value>
            </param>
          </params>
          <reporter-output>
          </reporter-output>
        </test-method> <!-- test -->
        <test-method status="PASS" signature="test(java.lang.String, java.lang.String, java.lang.String, java.lang.String, java.lang.String, java.lang.String, java.lang.String, java.lang.String, java.lang.String, java.lang.String)[pri:0, instance:autotest.appautotest.testweb@3def3b56]" name="test" duration-ms="13450" started-at="2015-10-13T11:28:29Z" data-provider="addqichezhan" finished-at="2015-10-13T11:28:43Z">
          <params>
            <param index="0">
              <value>
                <![CDATA[咸宁市通山县通羊镇南市路23号]]>
              </value>
            </param>
            <param index="1">
              <value>
                <![CDATA[咸宁市通山汽车站]]>
              </value>
            </param>
            <param index="2">
              <value>
                <![CDATA[xianningshitongshanqichezhan]]>
              </value>
            </param>
            <param index="3">
              <value>
                <![CDATA[114.491]]>
              </value>
            </param>
            <param index="4">
              <value>
                <![CDATA[29.619]]>
              </value>
            </param>
            <param index="5">
              <value>
                <![CDATA[2]]>
              </value>
            </param>
            <param index="6">
              <value>
                <![CDATA[07152395741]]>
              </value>
            </param>
            <param index="7">
              <value>
                <![CDATA[7:00]]>
              </value>
            </param>
            <param index="8">
              <value>
                <![CDATA[21:00]]>
              </value>
            </param>
            <param index="9">
              <value>
                <![CDATA[咸宁]]>
              </value>
            </param>
          </params>
          <reporter-output>
          </reporter-output>
        </test-method> <!-- test -->
        <test-method status="PASS" signature="test(java.lang.String, java.lang.String, java.lang.String, java.lang.String, java.lang.String, java.lang.String, java.lang.String, java.lang.String, java.lang.String, java.lang.String)[pri:0, instance:autotest.appautotest.testweb@3def3b56]" name="test" duration-ms="13548" started-at="2015-10-13T11:28:43Z" data-provider="addqichezhan" finished-at="2015-10-13T11:28:56Z">
          <params>
            <param index="0">
              <value>
                <![CDATA[南山南头商业步行街E1(劳动大厦对面)]]>
              </value>
            </param>
            <param index="1">
              <value>
                <![CDATA[南山汽车站]]>
              </value>
            </param>
            <param index="2">
              <value>
                <![CDATA[nanshanqichezhan]]>
              </value>
            </param>
            <param index="3">
              <value>
                <![CDATA[113.92]]>
              </value>
            </param>
            <param index="4">
              <value>
                <![CDATA[22.549]]>
              </value>
            </param>
            <param index="5">
              <value>
                <![CDATA[2]]>
              </value>
            </param>
            <param index="6">
              <value>
                <![CDATA[075586003177]]>
              </value>
            </param>
            <param index="7">
              <value>
                <![CDATA[7:00]]>
              </value>
            </param>
            <param index="8">
              <value>
                <![CDATA[21:00]]>
              </value>
            </param>
            <param index="9">
              <value>
                <![CDATA[深圳]]>
              </value>
            </param>
          </params>
          <reporter-output>
          </reporter-output>
        </test-method> <!-- test -->
        <test-method status="PASS" signature="test(java.lang.String, java.lang.String, java.lang.String, java.lang.String, java.lang.String, java.lang.String, java.lang.String, java.lang.String, java.lang.String, java.lang.String)[pri:0, instance:autotest.appautotest.testweb@3def3b56]" name="test" duration-ms="12936" started-at="2015-10-13T11:28:56Z" data-provider="addqichezhan" finished-at="2015-10-13T11:29:09Z">
          <params>
            <param index="0">
              <value>
                <![CDATA[深圳市梅林检查站关口公交站旁]]>
              </value>
            </param>
            <param index="1">
              <value>
                <![CDATA[皇岗汽车站]]>
              </value>
            </param>
            <param index="2">
              <value>
                <![CDATA[huanggangqichezhan]]>
              </value>
            </param>
            <param index="3">
              <value>
                <![CDATA[114.079]]>
              </value>
            </param>
            <param index="4">
              <value>
                <![CDATA[22.527]]>
              </value>
            </param>
            <param index="5">
              <value>
                <![CDATA[2]]>
              </value>
            </param>
            <param index="6">
              <value>
                <![CDATA[075583287975]]>
              </value>
            </param>
            <param index="7">
              <value>
                <![CDATA[7:00]]>
              </value>
            </param>
            <param index="8">
              <value>
                <![CDATA[21:00]]>
              </value>
            </param>
            <param index="9">
              <value>
                <![CDATA[深圳]]>
              </value>
            </param>
          </params>
          <reporter-output>
          </reporter-output>
        </test-method> <!-- test -->
        <test-method status="PASS" signature="tearDown()[pri:0, instance:autotest.appautotest.testweb@3def3b56]" name="tearDown" is-config="true" duration-ms="2321" started-at="2015-10-13T11:29:09Z" finished-at="2015-10-13T11:29:11Z">
          <reporter-output>
          </reporter-output>
        </test-method> <!-- tearDown -->
      </class> <!-- autotest.appautotest.testweb -->
    </test> <!-- Default test -->
  </suite> <!-- Default suite -->
</testng-results>
