<?xml version="1.0" encoding="UTF-8"?>
<testng-results skipped="0" failed="1" total="10" passed="9">
  <reporter-output>
    <line>
      <![CDATA[F:\workspace\java\appautotest/failTestCaseScreenShot/20151110-234755-759_test005login.png]]>
    </line>
    <line>
      <![CDATA[<img src="../F:\workspace\java\appautotest/failTestCaseScreenShot/20151110-234755-759_test005login.png"/>]]>
    </line>
  </reporter-output>
  <suite name="Default suite" duration-ms="195115" started-at="2015-11-10T15:45:51Z" finished-at="2015-11-10T15:49:06Z">
    <groups>
    </groups>
    <test name="Default test" duration-ms="195115" started-at="2015-11-10T15:45:51Z" finished-at="2015-11-10T15:49:06Z">
      <class name="testTicketWeb.qiChe">
        <test-method status="PASS" signature="setUp()[pri:0, instance:testTicketWeb.qiChe@7a79be86]" name="setUp" is-config="true" duration-ms="2539" started-at="2015-11-10T23:45:51Z" finished-at="2015-11-10T23:45:53Z">
          <reporter-output>
          </reporter-output>
        </test-method> <!-- setUp -->
        <test-method status="PASS" signature="test000login()[pri:0, instance:testTicketWeb.qiChe@7a79be86]" name="test000login" duration-ms="91330" started-at="2015-11-10T23:45:53Z" finished-at="2015-11-10T23:47:25Z">
          <reporter-output>
          </reporter-output>
        </test-method> <!-- test000login -->
        <test-method status="PASS" signature="test003login()[pri:0, instance:testTicketWeb.qiChe@7a79be86]" name="test003login" duration-ms="1" started-at="2015-11-10T23:47:25Z" finished-at="2015-11-10T23:47:25Z">
          <reporter-output>
          </reporter-output>
        </test-method> <!-- test003login -->
        <test-method status="PASS" signature="test004login()[pri:0, instance:testTicketWeb.qiChe@7a79be86]" name="test004login" duration-ms="0" started-at="2015-11-10T23:47:25Z" finished-at="2015-11-10T23:47:25Z">
          <reporter-output>
          </reporter-output>
        </test-method> <!-- test004login -->
        <test-method status="FAIL" signature="test005login()[pri:0, instance:testTicketWeb.qiChe@7a79be86]" name="test005login" duration-ms="27161" started-at="2015-11-10T23:47:25Z" finished-at="2015-11-10T23:47:52Z">
          <exception class="java.lang.AssertionError">
            <message>
              <![CDATA[Don't find the µÇÂ¼ÊäÈë¿ò element on the µÇÂ¼Ò³ page.]]>
            </message>
            <full-stacktrace>
              <![CDATA[java.lang.AssertionError: Don't find the µÇÂ¼ÊäÈë¿ò element on the µÇÂ¼Ò³ page.
	at org.testng.Assert.fail(Assert.java:94)
	at core.UI.waitDisplay(UI.java:138)
	at core.UI.waitDisplay(UI.java:121)
	at initial.piaoWuWebTest.enterHomePage(piaoWuWebTest.java:13)
	at testTicketWeb.qiChe.test005login(qiChe.java:65)
	at sun.reflect.NativeMethodAccessorImpl.invoke0(Native Method)
	at sun.reflect.NativeMethodAccessorImpl.invoke(Unknown Source)
	at sun.reflect.DelegatingMethodAccessorImpl.invoke(Unknown Source)
	at java.lang.reflect.Method.invoke(Unknown Source)
	at org.testng.internal.MethodInvocationHelper.invokeMethod(MethodInvocationHelper.java:85)
	at org.testng.internal.Invoker.invokeMethod(Invoker.java:659)
	at org.testng.internal.Invoker.invokeTestMethod(Invoker.java:845)
	at org.testng.internal.Invoker.invokeTestMethods(Invoker.java:1153)
	at org.testng.internal.TestMethodWorker.invokeTestMethods(TestMethodWorker.java:125)
	at org.testng.internal.TestMethodWorker.run(TestMethodWorker.java:108)
	at org.testng.TestRunner.privateRun(TestRunner.java:771)
	at org.testng.TestRunner.run(TestRunner.java:621)
	at org.testng.SuiteRunner.runTest(SuiteRunner.java:357)
	at org.testng.SuiteRunner.runSequentially(SuiteRunner.java:352)
	at org.testng.SuiteRunner.privateRun(SuiteRunner.java:310)
	at org.testng.SuiteRunner.run(SuiteRunner.java:259)
	at org.testng.SuiteRunnerWorker.runSuite(SuiteRunnerWorker.java:52)
	at org.testng.SuiteRunnerWorker.run(SuiteRunnerWorker.java:86)
	at org.testng.TestNG.runSuitesSequentially(TestNG.java:1199)
	at org.testng.TestNG.runSuitesLocally(TestNG.java:1124)
	at org.testng.TestNG.run(TestNG.java:1032)
	at org.testng.remote.RemoteTestNG.run(RemoteTestNG.java:111)
	at org.testng.remote.RemoteTestNG.initAndRun(RemoteTestNG.java:204)
	at org.testng.remote.RemoteTestNG.main(RemoteTestNG.java:175)
]]>
            </full-stacktrace>
          </exception> <!-- java.lang.AssertionError -->
          <reporter-output>
            <line>
              <![CDATA[F:\workspace\java\appautotest/failTestCaseScreenShot/20151110-234755-759_test005login.png]]>
            </line>
            <line>
              <![CDATA[<img src="../F:\workspace\java\appautotest/failTestCaseScreenShot/20151110-234755-759_test005login.png"/>]]>
            </line>
          </reporter-output>
        </test-method> <!-- test005login -->
        <test-method status="PASS" signature="test006login()[pri:0, instance:testTicketWeb.qiChe@7a79be86]" name="test006login" duration-ms="1" started-at="2015-11-10T23:47:55Z" finished-at="2015-11-10T23:47:55Z">
          <reporter-output>
          </reporter-output>
        </test-method> <!-- test006login -->
        <test-method status="PASS" signature="test012editQiChePiaoJia()[pri:0, instance:testTicketWeb.qiChe@7a79be86]" name="test012editQiChePiaoJia" duration-ms="32875" started-at="2015-11-10T23:47:55Z" finished-at="2015-11-10T23:48:28Z">
          <reporter-output>
          </reporter-output>
        </test-method> <!-- test012editQiChePiaoJia -->
        <test-method status="PASS" signature="tearDown()[pri:0, instance:testTicketWeb.qiChe@7a79be86]" name="tearDown" is-config="true" duration-ms="1772" started-at="2015-11-10T23:48:28Z" finished-at="2015-11-10T23:48:30Z">
          <reporter-output>
          </reporter-output>
        </test-method> <!-- tearDown -->
      </class> <!-- testTicketWeb.qiChe -->
      <class name="testTicketWeb.baShi">
        <test-method status="PASS" signature="setUp()[pri:0, instance:testTicketWeb.baShi@7e0ea639]" name="setUp" is-config="true" duration-ms="2040" started-at="2015-11-10T23:48:30Z" finished-at="2015-11-10T23:48:32Z">
          <reporter-output>
          </reporter-output>
        </test-method> <!-- setUp -->
        <test-method status="PASS" signature="test000login()[pri:0, instance:testTicketWeb.baShi@7e0ea639]" name="test000login" duration-ms="32408" started-at="2015-11-10T23:48:32Z" finished-at="2015-11-10T23:49:04Z">
          <reporter-output>
          </reporter-output>
        </test-method> <!-- test000login -->
        <test-method status="PASS" signature="test002login()[pri:0, instance:testTicketWeb.baShi@7e0ea639]" name="test002login" duration-ms="2" started-at="2015-11-10T23:49:04Z" finished-at="2015-11-10T23:49:04Z">
          <reporter-output>
          </reporter-output>
        </test-method> <!-- test002login -->
        <test-method status="PASS" signature="test003login()[pri:0, instance:testTicketWeb.baShi@7e0ea639]" name="test003login" duration-ms="0" started-at="2015-11-10T23:49:04Z" finished-at="2015-11-10T23:49:04Z">
          <reporter-output>
          </reporter-output>
        </test-method> <!-- test003login -->
        <test-method status="PASS" signature="test004login()[pri:0, instance:testTicketWeb.baShi@7e0ea639]" name="test004login" duration-ms="1" started-at="2015-11-10T23:49:04Z" finished-at="2015-11-10T23:49:04Z">
          <reporter-output>
          </reporter-output>
        </test-method> <!-- test004login -->
        <test-method status="PASS" signature="tearDown()[pri:0, instance:testTicketWeb.baShi@7e0ea639]" name="tearDown" is-config="true" duration-ms="1678" started-at="2015-11-10T23:49:04Z" finished-at="2015-11-10T23:49:06Z">
          <reporter-output>
          </reporter-output>
        </test-method> <!-- tearDown -->
      </class> <!-- testTicketWeb.baShi -->
    </test> <!-- Default test -->
  </suite> <!-- Default suite -->
</testng-results>
