<?xml version="1.0" encoding="UTF-8"?>
<testng-results skipped="0" failed="0" total="5" passed="5">
  <reporter-output>
  </reporter-output>
  <suite name="Default suite" duration-ms="16092" started-at="2015-11-07T03:36:45Z" finished-at="2015-11-07T03:37:01Z">
    <groups>
    </groups>
    <test name="Default test" duration-ms="16092" started-at="2015-11-07T03:36:45Z" finished-at="2015-11-07T03:37:01Z">
      <class name="testTicketWeb.qiChe">
        <test-method status="PASS" signature="setUp()[pri:0, instance:testTicketWeb.qiChe@6e8dacdf]" name="setUp" is-config="true" duration-ms="3496" started-at="2015-11-07T11:36:45Z" finished-at="2015-11-07T11:36:48Z">
          <reporter-output>
          </reporter-output>
        </test-method> <!-- setUp -->
        <test-method status="PASS" signature="test000login()[pri:0, instance:testTicketWeb.qiChe@6e8dacdf]" name="test000login" duration-ms="10149" started-at="2015-11-07T11:36:48Z" finished-at="2015-11-07T11:36:59Z">
          <reporter-output>
          </reporter-output>
        </test-method> <!-- test000login -->
        <test-method status="PASS" signature="test003login()[pri:0, instance:testTicketWeb.qiChe@6e8dacdf]" name="test003login" duration-ms="0" started-at="2015-11-07T11:36:59Z" finished-at="2015-11-07T11:36:59Z">
          <reporter-output>
          </reporter-output>
        </test-method> <!-- test003login -->
        <test-method status="PASS" signature="test004login()[pri:0, instance:testTicketWeb.qiChe@6e8dacdf]" name="test004login" duration-ms="1" started-at="2015-11-07T11:36:59Z" finished-at="2015-11-07T11:36:59Z">
          <reporter-output>
          </reporter-output>
        </test-method> <!-- test004login -->
        <test-method status="PASS" signature="test005login()[pri:0, instance:testTicketWeb.qiChe@6e8dacdf]" name="test005login" duration-ms="1" started-at="2015-11-07T11:36:59Z" finished-at="2015-11-07T11:36:59Z">
          <reporter-output>
          </reporter-output>
        </test-method> <!-- test005login -->
        <test-method status="PASS" signature="test006login()[pri:0, instance:testTicketWeb.qiChe@6e8dacdf]" name="test006login" duration-ms="1" started-at="2015-11-07T11:36:59Z" finished-at="2015-11-07T11:36:59Z">
          <reporter-output>
          </reporter-output>
        </test-method> <!-- test006login -->
        <test-method status="PASS" signature="tearDown()[pri:0, instance:testTicketWeb.qiChe@6e8dacdf]" name="tearDown" is-config="true" duration-ms="2372" started-at="2015-11-07T11:36:59Z" finished-at="2015-11-07T11:37:01Z">
          <reporter-output>
          </reporter-output>
        </test-method> <!-- tearDown -->
      </class> <!-- testTicketWeb.qiChe -->
    </test> <!-- Default test -->
  </suite> <!-- Default suite -->
</testng-results>
