<?xml version="1.0" encoding="UTF-8"?>
<testng-results skipped="0" failed="0" total="1" passed="1">
  <reporter-output>
  </reporter-output>
  <suite name="Default suite" duration-ms="64614" started-at="2015-10-27T08:11:09Z" finished-at="2015-10-27T08:12:13Z">
    <groups>
    </groups>
    <test name="Default test" duration-ms="64614" started-at="2015-10-27T08:11:09Z" finished-at="2015-10-27T08:12:13Z">
      <class name="NPAndroid.ad">
        <test-method status="PASS" signature="setUp()[pri:0, instance:NPAndroid.ad@3ac3fd8b]" name="setUp" is-config="true" duration-ms="17093" started-at="2015-10-27T16:11:09Z" finished-at="2015-10-27T16:11:26Z">
          <reporter-output>
          </reporter-output>
        </test-method> <!-- setUp -->
        <test-method status="PASS" signature="login()[pri:0, instance:NPAndroid.ad@3ac3fd8b]" name="login" duration-ms="45453" started-at="2015-10-27T16:11:26Z" finished-at="2015-10-27T16:12:11Z">
          <reporter-output>
          </reporter-output>
        </test-method> <!-- login -->
        <test-method status="PASS" signature="tearDown()[pri:0, instance:NPAndroid.ad@3ac3fd8b]" name="tearDown" is-config="true" duration-ms="2053" started-at="2015-10-27T16:12:11Z" finished-at="2015-10-27T16:12:13Z">
          <reporter-output>
          </reporter-output>
        </test-method> <!-- tearDown -->
      </class> <!-- NPAndroid.ad -->
    </test> <!-- Default test -->
  </suite> <!-- Default suite -->
</testng-results>
