<?xml version="1.0" encoding="UTF-8"?>
<testng-results skipped="0" failed="1" total="1" passed="0">
  <reporter-output>
    <line>
      <![CDATA[D:\workplace\java\appautotest/testReport/failScreen/android/20151117-101651-751_login.png]]>
    </line>
    <line>
      <![CDATA[<img src="../D:\workplace\java\appautotest/testReport/failScreen/android/20151117-101651-751_login.png"/>]]>
    </line>
  </reporter-output>
  <suite name="Default suite" duration-ms="100479" started-at="2015-11-17T02:15:13Z" finished-at="2015-11-17T02:16:54Z">
    <groups>
    </groups>
    <test name="Default test" duration-ms="100479" started-at="2015-11-17T02:15:13Z" finished-at="2015-11-17T02:16:54Z">
      <class name="NPAndroid.ad">
        <test-method status="PASS" signature="setUp()[pri:0, instance:NPAndroid.ad@7c75222b]" name="setUp" is-config="true" duration-ms="51399" started-at="2015-11-17T10:15:13Z" finished-at="2015-11-17T10:16:05Z">
          <reporter-output>
          </reporter-output>
        </test-method> <!-- setUp -->
        <test-method status="FAIL" signature="login()[pri:0, instance:NPAndroid.ad@7c75222b]" name="login" duration-ms="41562" started-at="2015-11-17T10:16:05Z" finished-at="2015-11-17T10:16:46Z">
          <exception class="java.lang.AssertionError">
            <message>
              <![CDATA[expected [44] but found [333]]]>
            </message>
            <full-stacktrace>
              <![CDATA[java.lang.AssertionError: expected [44] but found [333]
	at org.testng.Assert.fail(Assert.java:94)
	at org.testng.Assert.failNotEquals(Assert.java:496)
	at org.testng.Assert.assertEquals(Assert.java:125)
	at org.testng.Assert.assertEquals(Assert.java:178)
	at org.testng.Assert.assertEquals(Assert.java:188)
	at core.UI.assertEquals(UI.java:89)
	at NPAndroid.ad.login(ad.java:50)
	at sun.reflect.NativeMethodAccessorImpl.invoke0(Native Method)
	at sun.reflect.NativeMethodAccessorImpl.invoke(Unknown Source)
	at sun.reflect.DelegatingMethodAccessorImpl.invoke(Unknown Source)
	at java.lang.reflect.Method.invoke(Unknown Source)
	at org.testng.internal.MethodInvocationHelper.invokeMethod(MethodInvocationHelper.java:85)
	at org.testng.internal.Invoker.invokeMethod(Invoker.java:659)
	at org.testng.internal.Invoker.invokeTestMethod(Invoker.java:845)
	at org.testng.internal.Invoker.invokeTestMethods(Invoker.java:1153)
	at org.testng.internal.TestMethodWorker.invokeTestMethods(TestMethodWorker.java:125)
	at org.testng.internal.TestMethodWorker.run(TestMethodWorker.java:108)
	at org.testng.TestRunner.privateRun(TestRunner.java:771)
	at org.testng.TestRunner.run(TestRunner.java:621)
	at org.testng.SuiteRunner.runTest(SuiteRunner.java:357)
	at org.testng.SuiteRunner.runSequentially(SuiteRunner.java:352)
	at org.testng.SuiteRunner.privateRun(SuiteRunner.java:310)
	at org.testng.SuiteRunner.run(SuiteRunner.java:259)
	at org.testng.SuiteRunnerWorker.runSuite(SuiteRunnerWorker.java:52)
	at org.testng.SuiteRunnerWorker.run(SuiteRunnerWorker.java:86)
	at org.testng.TestNG.runSuitesSequentially(TestNG.java:1199)
	at org.testng.TestNG.runSuitesLocally(TestNG.java:1124)
	at org.testng.TestNG.run(TestNG.java:1032)
	at org.testng.remote.RemoteTestNG.run(RemoteTestNG.java:111)
	at org.testng.remote.RemoteTestNG.initAndRun(RemoteTestNG.java:204)
	at org.testng.remote.RemoteTestNG.main(RemoteTestNG.java:175)
]]>
            </full-stacktrace>
          </exception> <!-- java.lang.AssertionError -->
          <reporter-output>
            <line>
              <![CDATA[D:\workplace\java\appautotest/testReport/failScreen/android/20151117-101651-751_login.png]]>
            </line>
            <line>
              <![CDATA[<img src="../D:\workplace\java\appautotest/testReport/failScreen/android/20151117-101651-751_login.png"/>]]>
            </line>
          </reporter-output>
        </test-method> <!-- login -->
        <test-method status="PASS" signature="tearDown()[pri:0, instance:NPAndroid.ad@7c75222b]" name="tearDown" is-config="true" duration-ms="2438" started-at="2015-11-17T10:16:51Z" finished-at="2015-11-17T10:16:54Z">
          <reporter-output>
          </reporter-output>
        </test-method> <!-- tearDown -->
      </class> <!-- NPAndroid.ad -->
    </test> <!-- Default test -->
  </suite> <!-- Default suite -->
</testng-results>
