<?xml version="1.0" encoding="UTF-8"?>
<testng-results skipped="0" failed="0" total="1" passed="1">
  <reporter-output>
  </reporter-output>
  <suite name="Default suite" duration-ms="56356" started-at="2015-10-13T13:13:46Z" finished-at="2015-10-13T13:14:42Z">
    <groups>
    </groups>
    <test name="Default test" duration-ms="56356" started-at="2015-10-13T13:13:46Z" finished-at="2015-10-13T13:14:42Z">
      <class name="autotest.appautotest.testweb">
        <test-method status="PASS" signature="setUp()[pri:0, instance:autotest.appautotest.testweb@b171cd1]" name="setUp" is-config="true" duration-ms="2268" started-at="2015-10-13T21:13:46Z" finished-at="2015-10-13T21:13:48Z">
          <reporter-output>
          </reporter-output>
        </test-method> <!-- setUp -->
        <test-method status="PASS" signature="addBaShiStation()[pri:0, instance:autotest.appautotest.testweb@b171cd1]" name="addBaShiStation" duration-ms="52425" started-at="2015-10-13T21:13:48Z" finished-at="2015-10-13T21:14:40Z">
          <reporter-output>
          </reporter-output>
        </test-method> <!-- addBaShiStation -->
        <test-method status="PASS" signature="tearDown()[pri:0, instance:autotest.appautotest.testweb@b171cd1]" name="tearDown" is-config="true" duration-ms="1635" started-at="2015-10-13T21:14:40Z" finished-at="2015-10-13T21:14:42Z">
          <reporter-output>
          </reporter-output>
        </test-method> <!-- tearDown -->
      </class> <!-- autotest.appautotest.testweb -->
    </test> <!-- Default test -->
  </suite> <!-- Default suite -->
</testng-results>
