<?xml version="1.0" encoding="UTF-8"?>
<testng-results skipped="0" failed="1" total="4" passed="3">
  <reporter-output>
    <line>
      <![CDATA[D:\workplace\java\appautotest/failTestCaseScreenShot/20151112-181144-510_test000login.png]]>
    </line>
    <line>
      <![CDATA[<img src="../D:\workplace\java\appautotest/failTestCaseScreenShot/20151112-181144-510_test000login.png"/>]]>
    </line>
  </reporter-output>
  <suite name="Default suite" duration-ms="20716" started-at="2015-11-12T10:11:26Z" finished-at="2015-11-12T10:11:47Z">
    <groups>
    </groups>
    <test name="Default test" duration-ms="20716" started-at="2015-11-12T10:11:26Z" finished-at="2015-11-12T10:11:47Z">
      <class name="testTicketWeb.baShi">
        <test-method status="PASS" signature="setUp()[pri:0, instance:testTicketWeb.baShi@43a25848]" name="setUp" is-config="true" duration-ms="3350" started-at="2015-11-12T18:11:26Z" finished-at="2015-11-12T18:11:29Z">
          <reporter-output>
          </reporter-output>
        </test-method> <!-- setUp -->
        <test-method status="FAIL" signature="test000login()[pri:0, instance:testTicketWeb.baShi@43a25848]" name="test000login" duration-ms="11233" started-at="2015-11-12T18:11:29Z" finished-at="2015-11-12T18:11:41Z">
          <exception class="java.lang.AssertionError">
            <message>
              <![CDATA[Fail to click the 登录 element on the 登录页 page.
org.openqa.selenium.NoSuchElementException: no such element
  (Session info: chrome=44.0.2403.155)
  (Driver info: chromedriver=2.9.248315,platform=Windows NT 6.3 x86_64) (WARNING: The server did not provide any stacktrace information)
Command duration or timeout: 23 milliseconds
For documentation on this error, please visit: http://seleniumhq.org/exceptions/no_such_element.html
Build info: version: '2.46.0', revision: '61506a4624b13675f24581e453592342b7485d71', time: '2015-06-04 10:22:50'
System info: host: 'wangxun', ip: '192.168.232.1', os.name: 'Windows 8.1', os.arch: 'amd64', os.version: '6.3', java.version: '1.8.0_60'
Driver info: org.openqa.selenium.chrome.ChromeDriver
Capabilities [{applicationCacheEnabled=false, rotatable=false, chrome={userDataDir=C:\Users\xun\AppData\Local\Temp\scoped_dir13256_18557}, takesHeapSnapshot=true, databaseEnabled=false, handlesAlerts=true, version=44.0.2403.155, platform=WIN8_1, browserConnectionEnabled=false, nativeEvents=true, acceptSslCerts=true, locationContextEnabled=true, webStorageEnabled=true, browserName=chrome, takesScreenshot=true, javascriptEnabled=true, cssSelectorsEnabled=true}]
Session ID: f8c6a1a27ec1d8918f3fcbdcbe7e9730
*** Element info: {Using=css selector, value=#loginform > form > div:nth-child(4) > div > input.btn.btn-success.radius.size-L1}]]>
            </message>
            <full-stacktrace>
              <![CDATA[java.lang.AssertionError: Fail to click the 登录 element on the 登录页 page.
org.openqa.selenium.NoSuchElementException: no such element
  (Session info: chrome=44.0.2403.155)
  (Driver info: chromedriver=2.9.248315,platform=Windows NT 6.3 x86_64) (WARNING: The server did not provide any stacktrace information)
Command duration or timeout: 23 milliseconds
For documentation on this error, please visit: http://seleniumhq.org/exceptions/no_such_element.html
Build info: version: '2.46.0', revision: '61506a4624b13675f24581e453592342b7485d71', time: '2015-06-04 10:22:50'
System info: host: 'wangxun', ip: '192.168.232.1', os.name: 'Windows 8.1', os.arch: 'amd64', os.version: '6.3', java.version: '1.8.0_60'
Driver info: org.openqa.selenium.chrome.ChromeDriver
Capabilities [{applicationCacheEnabled=false, rotatable=false, chrome={userDataDir=C:\Users\xun\AppData\Local\Temp\scoped_dir13256_18557}, takesHeapSnapshot=true, databaseEnabled=false, handlesAlerts=true, version=44.0.2403.155, platform=WIN8_1, browserConnectionEnabled=false, nativeEvents=true, acceptSslCerts=true, locationContextEnabled=true, webStorageEnabled=true, browserName=chrome, takesScreenshot=true, javascriptEnabled=true, cssSelectorsEnabled=true}]
Session ID: f8c6a1a27ec1d8918f3fcbdcbe7e9730
*** Element info: {Using=css selector, value=#loginform > form > div:nth-child(4) > div > input.btn.btn-success.radius.size-L1}
	at org.testng.Assert.fail(Assert.java:94)
	at core.UI.clickElement(UI.java:28)
	at initial.piaoWuWebTest.enterHomePage(piaoWuWebTest.java:17)
	at testTicketWeb.baShi.test000login(baShi.java:65)
	at sun.reflect.NativeMethodAccessorImpl.invoke0(Native Method)
	at sun.reflect.NativeMethodAccessorImpl.invoke(Unknown Source)
	at sun.reflect.DelegatingMethodAccessorImpl.invoke(Unknown Source)
	at java.lang.reflect.Method.invoke(Unknown Source)
	at org.testng.internal.MethodInvocationHelper.invokeMethod(MethodInvocationHelper.java:85)
	at org.testng.internal.Invoker.invokeMethod(Invoker.java:659)
	at org.testng.internal.Invoker.invokeTestMethod(Invoker.java:845)
	at org.testng.internal.Invoker.invokeTestMethods(Invoker.java:1153)
	at org.testng.internal.TestMethodWorker.invokeTestMethods(TestMethodWorker.java:125)
	at org.testng.internal.TestMethodWorker.run(TestMethodWorker.java:108)
	at org.testng.TestRunner.privateRun(TestRunner.java:771)
	at org.testng.TestRunner.run(TestRunner.java:621)
	at org.testng.SuiteRunner.runTest(SuiteRunner.java:357)
	at org.testng.SuiteRunner.runSequentially(SuiteRunner.java:352)
	at org.testng.SuiteRunner.privateRun(SuiteRunner.java:310)
	at org.testng.SuiteRunner.run(SuiteRunner.java:259)
	at org.testng.SuiteRunnerWorker.runSuite(SuiteRunnerWorker.java:52)
	at org.testng.SuiteRunnerWorker.run(SuiteRunnerWorker.java:86)
	at org.testng.TestNG.runSuitesSequentially(TestNG.java:1199)
	at org.testng.TestNG.runSuitesLocally(TestNG.java:1124)
	at org.testng.TestNG.run(TestNG.java:1032)
	at org.testng.remote.RemoteTestNG.run(RemoteTestNG.java:111)
	at org.testng.remote.RemoteTestNG.initAndRun(RemoteTestNG.java:204)
	at org.testng.remote.RemoteTestNG.main(RemoteTestNG.java:175)
]]>
            </full-stacktrace>
          </exception> <!-- java.lang.AssertionError -->
          <reporter-output>
            <line>
              <![CDATA[D:\workplace\java\appautotest/failTestCaseScreenShot/20151112-181144-510_test000login.png]]>
            </line>
            <line>
              <![CDATA[<img src="../D:\workplace\java\appautotest/failTestCaseScreenShot/20151112-181144-510_test000login.png"/>]]>
            </line>
          </reporter-output>
        </test-method> <!-- test000login -->
        <test-method status="PASS" signature="test002login()[pri:0, instance:testTicketWeb.baShi@43a25848]" name="test002login" duration-ms="1" started-at="2015-11-12T18:11:44Z" finished-at="2015-11-12T18:11:44Z">
          <reporter-output>
          </reporter-output>
        </test-method> <!-- test002login -->
        <test-method status="PASS" signature="test003login()[pri:0, instance:testTicketWeb.baShi@43a25848]" name="test003login" duration-ms="4" started-at="2015-11-12T18:11:44Z" finished-at="2015-11-12T18:11:44Z">
          <reporter-output>
          </reporter-output>
        </test-method> <!-- test003login -->
        <test-method status="PASS" signature="test004login()[pri:0, instance:testTicketWeb.baShi@43a25848]" name="test004login" duration-ms="2" started-at="2015-11-12T18:11:44Z" finished-at="2015-11-12T18:11:44Z">
          <reporter-output>
          </reporter-output>
        </test-method> <!-- test004login -->
        <test-method status="PASS" signature="tearDown()[pri:0, instance:testTicketWeb.baShi@43a25848]" name="tearDown" is-config="true" duration-ms="2719" started-at="2015-11-12T18:11:44Z" finished-at="2015-11-12T18:11:47Z">
          <reporter-output>
          </reporter-output>
        </test-method> <!-- tearDown -->
      </class> <!-- testTicketWeb.baShi -->
    </test> <!-- Default test -->
  </suite> <!-- Default suite -->
</testng-results>
