<?xml version="1.0" encoding="UTF-8"?>
<testng-results skipped="6" failed="0" total="6" passed="0">
  <reporter-output>
  </reporter-output>
  <suite name="Default suite" duration-ms="1150" started-at="2015-10-13T02:21:32Z" finished-at="2015-10-13T02:21:33Z">
    <groups>
    </groups>
    <test name="Default test" duration-ms="1150" started-at="2015-10-13T02:21:32Z" finished-at="2015-10-13T02:21:33Z">
      <class name="autotest.appautotest.testweb">
        <test-method status="FAIL" signature="setUp()[pri:0, instance:autotest.appautotest.testweb@7a0ac6e3]" name="setUp" is-config="true" duration-ms="0" started-at="2015-10-13T10:21:32Z" finished-at="2015-10-13T10:21:32Z">
          <exception class="java.lang.IllegalStateException">
            <message>
              <![CDATA[The driver is not executable: /Users/wangxun/Documents/workspace/java/appautotest/testresource/chromedriver.exe]]>
            </message>
            <full-stacktrace>
              <![CDATA[java.lang.IllegalStateException: The driver is not executable: /Users/wangxun/Documents/workspace/java/appautotest/testresource/chromedriver.exe
	at com.google.common.base.Preconditions.checkState(Preconditions.java:200)
	at org.openqa.selenium.remote.service.DriverService.checkExecutable(DriverService.java:125)
	at org.openqa.selenium.remote.service.DriverService.findExecutable(DriverService.java:116)
	at org.openqa.selenium.chrome.ChromeDriverService.access$000(ChromeDriverService.java:32)
	at org.openqa.selenium.chrome.ChromeDriverService$Builder.findDefaultExecutable(ChromeDriverService.java:137)
	at org.openqa.selenium.remote.service.DriverService$Builder.build(DriverService.java:290)
	at org.openqa.selenium.chrome.ChromeDriverService.createDefaultService(ChromeDriverService.java:88)
	at org.openqa.selenium.chrome.ChromeDriver.<init>(ChromeDriver.java:116)
	at base.WebApp.runChormeApp(WebApp.java:185)
	at autotest.appautotest.testweb.setUp(testweb.java:34)
	at sun.reflect.NativeMethodAccessorImpl.invoke0(Native Method)
	at sun.reflect.NativeMethodAccessorImpl.invoke(NativeMethodAccessorImpl.java:62)
	at sun.reflect.DelegatingMethodAccessorImpl.invoke(DelegatingMethodAccessorImpl.java:43)
	at java.lang.reflect.Method.invoke(Method.java:483)
	at org.testng.internal.MethodInvocationHelper.invokeMethod(MethodInvocationHelper.java:85)
	at org.testng.internal.Invoker.invokeConfigurationMethod(Invoker.java:517)
	at org.testng.internal.Invoker.invokeConfigurations(Invoker.java:213)
	at org.testng.internal.Invoker.invokeConfigurations(Invoker.java:140)
	at org.testng.TestRunner.beforeRun(TestRunner.java:645)
	at org.testng.TestRunner.run(TestRunner.java:613)
	at org.testng.SuiteRunner.runTest(SuiteRunner.java:357)
	at org.testng.SuiteRunner.runSequentially(SuiteRunner.java:352)
	at org.testng.SuiteRunner.privateRun(SuiteRunner.java:310)
	at org.testng.SuiteRunner.run(SuiteRunner.java:259)
	at org.testng.SuiteRunnerWorker.runSuite(SuiteRunnerWorker.java:52)
	at org.testng.SuiteRunnerWorker.run(SuiteRunnerWorker.java:86)
	at org.testng.TestNG.runSuitesSequentially(TestNG.java:1199)
	at org.testng.TestNG.runSuitesLocally(TestNG.java:1124)
	at org.testng.TestNG.run(TestNG.java:1032)
	at org.testng.remote.RemoteTestNG.run(RemoteTestNG.java:111)
	at org.testng.remote.RemoteTestNG.initAndRun(RemoteTestNG.java:204)
	at org.testng.remote.RemoteTestNG.main(RemoteTestNG.java:175)
]]>
            </full-stacktrace>
          </exception> <!-- java.lang.IllegalStateException -->
          <reporter-output>
          </reporter-output>
        </test-method> <!-- setUp -->
        <test-method status="SKIP" signature="test(java.lang.String, java.lang.String, java.lang.String, java.lang.String, java.lang.String, java.lang.String, java.lang.String, java.lang.String, java.lang.String, java.lang.String)[pri:0, instance:autotest.appautotest.testweb@7a0ac6e3]" name="test" duration-ms="1" started-at="2015-10-13T10:21:33Z" data-provider="addqichezhan" finished-at="2015-10-13T10:21:33Z">
          <params>
            <param index="0">
              <value>
                <![CDATA[武汉市武昌区中山路519号]]>
              </value>
            </param>
            <param index="1">
              <value>
                <![CDATA[宏基客运站]]>
              </value>
            </param>
            <param index="2">
              <value>
                <![CDATA[hongjikeyunzhan]]>
              </value>
            </param>
            <param index="3">
              <value>
                <![CDATA[114.295]]>
              </value>
            </param>
            <param index="4">
              <value>
                <![CDATA[29.885]]>
              </value>
            </param>
            <param index="5">
              <value>
                <![CDATA[903]]>
              </value>
            </param>
            <param index="6">
              <value>
                <![CDATA[027-88074966]]>
              </value>
            </param>
            <param index="7">
              <value>
                <![CDATA[7:00]]>
              </value>
            </param>
            <param index="8">
              <value>
                <![CDATA[21:00]]>
              </value>
            </param>
            <param index="9">
              <value>
                <![CDATA[武汉]]>
              </value>
            </param>
          </params>
          <reporter-output>
          </reporter-output>
        </test-method> <!-- test -->
        <test-method status="SKIP" signature="test(java.lang.String, java.lang.String, java.lang.String, java.lang.String, java.lang.String, java.lang.String, java.lang.String, java.lang.String, java.lang.String, java.lang.String)[pri:0, instance:autotest.appautotest.testweb@7a0ac6e3]" name="test" duration-ms="1" started-at="2015-10-13T10:21:33Z" data-provider="addqichezhan" finished-at="2015-10-13T10:21:33Z">
          <params>
            <param index="0">
              <value>
                <![CDATA[湖北省武汉市武珞路358号]]>
              </value>
            </param>
            <param index="1">
              <value>
                <![CDATA[傅家坡客运站]]>
              </value>
            </param>
            <param index="2">
              <value>
                <![CDATA[fujiapokeyunzhan]]>
              </value>
            </param>
            <param index="3">
              <value>
                <![CDATA[114.295]]>
              </value>
            </param>
            <param index="4">
              <value>
                <![CDATA[29.885]]>
              </value>
            </param>
            <param index="5">
              <value>
                <![CDATA[555]]>
              </value>
            </param>
            <param index="6">
              <value>
                <![CDATA[027-96513]]>
              </value>
            </param>
            <param index="7">
              <value>
                <![CDATA[7:00]]>
              </value>
            </param>
            <param index="8">
              <value>
                <![CDATA[21:00]]>
              </value>
            </param>
            <param index="9">
              <value>
                <![CDATA[武汉]]>
              </value>
            </param>
          </params>
          <reporter-output>
          </reporter-output>
        </test-method> <!-- test -->
        <test-method status="SKIP" signature="test(java.lang.String, java.lang.String, java.lang.String, java.lang.String, java.lang.String, java.lang.String, java.lang.String, java.lang.String, java.lang.String, java.lang.String)[pri:0, instance:autotest.appautotest.testweb@7a0ac6e3]" name="test" duration-ms="1" started-at="2015-10-13T10:21:33Z" data-provider="addqichezhan" finished-at="2015-10-13T10:21:33Z">
          <params>
            <param index="0">
              <value>
                <![CDATA[咸宁市贺胜路264号]]>
              </value>
            </param>
            <param index="1">
              <value>
                <![CDATA[咸宁市温泉中心客运站]]>
              </value>
            </param>
            <param index="2">
              <value>
                <![CDATA[xiangningshiwenquanzhongxinkeyunzhan]]>
              </value>
            </param>
            <param index="3">
              <value>
                <![CDATA[114.295]]>
              </value>
            </param>
            <param index="4">
              <value>
                <![CDATA[29.885]]>
              </value>
            </param>
            <param index="5">
              <value>
                <![CDATA[6]]>
              </value>
            </param>
            <param index="6">
              <value>
                <![CDATA[0715-8137708]]>
              </value>
            </param>
            <param index="7">
              <value>
                <![CDATA[7:00]]>
              </value>
            </param>
            <param index="8">
              <value>
                <![CDATA[21:00]]>
              </value>
            </param>
            <param index="9">
              <value>
                <![CDATA[咸宁]]>
              </value>
            </param>
          </params>
          <reporter-output>
          </reporter-output>
        </test-method> <!-- test -->
        <test-method status="SKIP" signature="test(java.lang.String, java.lang.String, java.lang.String, java.lang.String, java.lang.String, java.lang.String, java.lang.String, java.lang.String, java.lang.String, java.lang.String)[pri:0, instance:autotest.appautotest.testweb@7a0ac6e3]" name="test" duration-ms="1" started-at="2015-10-13T10:21:33Z" data-provider="addqichezhan" finished-at="2015-10-13T10:21:33Z">
          <params>
            <param index="0">
              <value>
                <![CDATA[咸宁市通山县通羊镇南市路23号]]>
              </value>
            </param>
            <param index="1">
              <value>
                <![CDATA[咸宁市通山汽车站]]>
              </value>
            </param>
            <param index="2">
              <value>
                <![CDATA[xianningshitongshanqichezhan]]>
              </value>
            </param>
            <param index="3">
              <value>
                <![CDATA[114.295]]>
              </value>
            </param>
            <param index="4">
              <value>
                <![CDATA[29.885]]>
              </value>
            </param>
            <param index="5">
              <value>
                <![CDATA[2]]>
              </value>
            </param>
            <param index="6">
              <value>
                <![CDATA[0715-2395741]]>
              </value>
            </param>
            <param index="7">
              <value>
                <![CDATA[7:00]]>
              </value>
            </param>
            <param index="8">
              <value>
                <![CDATA[21:00]]>
              </value>
            </param>
            <param index="9">
              <value>
                <![CDATA[咸宁]]>
              </value>
            </param>
          </params>
          <reporter-output>
          </reporter-output>
        </test-method> <!-- test -->
        <test-method status="SKIP" signature="test(java.lang.String, java.lang.String, java.lang.String, java.lang.String, java.lang.String, java.lang.String, java.lang.String, java.lang.String, java.lang.String, java.lang.String)[pri:0, instance:autotest.appautotest.testweb@7a0ac6e3]" name="test" duration-ms="1" started-at="2015-10-13T10:21:33Z" data-provider="addqichezhan" finished-at="2015-10-13T10:21:33Z">
          <params>
            <param index="0">
              <value>
                <![CDATA[南山南头商业步行街E1(劳动大厦对面)]]>
              </value>
            </param>
            <param index="1">
              <value>
                <![CDATA[南山汽车站]]>
              </value>
            </param>
            <param index="2">
              <value>
                <![CDATA[nanshanqichezhan]]>
              </value>
            </param>
            <param index="3">
              <value>
                <![CDATA[114.295]]>
              </value>
            </param>
            <param index="4">
              <value>
                <![CDATA[29.885]]>
              </value>
            </param>
            <param index="5">
              <value>
                <![CDATA[2]]>
              </value>
            </param>
            <param index="6">
              <value>
                <![CDATA[0755-86003177]]>
              </value>
            </param>
            <param index="7">
              <value>
                <![CDATA[7:00]]>
              </value>
            </param>
            <param index="8">
              <value>
                <![CDATA[21:00]]>
              </value>
            </param>
            <param index="9">
              <value>
                <![CDATA[深圳]]>
              </value>
            </param>
          </params>
          <reporter-output>
          </reporter-output>
        </test-method> <!-- test -->
        <test-method status="SKIP" signature="test(java.lang.String, java.lang.String, java.lang.String, java.lang.String, java.lang.String, java.lang.String, java.lang.String, java.lang.String, java.lang.String, java.lang.String)[pri:0, instance:autotest.appautotest.testweb@7a0ac6e3]" name="test" duration-ms="1" started-at="2015-10-13T10:21:33Z" data-provider="addqichezhan" finished-at="2015-10-13T10:21:33Z">
          <params>
            <param index="0">
              <value>
                <![CDATA[深圳市梅林检查站关口公交站旁]]>
              </value>
            </param>
            <param index="1">
              <value>
                <![CDATA[皇岗汽车站]]>
              </value>
            </param>
            <param index="2">
              <value>
                <![CDATA[huanggangqichezhan]]>
              </value>
            </param>
            <param index="3">
              <value>
                <![CDATA[114.295]]>
              </value>
            </param>
            <param index="4">
              <value>
                <![CDATA[29.885]]>
              </value>
            </param>
            <param index="5">
              <value>
                <![CDATA[2]]>
              </value>
            </param>
            <param index="6">
              <value>
                <![CDATA[0755-83287975]]>
              </value>
            </param>
            <param index="7">
              <value>
                <![CDATA[7:00]]>
              </value>
            </param>
            <param index="8">
              <value>
                <![CDATA[21:00]]>
              </value>
            </param>
            <param index="9">
              <value>
                <![CDATA[深圳]]>
              </value>
            </param>
          </params>
          <reporter-output>
          </reporter-output>
        </test-method> <!-- test -->
        <test-method status="SKIP" signature="tearDown()[pri:0, instance:autotest.appautotest.testweb@7a0ac6e3]" name="tearDown" is-config="true" duration-ms="0" started-at="2015-10-13T10:21:33Z" finished-at="2015-10-13T10:21:33Z">
          <reporter-output>
          </reporter-output>
        </test-method> <!-- tearDown -->
      </class> <!-- autotest.appautotest.testweb -->
    </test> <!-- Default test -->
  </suite> <!-- Default suite -->
</testng-results>
