<?xml version="1.0" encoding="UTF-8"?>
<testng-results skipped="0" failed="0" total="1" passed="1">
  <reporter-output>
  </reporter-output>
  <suite name="Default suite" duration-ms="15274" started-at="2015-11-14T03:02:01Z" finished-at="2015-11-14T03:02:16Z">
    <groups>
    </groups>
    <test name="Default test" duration-ms="15274" started-at="2015-11-14T03:02:01Z" finished-at="2015-11-14T03:02:16Z">
      <class name="testTicketWeb.baShi">
        <test-method status="PASS" signature="setUp()[pri:0, instance:testTicketWeb.baShi@43a25848]" name="setUp" is-config="true" duration-ms="2965" started-at="2015-11-14T11:02:01Z" finished-at="2015-11-14T11:02:04Z">
          <reporter-output>
          </reporter-output>
        </test-method> <!-- setUp -->
        <test-method status="PASS" signature="test000login()[pri:0, instance:testTicketWeb.baShi@43a25848]" name="test000login" duration-ms="10049" started-at="2015-11-14T11:02:04Z" finished-at="2015-11-14T11:02:14Z">
          <reporter-output>
          </reporter-output>
        </test-method> <!-- test000login -->
        <test-method status="PASS" signature="tearDown()[pri:0, instance:testTicketWeb.baShi@43a25848]" name="tearDown" is-config="true" duration-ms="2203" started-at="2015-11-14T11:02:14Z" finished-at="2015-11-14T11:02:16Z">
          <reporter-output>
          </reporter-output>
        </test-method> <!-- tearDown -->
      </class> <!-- testTicketWeb.baShi -->
    </test> <!-- Default test -->
  </suite> <!-- Default suite -->
</testng-results>
