<?xml version="1.0" encoding="UTF-8"?>
<testng-results skipped="0" failed="1" total="1" passed="0">
  <reporter-output>
  </reporter-output>
  <suite name="Default suite" duration-ms="76609" started-at="2015-08-30T08:23:44Z" finished-at="2015-08-30T08:25:01Z">
    <groups>
    </groups>
    <test name="Default test" duration-ms="76609" started-at="2015-08-30T08:23:44Z" finished-at="2015-08-30T08:25:01Z">
      <class name="autotest.appautotest.testtenxunxinwen">
        <test-method status="PASS" signature="setUp()[pri:0, instance:autotest.appautotest.testtenxunxinwen@50a492cb]" name="setUp" is-config="true" duration-ms="21115" started-at="2015-08-30T16:23:44Z" finished-at="2015-08-30T16:24:05Z">
          <reporter-output>
          </reporter-output>
        </test-method> <!-- setUp -->
        <test-method status="FAIL" signature="test()[pri:0, instance:autotest.appautotest.testtenxunxinwen@50a492cb]" name="test" duration-ms="52486" started-at="2015-08-30T16:24:05Z" finished-at="2015-08-30T16:24:58Z">
          <exception class="org.openqa.selenium.TimeoutException">
            <message>
              <![CDATA[Timed out after 20 seconds waiting for presence of element located by: By.id: title_btn_share
Build info: version: '2.46.0', revision: '61506a4624b13675f24581e453592342b7485d71', time: '2015-06-04 10:22:50'
System info: host: 'troy-PC', ip: '192.168.235.1', os.name: 'Windows 7', os.arch: 'amd64', os.version: '6.1', java.version: '1.7.0_79'
Session ID: fa30a1c2-1327-4b7e-9772-a0d71210b039
Driver info: io.appium.java_client.android.AndroidDriver
Capabilities [{platform=LINUX, app=F:\workplace\java\appautotest\testresource\apps\com.tencent.news_054632.apk, javascriptEnabled=true, appActivity=com.tencent.news.activity.SplashActivity, browserName=, networkConnectionEnabled=true, desired={app=F:\workplace\java\appautotest\testresource\apps\com.tencent.news_054632.apk, platformVersion=4.4, deviceName=XiaoMi2, platformName=Android, appActivity=com.tencent.news.activity.SplashActivity, browserName=, unicodeKeyboard=true, resetKeyboard=true, appPackage=com.tencent.news}, locationContextEnabled=false, appPackage=com.tencent.news, platformVersion=4.3, databaseEnabled=false, platformName=Android, deviceName=02a59885, webStorageEnabled=false, unicodeKeyboard=true, resetKeyboard=true, warnings={}, takesScreenshot=true}]]]>
            </message>
            <full-stacktrace>
              <![CDATA[org.openqa.selenium.TimeoutException: Timed out after 20 seconds waiting for presence of element located by: By.id: title_btn_share
Build info: version: '2.46.0', revision: '61506a4624b13675f24581e453592342b7485d71', time: '2015-06-04 10:22:50'
System info: host: 'troy-PC', ip: '192.168.235.1', os.name: 'Windows 7', os.arch: 'amd64', os.version: '6.1', java.version: '1.7.0_79'
Session ID: fa30a1c2-1327-4b7e-9772-a0d71210b039
Driver info: io.appium.java_client.android.AndroidDriver
Capabilities [{platform=LINUX, app=F:\workplace\java\appautotest\testresource\apps\com.tencent.news_054632.apk, javascriptEnabled=true, appActivity=com.tencent.news.activity.SplashActivity, browserName=, networkConnectionEnabled=true, desired={app=F:\workplace\java\appautotest\testresource\apps\com.tencent.news_054632.apk, platformVersion=4.4, deviceName=XiaoMi2, platformName=Android, appActivity=com.tencent.news.activity.SplashActivity, browserName=, unicodeKeyboard=true, resetKeyboard=true, appPackage=com.tencent.news}, locationContextEnabled=false, appPackage=com.tencent.news, platformVersion=4.3, databaseEnabled=false, platformName=Android, deviceName=02a59885, webStorageEnabled=false, unicodeKeyboard=true, resetKeyboard=true, warnings={}, takesScreenshot=true}]
	at org.openqa.selenium.support.ui.WebDriverWait.timeoutException(WebDriverWait.java:80)
	at org.openqa.selenium.support.ui.FluentWait.until(FluentWait.java:229)
	at core.UI.waitDisplay(UI.java:96)
	at autotest.appautotest.testtenxunxinwen.test(testtenxunxinwen.java:70)
	at sun.reflect.NativeMethodAccessorImpl.invoke0(Native Method)
	at sun.reflect.NativeMethodAccessorImpl.invoke(Unknown Source)
	at sun.reflect.DelegatingMethodAccessorImpl.invoke(Unknown Source)
	at java.lang.reflect.Method.invoke(Unknown Source)
	at org.testng.internal.MethodInvocationHelper.invokeMethod(MethodInvocationHelper.java:85)
	at org.testng.internal.Invoker.invokeMethod(Invoker.java:659)
	at org.testng.internal.Invoker.invokeTestMethod(Invoker.java:845)
	at org.testng.internal.Invoker.invokeTestMethods(Invoker.java:1153)
	at org.testng.internal.TestMethodWorker.invokeTestMethods(TestMethodWorker.java:125)
	at org.testng.internal.TestMethodWorker.run(TestMethodWorker.java:108)
	at org.testng.TestRunner.privateRun(TestRunner.java:771)
	at org.testng.TestRunner.run(TestRunner.java:621)
	at org.testng.SuiteRunner.runTest(SuiteRunner.java:357)
	at org.testng.SuiteRunner.runSequentially(SuiteRunner.java:352)
	at org.testng.SuiteRunner.privateRun(SuiteRunner.java:310)
	at org.testng.SuiteRunner.run(SuiteRunner.java:259)
	at org.testng.SuiteRunnerWorker.runSuite(SuiteRunnerWorker.java:52)
	at org.testng.SuiteRunnerWorker.run(SuiteRunnerWorker.java:86)
	at org.testng.TestNG.runSuitesSequentially(TestNG.java:1199)
	at org.testng.TestNG.runSuitesLocally(TestNG.java:1124)
	at org.testng.TestNG.run(TestNG.java:1032)
	at org.testng.remote.RemoteTestNG.run(RemoteTestNG.java:111)
	at org.testng.remote.RemoteTestNG.initAndRun(RemoteTestNG.java:204)
	at org.testng.remote.RemoteTestNG.main(RemoteTestNG.java:175)
Caused by: org.openqa.selenium.NoSuchElementException: An element could not be located on the page using the given search parameters. (WARNING: The server did not provide any stacktrace information)
Command duration or timeout: 1.40 seconds
For documentation on this error, please visit: http://seleniumhq.org/exceptions/no_such_element.html
Build info: version: '2.46.0', revision: '61506a4624b13675f24581e453592342b7485d71', time: '2015-06-04 10:22:50'
System info: host: 'troy-PC', ip: '192.168.235.1', os.name: 'Windows 7', os.arch: 'amd64', os.version: '6.1', java.version: '1.7.0_79'
*** Element info: {Using=id, value=title_btn_share}
Session ID: fa30a1c2-1327-4b7e-9772-a0d71210b039
Driver info: io.appium.java_client.android.AndroidDriver
Capabilities [{platform=LINUX, app=F:\workplace\java\appautotest\testresource\apps\com.tencent.news_054632.apk, javascriptEnabled=true, appActivity=com.tencent.news.activity.SplashActivity, browserName=, networkConnectionEnabled=true, desired={app=F:\workplace\java\appautotest\testresource\apps\com.tencent.news_054632.apk, platformVersion=4.4, deviceName=XiaoMi2, platformName=Android, appActivity=com.tencent.news.activity.SplashActivity, browserName=, unicodeKeyboard=true, resetKeyboard=true, appPackage=com.tencent.news}, locationContextEnabled=false, appPackage=com.tencent.news, platformVersion=4.3, databaseEnabled=false, platformName=Android, deviceName=02a59885, webStorageEnabled=false, unicodeKeyboard=true, resetKeyboard=true, warnings={}, takesScreenshot=true}]
	at sun.reflect.GeneratedConstructorAccessor11.newInstance(Unknown Source)
	at sun.reflect.DelegatingConstructorAccessorImpl.newInstance(Unknown Source)
	at java.lang.reflect.Constructor.newInstance(Unknown Source)
	at org.openqa.selenium.remote.ErrorHandler.createThrowable(ErrorHandler.java:204)
	at org.openqa.selenium.remote.ErrorHandler.throwIfResponseFailed(ErrorHandler.java:156)
	at org.openqa.selenium.remote.RemoteWebDriver.execute(RemoteWebDriver.java:605)
	at io.appium.java_client.DefaultGenericMobileDriver.execute(DefaultGenericMobileDriver.java:27)
	at io.appium.java_client.AppiumDriver.execute(AppiumDriver.java:1)
	at io.appium.java_client.android.AndroidDriver.execute(AndroidDriver.java:1)
	at org.openqa.selenium.remote.RemoteWebDriver.findElement(RemoteWebDriver.java:358)
	at org.openqa.selenium.remote.RemoteWebDriver.findElementById(RemoteWebDriver.java:399)
	at io.appium.java_client.DefaultGenericMobileDriver.findElementById(DefaultGenericMobileDriver.java:47)
	at io.appium.java_client.AppiumDriver.findElementById(AppiumDriver.java:1)
	at io.appium.java_client.android.AndroidDriver.findElementById(AndroidDriver.java:1)
	at org.openqa.selenium.By$ById.findElement(By.java:215)
	at org.openqa.selenium.remote.RemoteWebDriver.findElement(RemoteWebDriver.java:350)
	at io.appium.java_client.DefaultGenericMobileDriver.findElement(DefaultGenericMobileDriver.java:37)
	at io.appium.java_client.AppiumDriver.findElement(AppiumDriver.java:1)
	at io.appium.java_client.android.AndroidDriver.findElement(AndroidDriver.java:1)
	at org.openqa.selenium.support.ui.ExpectedConditions.findElement(ExpectedConditions.java:809)
	at org.openqa.selenium.support.ui.ExpectedConditions.access$000(ExpectedConditions.java:41)
	at org.openqa.selenium.support.ui.ExpectedConditions$6.apply(ExpectedConditions.java:181)
	at org.openqa.selenium.support.ui.ExpectedConditions$6.apply(ExpectedConditions.java:178)
	at org.openqa.selenium.support.ui.FluentWait.until(FluentWait.java:209)
	... 26 more
]]>
            </full-stacktrace>
          </exception> <!-- org.openqa.selenium.TimeoutException -->
          <reporter-output>
          </reporter-output>
        </test-method> <!-- test -->
        <test-method status="PASS" signature="tearDown()[pri:0, instance:autotest.appautotest.testtenxunxinwen@50a492cb]" name="tearDown" is-config="true" duration-ms="2970" started-at="2015-08-30T16:24:58Z" finished-at="2015-08-30T16:25:01Z">
          <reporter-output>
          </reporter-output>
        </test-method> <!-- tearDown -->
      </class> <!-- autotest.appautotest.testtenxunxinwen -->
    </test> <!-- Default test -->
  </suite> <!-- Default suite -->
</testng-results>
