<?xml version="1.0" encoding="UTF-8"?>
<testng-results skipped="0" failed="0" total="1" passed="1">
  <reporter-output>
  </reporter-output>
  <suite name="Default suite" duration-ms="66245" started-at="2015-10-21T10:17:16Z" finished-at="2015-10-21T10:18:22Z">
    <groups>
    </groups>
    <test name="Default test" duration-ms="66245" started-at="2015-10-21T10:17:16Z" finished-at="2015-10-21T10:18:22Z">
      <class name="autotest.appautotest.testIOS">
        <test-method status="PASS" signature="setUp()[pri:0, instance:autotest.appautotest.testIOS@6fadae5d]" name="setUp" is-config="true" duration-ms="41126" started-at="2015-10-21T18:17:16Z" finished-at="2015-10-21T18:17:57Z">
          <reporter-output>
          </reporter-output>
        </test-method> <!-- setUp -->
        <test-method status="PASS" signature="login()[pri:0, instance:autotest.appautotest.testIOS@6fadae5d]" name="login" duration-ms="23820" started-at="2015-10-21T18:17:57Z" finished-at="2015-10-21T18:18:21Z">
          <reporter-output>
          </reporter-output>
        </test-method> <!-- login -->
        <test-method status="PASS" signature="tearDown()[pri:0, instance:autotest.appautotest.testIOS@6fadae5d]" name="tearDown" is-config="true" duration-ms="1226" started-at="2015-10-21T18:18:21Z" finished-at="2015-10-21T18:18:22Z">
          <reporter-output>
          </reporter-output>
        </test-method> <!-- tearDown -->
      </class> <!-- autotest.appautotest.testIOS -->
    </test> <!-- Default test -->
  </suite> <!-- Default suite -->
</testng-results>
