<?xml version="1.0" encoding="UTF-8"?>
<testng-results skipped="0" failed="0" total="1" passed="1">
  <reporter-output>
  </reporter-output>
  <suite name="Default suite" duration-ms="29164" started-at="2015-08-26T13:47:58Z" finished-at="2015-08-26T13:48:27Z">
    <groups>
    </groups>
    <test name="Default test" duration-ms="29164" started-at="2015-08-26T13:47:58Z" finished-at="2015-08-26T13:48:27Z">
      <class name="autotest.appautotest.testweb">
        <test-method status="PASS" signature="setUp()[pri:0, instance:autotest.appautotest.testweb@617746b2]" name="setUp" is-config="true" duration-ms="2686" started-at="2015-08-26T21:47:58Z" finished-at="2015-08-26T21:48:01Z">
          <reporter-output>
          </reporter-output>
        </test-method> <!-- setUp -->
        <test-method status="PASS" signature="test()[pri:0, instance:autotest.appautotest.testweb@617746b2]" name="test" duration-ms="24408" started-at="2015-08-26T21:48:01Z" finished-at="2015-08-26T21:48:25Z">
          <reporter-output>
          </reporter-output>
        </test-method> <!-- test -->
        <test-method status="PASS" signature="tearDown()[pri:0, instance:autotest.appautotest.testweb@617746b2]" name="tearDown" is-config="true" duration-ms="2026" started-at="2015-08-26T21:48:25Z" finished-at="2015-08-26T21:48:27Z">
          <reporter-output>
          </reporter-output>
        </test-method> <!-- tearDown -->
      </class> <!-- autotest.appautotest.testweb -->
    </test> <!-- Default test -->
  </suite> <!-- Default suite -->
</testng-results>
