<?xml version="1.0" encoding="UTF-8"?>
<testng-results skipped="0" failed="0" total="1" passed="1">
  <reporter-output>
  </reporter-output>
  <suite name="Default suite" duration-ms="30939" started-at="2015-10-30T15:23:06Z" finished-at="2015-10-30T15:23:37Z">
    <groups>
    </groups>
    <test name="Default test" duration-ms="30939" started-at="2015-10-30T15:23:06Z" finished-at="2015-10-30T15:23:37Z">
      <class name="autotest.appautotest.testa">
        <test-method status="PASS" signature="setUp()[pri:0, instance:autotest.appautotest.testa@6a5fc7f7]" name="setUp" is-config="true" duration-ms="16455" started-at="2015-10-30T23:23:06Z" finished-at="2015-10-30T23:23:23Z">
          <reporter-output>
          </reporter-output>
        </test-method> <!-- setUp -->
        <test-method status="PASS" signature="enterMainPage()[pri:0, instance:autotest.appautotest.testa@6a5fc7f7]" name="enterMainPage" duration-ms="11531" started-at="2015-10-30T23:23:23Z" finished-at="2015-10-30T23:23:34Z">
          <reporter-output>
          </reporter-output>
        </test-method> <!-- enterMainPage -->
        <test-method status="PASS" signature="tearDown()[pri:0, instance:autotest.appautotest.testa@6a5fc7f7]" name="tearDown" is-config="true" duration-ms="2934" started-at="2015-10-30T23:23:34Z" finished-at="2015-10-30T23:23:37Z">
          <reporter-output>
          </reporter-output>
        </test-method> <!-- tearDown -->
      </class> <!-- autotest.appautotest.testa -->
    </test> <!-- Default test -->
  </suite> <!-- Default suite -->
</testng-results>
