<?xml version="1.0" encoding="UTF-8"?>
<testng-results skipped="0" failed="0" total="1" passed="1">
  <reporter-output>
  </reporter-output>
  <suite name="Default suite" duration-ms="21501" started-at="2015-08-24T10:03:58Z" finished-at="2015-08-24T10:04:19Z">
    <groups>
    </groups>
    <test name="Default test" duration-ms="21501" started-at="2015-08-24T10:03:58Z" finished-at="2015-08-24T10:04:19Z">
      <class name="autotest.appautotest.testweb">
        <test-method status="PASS" signature="setUp()[pri:0, instance:autotest.appautotest.testweb@6f17beff]" name="setUp" is-config="true" duration-ms="2670" started-at="2015-08-24T18:03:58Z" finished-at="2015-08-24T18:04:00Z">
          <reporter-output>
          </reporter-output>
        </test-method> <!-- setUp -->
        <test-method status="PASS" signature="rrr()[pri:0, instance:autotest.appautotest.testweb@6f17beff]" name="rrr" duration-ms="17400" started-at="2015-08-24T18:04:00Z" finished-at="2015-08-24T18:04:18Z">
          <reporter-output>
          </reporter-output>
        </test-method> <!-- rrr -->
        <test-method status="PASS" signature="tearDown()[pri:0, instance:autotest.appautotest.testweb@6f17beff]" name="tearDown" is-config="true" duration-ms="1397" started-at="2015-08-24T18:04:18Z" finished-at="2015-08-24T18:04:19Z">
          <reporter-output>
          </reporter-output>
        </test-method> <!-- tearDown -->
      </class> <!-- autotest.appautotest.testweb -->
    </test> <!-- Default test -->
  </suite> <!-- Default suite -->
</testng-results>
