<?xml version="1.0" encoding="UTF-8"?>
<testng-results skipped="0" failed="0" total="1" passed="1">
  <reporter-output>
  </reporter-output>
  <suite name="Default suite" duration-ms="79580" started-at="2015-11-16T08:57:05Z" finished-at="2015-11-16T08:58:24Z">
    <groups>
    </groups>
    <test name="Default test" duration-ms="79580" started-at="2015-11-16T08:57:05Z" finished-at="2015-11-16T08:58:24Z">
      <class name="NPAndroid.ad">
        <test-method status="PASS" signature="setUp()[pri:0, instance:NPAndroid.ad@27f674d]" name="setUp" is-config="true" duration-ms="27895" started-at="2015-11-16T16:57:05Z" finished-at="2015-11-16T16:57:33Z">
          <reporter-output>
          </reporter-output>
        </test-method> <!-- setUp -->
        <test-method status="PASS" signature="login()[pri:0, instance:NPAndroid.ad@27f674d]" name="login" duration-ms="48982" started-at="2015-11-16T16:57:33Z" finished-at="2015-11-16T16:58:22Z">
          <reporter-output>
          </reporter-output>
        </test-method> <!-- login -->
        <test-method status="PASS" signature="tearDown()[pri:0, instance:NPAndroid.ad@27f674d]" name="tearDown" is-config="true" duration-ms="2672" started-at="2015-11-16T16:58:22Z" finished-at="2015-11-16T16:58:24Z">
          <reporter-output>
          </reporter-output>
        </test-method> <!-- tearDown -->
      </class> <!-- NPAndroid.ad -->
    </test> <!-- Default test -->
  </suite> <!-- Default suite -->
</testng-results>
