<?xml version="1.0" encoding="UTF-8"?>
<testng-results skipped="0" failed="0" total="1" passed="1">
  <reporter-output>
  </reporter-output>
  <suite name="Default suite" duration-ms="81776" started-at="2015-10-27T05:46:48Z" finished-at="2015-10-27T05:48:10Z">
    <groups>
    </groups>
    <test name="Default test" duration-ms="81776" started-at="2015-10-27T05:46:48Z" finished-at="2015-10-27T05:48:10Z">
      <class name="NPAndroid.ad">
        <test-method status="PASS" signature="setUp()[pri:0, instance:NPAndroid.ad@3ac3fd8b]" name="setUp" is-config="true" duration-ms="26320" started-at="2015-10-27T13:46:48Z" finished-at="2015-10-27T13:47:15Z">
          <reporter-output>
          </reporter-output>
        </test-method> <!-- setUp -->
        <test-method status="PASS" signature="login()[pri:0, instance:NPAndroid.ad@3ac3fd8b]" name="login" duration-ms="51986" started-at="2015-10-27T13:47:15Z" finished-at="2015-10-27T13:48:07Z">
          <reporter-output>
          </reporter-output>
        </test-method> <!-- login -->
        <test-method status="PASS" signature="tearDown()[pri:0, instance:NPAndroid.ad@3ac3fd8b]" name="tearDown" is-config="true" duration-ms="3448" started-at="2015-10-27T13:48:07Z" finished-at="2015-10-27T13:48:10Z">
          <reporter-output>
          </reporter-output>
        </test-method> <!-- tearDown -->
      </class> <!-- NPAndroid.ad -->
    </test> <!-- Default test -->
  </suite> <!-- Default suite -->
</testng-results>
