<?xml version="1.0" encoding="UTF-8"?>
<testng-results skipped="0" failed="0" total="1" passed="1">
  <reporter-output>
  </reporter-output>
  <suite name="Default suite" duration-ms="25523" started-at="2015-10-25T09:26:27Z" finished-at="2015-10-25T09:26:53Z">
    <groups>
    </groups>
    <test name="Default test" duration-ms="25523" started-at="2015-10-25T09:26:27Z" finished-at="2015-10-25T09:26:53Z">
      <class name="testTicketWeb.cheDuiAndCheLiang">
        <test-method status="PASS" signature="setUp()[pri:0, instance:testTicketWeb.cheDuiAndCheLiang@3ac3fd8b]" name="setUp" is-config="true" duration-ms="3254" started-at="2015-10-25T17:26:27Z" finished-at="2015-10-25T17:26:31Z">
          <reporter-output>
          </reporter-output>
        </test-method> <!-- setUp -->
        <test-method status="PASS" signature="addCheDui()[pri:0, instance:testTicketWeb.cheDuiAndCheLiang@3ac3fd8b]" name="addCheDui" duration-ms="20306" started-at="2015-10-25T17:26:31Z" finished-at="2015-10-25T17:26:51Z">
          <reporter-output>
          </reporter-output>
        </test-method> <!-- addCheDui -->
        <test-method status="PASS" signature="tearDown()[pri:0, instance:testTicketWeb.cheDuiAndCheLiang@3ac3fd8b]" name="tearDown" is-config="true" duration-ms="1935" started-at="2015-10-25T17:26:51Z" finished-at="2015-10-25T17:26:53Z">
          <reporter-output>
          </reporter-output>
        </test-method> <!-- tearDown -->
      </class> <!-- testTicketWeb.cheDuiAndCheLiang -->
    </test> <!-- Default test -->
  </suite> <!-- Default suite -->
</testng-results>
