<?xml version="1.0" encoding="UTF-8"?>
<testng-results skipped="0" failed="0" total="3" passed="3">
  <reporter-output>
  </reporter-output>
  <suite name="Default suite" duration-ms="25600" started-at="2015-11-05T08:12:10Z" finished-at="2015-11-05T08:12:35Z">
    <groups>
    </groups>
    <test name="Default test" duration-ms="25600" started-at="2015-11-05T08:12:10Z" finished-at="2015-11-05T08:12:35Z">
      <class name="testTicketWeb.qiChe">
        <test-method status="PASS" signature="setUp()[pri:0, instance:testTicketWeb.qiChe@96532d6]" name="setUp" is-config="true" duration-ms="5044" started-at="2015-11-05T16:12:10Z" finished-at="2015-11-05T16:12:15Z">
          <reporter-output>
          </reporter-output>
        </test-method> <!-- setUp -->
        <test-method status="PASS" signature="test000login()[pri:0, instance:testTicketWeb.qiChe@96532d6]" name="test000login" duration-ms="4973" started-at="2015-11-05T16:12:15Z" finished-at="2015-11-05T16:12:20Z">
          <reporter-output>
          </reporter-output>
        </test-method> <!-- test000login -->
        <test-method status="PASS" signature="test012editQiChePiaoJia()[pri:0, instance:testTicketWeb.qiChe@96532d6]" name="test012editQiChePiaoJia" duration-ms="5155" started-at="2015-11-05T16:12:20Z" finished-at="2015-11-05T16:12:25Z">
          <reporter-output>
          </reporter-output>
        </test-method> <!-- test012editQiChePiaoJia -->
        <test-method status="PASS" signature="tearDown()[pri:0, instance:testTicketWeb.qiChe@96532d6]" name="tearDown" is-config="true" duration-ms="1070" started-at="2015-11-05T16:12:25Z" finished-at="2015-11-05T16:12:26Z">
          <reporter-output>
          </reporter-output>
        </test-method> <!-- tearDown -->
      </class> <!-- testTicketWeb.qiChe -->
      <class name="testTicketWeb.baShi">
        <test-method status="PASS" signature="setUp()[pri:0, instance:testTicketWeb.baShi@3498ed]" name="setUp" is-config="true" duration-ms="4193" started-at="2015-11-05T16:12:26Z" finished-at="2015-11-05T16:12:30Z">
          <reporter-output>
          </reporter-output>
        </test-method> <!-- setUp -->
        <test-method status="PASS" signature="test000login()[pri:0, instance:testTicketWeb.baShi@3498ed]" name="test000login" duration-ms="4329" started-at="2015-11-05T16:12:30Z" finished-at="2015-11-05T16:12:34Z">
          <reporter-output>
          </reporter-output>
        </test-method> <!-- test000login -->
        <test-method status="PASS" signature="tearDown()[pri:0, instance:testTicketWeb.baShi@3498ed]" name="tearDown" is-config="true" duration-ms="819" started-at="2015-11-05T16:12:34Z" finished-at="2015-11-05T16:12:35Z">
          <reporter-output>
          </reporter-output>
        </test-method> <!-- tearDown -->
      </class> <!-- testTicketWeb.baShi -->
    </test> <!-- Default test -->
  </suite> <!-- Default suite -->
</testng-results>
