<?xml version="1.0" encoding="UTF-8"?>
<testng-results skipped="0" failed="1" total="1" passed="0">
  <reporter-output>
    <line>
      <![CDATA[D:\workplace\java\appautotest/testReport/failScreen/android/20151117-181759-266_login.png]]>
    </line>
    <line>
      <![CDATA[<img src="../D:\workplace\java\appautotest/testReport/failScreen/android/20151117-181759-266_login.png"/>]]>
    </line>
  </reporter-output>
  <suite name="Default suite" duration-ms="108904" started-at="2015-11-17T10:16:12Z" finished-at="2015-11-17T10:18:01Z">
    <groups>
    </groups>
    <test name="Default test" duration-ms="108904" started-at="2015-11-17T10:16:12Z" finished-at="2015-11-17T10:18:01Z">
      <class name="NPAndroid.ad">
        <test-method status="PASS" signature="setUp()[pri:0, instance:NPAndroid.ad@27f674d]" name="setUp" is-config="true" duration-ms="49168" started-at="2015-11-17T18:16:12Z" finished-at="2015-11-17T18:17:02Z">
          <reporter-output>
          </reporter-output>
        </test-method> <!-- setUp -->
        <test-method status="FAIL" signature="login()[pri:0, instance:NPAndroid.ad@27f674d]" name="login" duration-ms="51610" started-at="2015-11-17T18:17:02Z" finished-at="2015-11-17T18:17:53Z">
          <exception class="java.lang.AssertionError">
            <message>
              <![CDATA[Can not find the 广告 element on the 首页 page.]]>
            </message>
            <full-stacktrace>
              <![CDATA[java.lang.AssertionError: Can not find the 广告 element on the 首页 page.
	at org.testng.Assert.fail(Assert.java:94)
	at core.UI.waitDisplay(UI.java:157)
	at core.UI.waitDisplay(UI.java:140)
	at NPAndroid.ad.login(ad.java:43)
	at sun.reflect.NativeMethodAccessorImpl.invoke0(Native Method)
	at sun.reflect.NativeMethodAccessorImpl.invoke(Unknown Source)
	at sun.reflect.DelegatingMethodAccessorImpl.invoke(Unknown Source)
	at java.lang.reflect.Method.invoke(Unknown Source)
	at org.testng.internal.MethodInvocationHelper.invokeMethod(MethodInvocationHelper.java:85)
	at org.testng.internal.Invoker.invokeMethod(Invoker.java:659)
	at org.testng.internal.Invoker.invokeTestMethod(Invoker.java:845)
	at org.testng.internal.Invoker.invokeTestMethods(Invoker.java:1153)
	at org.testng.internal.TestMethodWorker.invokeTestMethods(TestMethodWorker.java:125)
	at org.testng.internal.TestMethodWorker.run(TestMethodWorker.java:108)
	at org.testng.TestRunner.privateRun(TestRunner.java:771)
	at org.testng.TestRunner.run(TestRunner.java:621)
	at org.testng.SuiteRunner.runTest(SuiteRunner.java:357)
	at org.testng.SuiteRunner.runSequentially(SuiteRunner.java:352)
	at org.testng.SuiteRunner.privateRun(SuiteRunner.java:310)
	at org.testng.SuiteRunner.run(SuiteRunner.java:259)
	at org.testng.SuiteRunnerWorker.runSuite(SuiteRunnerWorker.java:52)
	at org.testng.SuiteRunnerWorker.run(SuiteRunnerWorker.java:86)
	at org.testng.TestNG.runSuitesSequentially(TestNG.java:1199)
	at org.testng.TestNG.runSuitesLocally(TestNG.java:1124)
	at org.testng.TestNG.run(TestNG.java:1032)
	at org.testng.remote.RemoteTestNG.run(RemoteTestNG.java:111)
	at org.testng.remote.RemoteTestNG.initAndRun(RemoteTestNG.java:204)
	at org.testng.remote.RemoteTestNG.main(RemoteTestNG.java:175)
]]>
            </full-stacktrace>
          </exception> <!-- java.lang.AssertionError -->
          <reporter-output>
            <line>
              <![CDATA[D:\workplace\java\appautotest/testReport/failScreen/android/20151117-181759-266_login.png]]>
            </line>
            <line>
              <![CDATA[<img src="../D:\workplace\java\appautotest/testReport/failScreen/android/20151117-181759-266_login.png"/>]]>
            </line>
          </reporter-output>
        </test-method> <!-- login -->
        <test-method status="PASS" signature="tearDown()[pri:0, instance:NPAndroid.ad@27f674d]" name="tearDown" is-config="true" duration-ms="2570" started-at="2015-11-17T18:17:59Z" finished-at="2015-11-17T18:18:01Z">
          <reporter-output>
          </reporter-output>
        </test-method> <!-- tearDown -->
      </class> <!-- NPAndroid.ad -->
    </test> <!-- Default test -->
  </suite> <!-- Default suite -->
</testng-results>
