<?xml version="1.0" encoding="UTF-8"?>
<testng-results skipped="0" failed="0" total="6" passed="6">
  <reporter-output>
  </reporter-output>
  <suite name="Default suite" duration-ms="44706" started-at="2015-10-14T15:40:46Z" finished-at="2015-10-14T15:41:31Z">
    <groups>
    </groups>
    <test name="Default test" duration-ms="44706" started-at="2015-10-14T15:40:46Z" finished-at="2015-10-14T15:41:31Z">
      <class name="autotest.appautotest.testweb">
        <test-method status="PASS" signature="setUp()[pri:0, instance:autotest.appautotest.testweb@3f3afe78]" name="setUp" is-config="true" duration-ms="2151" started-at="2015-10-14T23:40:46Z" finished-at="2015-10-14T23:40:48Z">
          <reporter-output>
          </reporter-output>
        </test-method> <!-- setUp -->
        <test-method status="PASS" signature="addCheLiang(java.lang.String, java.lang.String, java.lang.String, java.lang.String, java.lang.String, java.lang.String, java.lang.String, java.lang.String, java.lang.String, java.lang.String, java.lang.String, java.lang.String, java.lang.String)[pri:0, instance:autotest.appautotest.testweb@3f3afe78]" name="addCheLiang" duration-ms="10448" started-at="2015-10-14T23:40:49Z" data-provider="addCheLiang" finished-at="2015-10-14T23:41:00Z">
          <params>
            <param index="0">
              <value>
                <![CDATA[Troy13]]>
              </value>
            </param>
            <param index="1">
              <value>
                <![CDATA[Troy车队]]>
              </value>
            </param>
            <param index="2">
              <value>
                <![CDATA[大巴]]>
              </value>
            </param>
            <param index="3">
              <value>
                <![CDATA[--非包车类型--]]>
              </value>
            </param>
            <param index="4">
              <value>
                <![CDATA[Troy]]>
              </value>
            </param>
            <param index="5">
              <value>
                <![CDATA[18627802681]]>
              </value>
            </param>
            <param index="6">
              <value>
                <![CDATA[65]]>
              </value>
            </param>
            <param index="7">
              <value>
                <![CDATA[60]]>
              </value>
            </param>
            <param index="8">
              <value>
                <![CDATA[5]]>
              </value>
            </param>
            <param index="9">
              <value>
                <![CDATA[鄂A12357]]>
              </value>
            </param>
            <param index="10">
              <value>
                <![CDATA[2014-01]]>
              </value>
            </param>
            <param index="11">
              <value>
                <![CDATA[123468]]>
              </value>
            </param>
            <param index="12">
              <value>
                <![CDATA[奔驰]]>
              </value>
            </param>
          </params>
          <reporter-output>
          </reporter-output>
        </test-method> <!-- addCheLiang -->
        <test-method status="PASS" signature="addCheLiang(java.lang.String, java.lang.String, java.lang.String, java.lang.String, java.lang.String, java.lang.String, java.lang.String, java.lang.String, java.lang.String, java.lang.String, java.lang.String, java.lang.String, java.lang.String)[pri:0, instance:autotest.appautotest.testweb@3f3afe78]" name="addCheLiang" duration-ms="5968" started-at="2015-10-14T23:41:00Z" data-provider="addCheLiang" finished-at="2015-10-14T23:41:06Z">
          <params>
            <param index="0">
              <value>
                <![CDATA[Troy14]]>
              </value>
            </param>
            <param index="1">
              <value>
                <![CDATA[Troy车队]]>
              </value>
            </param>
            <param index="2">
              <value>
                <![CDATA[大巴]]>
              </value>
            </param>
            <param index="3">
              <value>
                <![CDATA[--非包车类型--]]>
              </value>
            </param>
            <param index="4">
              <value>
                <![CDATA[Troy]]>
              </value>
            </param>
            <param index="5">
              <value>
                <![CDATA[18627802681]]>
              </value>
            </param>
            <param index="6">
              <value>
                <![CDATA[65]]>
              </value>
            </param>
            <param index="7">
              <value>
                <![CDATA[60]]>
              </value>
            </param>
            <param index="8">
              <value>
                <![CDATA[5]]>
              </value>
            </param>
            <param index="9">
              <value>
                <![CDATA[鄂A12358]]>
              </value>
            </param>
            <param index="10">
              <value>
                <![CDATA[2014-02]]>
              </value>
            </param>
            <param index="11">
              <value>
                <![CDATA[123469]]>
              </value>
            </param>
            <param index="12">
              <value>
                <![CDATA[奔驰]]>
              </value>
            </param>
          </params>
          <reporter-output>
          </reporter-output>
        </test-method> <!-- addCheLiang -->
        <test-method status="PASS" signature="addCheLiang(java.lang.String, java.lang.String, java.lang.String, java.lang.String, java.lang.String, java.lang.String, java.lang.String, java.lang.String, java.lang.String, java.lang.String, java.lang.String, java.lang.String, java.lang.String)[pri:0, instance:autotest.appautotest.testweb@3f3afe78]" name="addCheLiang" duration-ms="6088" started-at="2015-10-14T23:41:06Z" data-provider="addCheLiang" finished-at="2015-10-14T23:41:12Z">
          <params>
            <param index="0">
              <value>
                <![CDATA[Troy15]]>
              </value>
            </param>
            <param index="1">
              <value>
                <![CDATA[Troy车队]]>
              </value>
            </param>
            <param index="2">
              <value>
                <![CDATA[大巴]]>
              </value>
            </param>
            <param index="3">
              <value>
                <![CDATA[--非包车类型--]]>
              </value>
            </param>
            <param index="4">
              <value>
                <![CDATA[Troy]]>
              </value>
            </param>
            <param index="5">
              <value>
                <![CDATA[18627802681]]>
              </value>
            </param>
            <param index="6">
              <value>
                <![CDATA[65]]>
              </value>
            </param>
            <param index="7">
              <value>
                <![CDATA[60]]>
              </value>
            </param>
            <param index="8">
              <value>
                <![CDATA[5]]>
              </value>
            </param>
            <param index="9">
              <value>
                <![CDATA[鄂A12359]]>
              </value>
            </param>
            <param index="10">
              <value>
                <![CDATA[2014-03]]>
              </value>
            </param>
            <param index="11">
              <value>
                <![CDATA[123470]]>
              </value>
            </param>
            <param index="12">
              <value>
                <![CDATA[奔驰]]>
              </value>
            </param>
          </params>
          <reporter-output>
          </reporter-output>
        </test-method> <!-- addCheLiang -->
        <test-method status="PASS" signature="addCheLiang(java.lang.String, java.lang.String, java.lang.String, java.lang.String, java.lang.String, java.lang.String, java.lang.String, java.lang.String, java.lang.String, java.lang.String, java.lang.String, java.lang.String, java.lang.String)[pri:0, instance:autotest.appautotest.testweb@3f3afe78]" name="addCheLiang" duration-ms="5799" started-at="2015-10-14T23:41:12Z" data-provider="addCheLiang" finished-at="2015-10-14T23:41:18Z">
          <params>
            <param index="0">
              <value>
                <![CDATA[Troy16]]>
              </value>
            </param>
            <param index="1">
              <value>
                <![CDATA[Troy车队]]>
              </value>
            </param>
            <param index="2">
              <value>
                <![CDATA[大巴]]>
              </value>
            </param>
            <param index="3">
              <value>
                <![CDATA[--非包车类型--]]>
              </value>
            </param>
            <param index="4">
              <value>
                <![CDATA[Troy]]>
              </value>
            </param>
            <param index="5">
              <value>
                <![CDATA[18627802681]]>
              </value>
            </param>
            <param index="6">
              <value>
                <![CDATA[65]]>
              </value>
            </param>
            <param index="7">
              <value>
                <![CDATA[60]]>
              </value>
            </param>
            <param index="8">
              <value>
                <![CDATA[5]]>
              </value>
            </param>
            <param index="9">
              <value>
                <![CDATA[鄂A12360]]>
              </value>
            </param>
            <param index="10">
              <value>
                <![CDATA[2014-04]]>
              </value>
            </param>
            <param index="11">
              <value>
                <![CDATA[123471]]>
              </value>
            </param>
            <param index="12">
              <value>
                <![CDATA[奔驰]]>
              </value>
            </param>
          </params>
          <reporter-output>
          </reporter-output>
        </test-method> <!-- addCheLiang -->
        <test-method status="PASS" signature="addCheLiang(java.lang.String, java.lang.String, java.lang.String, java.lang.String, java.lang.String, java.lang.String, java.lang.String, java.lang.String, java.lang.String, java.lang.String, java.lang.String, java.lang.String, java.lang.String)[pri:0, instance:autotest.appautotest.testweb@3f3afe78]" name="addCheLiang" duration-ms="5781" started-at="2015-10-14T23:41:18Z" data-provider="addCheLiang" finished-at="2015-10-14T23:41:23Z">
          <params>
            <param index="0">
              <value>
                <![CDATA[Troy17]]>
              </value>
            </param>
            <param index="1">
              <value>
                <![CDATA[Troy车队]]>
              </value>
            </param>
            <param index="2">
              <value>
                <![CDATA[大巴]]>
              </value>
            </param>
            <param index="3">
              <value>
                <![CDATA[--非包车类型--]]>
              </value>
            </param>
            <param index="4">
              <value>
                <![CDATA[Troy]]>
              </value>
            </param>
            <param index="5">
              <value>
                <![CDATA[18627802681]]>
              </value>
            </param>
            <param index="6">
              <value>
                <![CDATA[65]]>
              </value>
            </param>
            <param index="7">
              <value>
                <![CDATA[60]]>
              </value>
            </param>
            <param index="8">
              <value>
                <![CDATA[5]]>
              </value>
            </param>
            <param index="9">
              <value>
                <![CDATA[鄂A12361]]>
              </value>
            </param>
            <param index="10">
              <value>
                <![CDATA[2014-05]]>
              </value>
            </param>
            <param index="11">
              <value>
                <![CDATA[123472]]>
              </value>
            </param>
            <param index="12">
              <value>
                <![CDATA[奔驰]]>
              </value>
            </param>
          </params>
          <reporter-output>
          </reporter-output>
        </test-method> <!-- addCheLiang -->
        <test-method status="PASS" signature="addCheLiang(java.lang.String, java.lang.String, java.lang.String, java.lang.String, java.lang.String, java.lang.String, java.lang.String, java.lang.String, java.lang.String, java.lang.String, java.lang.String, java.lang.String, java.lang.String)[pri:0, instance:autotest.appautotest.testweb@3f3afe78]" name="addCheLiang" duration-ms="5718" started-at="2015-10-14T23:41:23Z" data-provider="addCheLiang" finished-at="2015-10-14T23:41:29Z">
          <params>
            <param index="0">
              <value>
                <![CDATA[Troy18]]>
              </value>
            </param>
            <param index="1">
              <value>
                <![CDATA[Troy车队]]>
              </value>
            </param>
            <param index="2">
              <value>
                <![CDATA[大巴]]>
              </value>
            </param>
            <param index="3">
              <value>
                <![CDATA[--非包车类型--]]>
              </value>
            </param>
            <param index="4">
              <value>
                <![CDATA[Troy]]>
              </value>
            </param>
            <param index="5">
              <value>
                <![CDATA[18627802681]]>
              </value>
            </param>
            <param index="6">
              <value>
                <![CDATA[65]]>
              </value>
            </param>
            <param index="7">
              <value>
                <![CDATA[60]]>
              </value>
            </param>
            <param index="8">
              <value>
                <![CDATA[5]]>
              </value>
            </param>
            <param index="9">
              <value>
                <![CDATA[鄂A12362]]>
              </value>
            </param>
            <param index="10">
              <value>
                <![CDATA[2014-06]]>
              </value>
            </param>
            <param index="11">
              <value>
                <![CDATA[123473]]>
              </value>
            </param>
            <param index="12">
              <value>
                <![CDATA[奔驰]]>
              </value>
            </param>
          </params>
          <reporter-output>
          </reporter-output>
        </test-method> <!-- addCheLiang -->
        <test-method status="PASS" signature="tearDown()[pri:0, instance:autotest.appautotest.testweb@3f3afe78]" name="tearDown" is-config="true" duration-ms="1779" started-at="2015-10-14T23:41:29Z" finished-at="2015-10-14T23:41:31Z">
          <reporter-output>
          </reporter-output>
        </test-method> <!-- tearDown -->
      </class> <!-- autotest.appautotest.testweb -->
    </test> <!-- Default test -->
  </suite> <!-- Default suite -->
</testng-results>
