<?xml version="1.0" encoding="UTF-8"?>
<testng-results skipped="0" failed="0" total="1" passed="1">
  <reporter-output>
  </reporter-output>
  <suite name="Default suite" duration-ms="31604" started-at="2015-11-14T06:31:28Z" finished-at="2015-11-14T06:32:00Z">
    <groups>
    </groups>
    <test name="Default test" duration-ms="31604" started-at="2015-11-14T06:31:28Z" finished-at="2015-11-14T06:32:00Z">
      <class name="autotest.appautotest.testa">
        <test-method status="PASS" signature="setUp()[pri:0, instance:autotest.appautotest.testa@7c30a502]" name="setUp" is-config="true" duration-ms="17497" started-at="2015-11-14T14:31:28Z" finished-at="2015-11-14T14:31:46Z">
          <reporter-output>
          </reporter-output>
        </test-method> <!-- setUp -->
        <test-method status="PASS" signature="enterMainPage()[pri:0, instance:autotest.appautotest.testa@7c30a502]" name="enterMainPage" duration-ms="8475" started-at="2015-11-14T14:31:46Z" finished-at="2015-11-14T14:31:54Z">
          <reporter-output>
          </reporter-output>
        </test-method> <!-- enterMainPage -->
        <test-method status="PASS" signature="tearDown()[pri:0, instance:autotest.appautotest.testa@7c30a502]" name="tearDown" is-config="true" duration-ms="5598" started-at="2015-11-14T14:31:54Z" finished-at="2015-11-14T14:32:00Z">
          <reporter-output>
          </reporter-output>
        </test-method> <!-- tearDown -->
      </class> <!-- autotest.appautotest.testa -->
    </test> <!-- Default test -->
  </suite> <!-- Default suite -->
</testng-results>
