<?xml version="1.0" encoding="UTF-8"?>
<testng-results skipped="0" failed="0" total="1" passed="1">
  <reporter-output>
  </reporter-output>
  <suite name="Default suite" duration-ms="62946" started-at="2015-10-15T06:37:47Z" finished-at="2015-10-15T06:38:50Z">
    <groups>
    </groups>
    <test name="Default test" duration-ms="62946" started-at="2015-10-15T06:37:47Z" finished-at="2015-10-15T06:38:50Z">
      <class name="autotest.appautotest.testweb">
        <test-method status="PASS" signature="setUp()[pri:0, instance:autotest.appautotest.testweb@4411d970]" name="setUp" is-config="true" duration-ms="11418" started-at="2015-10-15T14:37:47Z" finished-at="2015-10-15T14:37:59Z">
          <reporter-output>
          </reporter-output>
        </test-method> <!-- setUp -->
        <test-method status="PASS" signature="addSiJi(java.lang.String, java.lang.String, java.lang.String, java.lang.String, java.lang.String, java.lang.String, java.lang.String, java.lang.String, java.lang.String, java.lang.String)[pri:0, instance:autotest.appautotest.testweb@4411d970]" name="addSiJi" duration-ms="48174" started-at="2015-10-15T14:38:01Z" data-provider="addSiJi" finished-at="2015-10-15T14:38:49Z">
          <params>
            <param index="0">
              <value>
                <![CDATA[001111]]>
              </value>
            </param>
            <param index="1">
              <value>
                <![CDATA[Troy1]]>
              </value>
            </param>
            <param index="2">
              <value>
                <![CDATA[Troy车队]]>
              </value>
            </param>
            <param index="3">
              <value>
                <![CDATA[18627802681]]>
              </value>
            </param>
            <param index="4">
              <value>
                <![CDATA[女]]>
              </value>
            </param>
            <param index="5">
              <value>
                <![CDATA[440901197502198379]]>
              </value>
            </param>
            <param index="6">
              <value>
                <![CDATA[123456]]>
              </value>
            </param>
            <param index="7">
              <value>
                <![CDATA[123456]]>
              </value>
            </param>
            <param index="8">
              <value>
                <![CDATA[1]]>
              </value>
            </param>
            <param index="9">
              <value>
                <![CDATA[A1]]>
              </value>
            </param>
          </params>
          <reporter-output>
          </reporter-output>
        </test-method> <!-- addSiJi -->
        <test-method status="PASS" signature="tearDown()[pri:0, instance:autotest.appautotest.testweb@4411d970]" name="tearDown" is-config="true" duration-ms="768" started-at="2015-10-15T14:38:49Z" finished-at="2015-10-15T14:38:50Z">
          <reporter-output>
          </reporter-output>
        </test-method> <!-- tearDown -->
      </class> <!-- autotest.appautotest.testweb -->
    </test> <!-- Default test -->
  </suite> <!-- Default suite -->
</testng-results>
