<?xml version="1.0" encoding="UTF-8"?>
<testng-results skipped="0" failed="1" total="1" passed="0">
  <reporter-output>
  </reporter-output>
  <suite name="Default suite" duration-ms="95052" started-at="2015-10-18T09:55:58Z" finished-at="2015-10-18T09:57:34Z">
    <groups>
    </groups>
    <test name="Default test" duration-ms="95052" started-at="2015-10-18T09:55:58Z" finished-at="2015-10-18T09:57:34Z">
      <class name="autotest.appautotest.testa">
        <test-method status="PASS" signature="setUp()[pri:0, instance:autotest.appautotest.testa@6a5fc7f7]" name="setUp" is-config="true" duration-ms="35644" started-at="2015-10-18T17:55:58Z" finished-at="2015-10-18T17:56:34Z">
          <reporter-output>
          </reporter-output>
        </test-method> <!-- setUp -->
        <test-method status="FAIL" signature="login()[pri:0, instance:autotest.appautotest.testa@6a5fc7f7]" name="login" duration-ms="52634" started-at="2015-10-18T17:56:34Z" finished-at="2015-10-18T17:57:27Z">
          <exception class="org.openqa.selenium.NoSuchElementException">
            <message>
              <![CDATA[An element could not be located on the page using the given search parameters. (WARNING: The server did not provide any stacktrace information)
Command duration or timeout: 510 milliseconds
For documentation on this error, please visit: http://seleniumhq.org/exceptions/no_such_element.html
Build info: version: '2.46.0', revision: '61506a4624b13675f24581e453592342b7485d71', time: '2015-06-04 10:22:50'
System info: host: 'troy-PC', ip: '192.168.1.100', os.name: 'Windows 7', os.arch: 'amd64', os.version: '6.1', java.version: '1.8.0_60'
Driver info: io.appium.java_client.android.AndroidDriver
Capabilities [{app=F:\workspace\java\appautotest\testresource\apps\ticketingsystem(10-15).apk, appPackage=cn.beyondsoft.wicket, networkConnectionEnabled=true, warnings={}, databaseEnabled=false, deviceName=02a59885, platform=LINUX, appActivity=cn.beyondsoft.wicket.LoddingActivity, desired={app=F:\workspace\java\appautotest\testresource\apps\ticketingsystem(10-15).apk, appPackage=cn.beyondsoft.wicket, appActivity=cn.beyondsoft.wicket.LoddingActivity, unicodeKeyboard=true, platformName=Android, deviceName=meizu, resetKeyboard=true}, platformVersion=4.3, webStorageEnabled=false, locationContextEnabled=false, browserName=Android, takesScreenshot=true, javascriptEnabled=true, unicodeKeyboard=true, platformName=Android, resetKeyboard=true}]
Session ID: 0f47712e-5d57-41f8-baaf-d13291077858
*** Element info: {Using=id, value=act_common_login}]]>
            </message>
            <full-stacktrace>
              <![CDATA[org.openqa.selenium.NoSuchElementException: An element could not be located on the page using the given search parameters. (WARNING: The server did not provide any stacktrace information)
Command duration or timeout: 510 milliseconds
For documentation on this error, please visit: http://seleniumhq.org/exceptions/no_such_element.html
Build info: version: '2.46.0', revision: '61506a4624b13675f24581e453592342b7485d71', time: '2015-06-04 10:22:50'
System info: host: 'troy-PC', ip: '192.168.1.100', os.name: 'Windows 7', os.arch: 'amd64', os.version: '6.1', java.version: '1.8.0_60'
Driver info: io.appium.java_client.android.AndroidDriver
Capabilities [{app=F:\workspace\java\appautotest\testresource\apps\ticketingsystem(10-15).apk, appPackage=cn.beyondsoft.wicket, networkConnectionEnabled=true, warnings={}, databaseEnabled=false, deviceName=02a59885, platform=LINUX, appActivity=cn.beyondsoft.wicket.LoddingActivity, desired={app=F:\workspace\java\appautotest\testresource\apps\ticketingsystem(10-15).apk, appPackage=cn.beyondsoft.wicket, appActivity=cn.beyondsoft.wicket.LoddingActivity, unicodeKeyboard=true, platformName=Android, deviceName=meizu, resetKeyboard=true}, platformVersion=4.3, webStorageEnabled=false, locationContextEnabled=false, browserName=Android, takesScreenshot=true, javascriptEnabled=true, unicodeKeyboard=true, platformName=Android, resetKeyboard=true}]
Session ID: 0f47712e-5d57-41f8-baaf-d13291077858
*** Element info: {Using=id, value=act_common_login}
	at sun.reflect.NativeConstructorAccessorImpl.newInstance0(Native Method)
	at sun.reflect.NativeConstructorAccessorImpl.newInstance(Unknown Source)
	at sun.reflect.DelegatingConstructorAccessorImpl.newInstance(Unknown Source)
	at java.lang.reflect.Constructor.newInstance(Unknown Source)
	at org.openqa.selenium.remote.ErrorHandler.createThrowable(ErrorHandler.java:204)
	at org.openqa.selenium.remote.ErrorHandler.throwIfResponseFailed(ErrorHandler.java:156)
	at org.openqa.selenium.remote.RemoteWebDriver.execute(RemoteWebDriver.java:605)
	at io.appium.java_client.DefaultGenericMobileDriver.execute(DefaultGenericMobileDriver.java:27)
	at io.appium.java_client.AppiumDriver.execute(AppiumDriver.java:1)
	at io.appium.java_client.android.AndroidDriver.execute(AndroidDriver.java:1)
	at org.openqa.selenium.remote.RemoteWebDriver.findElement(RemoteWebDriver.java:358)
	at org.openqa.selenium.remote.RemoteWebDriver.findElementById(RemoteWebDriver.java:399)
	at io.appium.java_client.DefaultGenericMobileDriver.findElementById(DefaultGenericMobileDriver.java:47)
	at io.appium.java_client.AppiumDriver.findElementById(AppiumDriver.java:1)
	at io.appium.java_client.android.AndroidDriver.findElementById(AndroidDriver.java:1)
	at org.openqa.selenium.By$ById.findElement(By.java:215)
	at org.openqa.selenium.remote.RemoteWebDriver.findElement(RemoteWebDriver.java:350)
	at io.appium.java_client.DefaultGenericMobileDriver.findElement(DefaultGenericMobileDriver.java:37)
	at io.appium.java_client.AppiumDriver.findElement(AppiumDriver.java:1)
	at io.appium.java_client.android.AndroidDriver.findElement(AndroidDriver.java:1)
	at base.AndroidApp.findElement(AndroidApp.java:245)
	at base.AndroidApp.findElement(AndroidApp.java:1)
	at core.UI.getElementText(UI.java:27)
	at base.AndroidApp.runTestCase(AndroidApp.java:485)
	at autotest.appautotest.testa.login(testa.java:49)
	at sun.reflect.NativeMethodAccessorImpl.invoke0(Native Method)
	at sun.reflect.NativeMethodAccessorImpl.invoke(Unknown Source)
	at sun.reflect.DelegatingMethodAccessorImpl.invoke(Unknown Source)
	at java.lang.reflect.Method.invoke(Unknown Source)
	at org.testng.internal.MethodInvocationHelper.invokeMethod(MethodInvocationHelper.java:85)
	at org.testng.internal.Invoker.invokeMethod(Invoker.java:659)
	at org.testng.internal.Invoker.invokeTestMethod(Invoker.java:845)
	at org.testng.internal.Invoker.invokeTestMethods(Invoker.java:1153)
	at org.testng.internal.TestMethodWorker.invokeTestMethods(TestMethodWorker.java:125)
	at org.testng.internal.TestMethodWorker.run(TestMethodWorker.java:108)
	at org.testng.TestRunner.privateRun(TestRunner.java:771)
	at org.testng.TestRunner.run(TestRunner.java:621)
	at org.testng.SuiteRunner.runTest(SuiteRunner.java:357)
	at org.testng.SuiteRunner.runSequentially(SuiteRunner.java:352)
	at org.testng.SuiteRunner.privateRun(SuiteRunner.java:310)
	at org.testng.SuiteRunner.run(SuiteRunner.java:259)
	at org.testng.SuiteRunnerWorker.runSuite(SuiteRunnerWorker.java:52)
	at org.testng.SuiteRunnerWorker.run(SuiteRunnerWorker.java:86)
	at org.testng.TestNG.runSuitesSequentially(TestNG.java:1199)
	at org.testng.TestNG.runSuitesLocally(TestNG.java:1124)
	at org.testng.TestNG.run(TestNG.java:1032)
	at org.testng.remote.RemoteTestNG.run(RemoteTestNG.java:111)
	at org.testng.remote.RemoteTestNG.initAndRun(RemoteTestNG.java:204)
	at org.testng.remote.RemoteTestNG.main(RemoteTestNG.java:175)
]]>
            </full-stacktrace>
          </exception> <!-- org.openqa.selenium.NoSuchElementException -->
          <reporter-output>
          </reporter-output>
        </test-method> <!-- login -->
        <test-method status="PASS" signature="tearDown()[pri:0, instance:autotest.appautotest.testa@6a5fc7f7]" name="tearDown" is-config="true" duration-ms="6746" started-at="2015-10-18T17:57:27Z" finished-at="2015-10-18T17:57:34Z">
          <reporter-output>
          </reporter-output>
        </test-method> <!-- tearDown -->
      </class> <!-- autotest.appautotest.testa -->
    </test> <!-- Default test -->
  </suite> <!-- Default suite -->
</testng-results>
