<?xml version="1.0" encoding="UTF-8"?>
<testng-results skipped="0" failed="0" total="1" passed="1">
  <reporter-output>
  </reporter-output>
  <suite name="Default suite" duration-ms="83875" started-at="2015-10-18T13:23:05Z" finished-at="2015-10-18T13:24:29Z">
    <groups>
    </groups>
    <test name="Default test" duration-ms="83875" started-at="2015-10-18T13:23:05Z" finished-at="2015-10-18T13:24:29Z">
      <class name="testTicketWeb.qiChe">
        <test-method status="PASS" signature="setUp()[pri:0, instance:testTicketWeb.qiChe@3ac3fd8b]" name="setUp" is-config="true" duration-ms="2519" started-at="2015-10-18T21:23:05Z" finished-at="2015-10-18T21:23:08Z">
          <reporter-output>
          </reporter-output>
        </test-method> <!-- setUp -->
        <test-method status="PASS" signature="test003editQiChePiaoJia()[pri:0, instance:testTicketWeb.qiChe@3ac3fd8b]" name="test003editQiChePiaoJia" duration-ms="79798" started-at="2015-10-18T21:23:08Z" finished-at="2015-10-18T21:24:27Z">
          <reporter-output>
          </reporter-output>
        </test-method> <!-- test003editQiChePiaoJia -->
        <test-method status="PASS" signature="tearDown()[pri:0, instance:testTicketWeb.qiChe@3ac3fd8b]" name="tearDown" is-config="true" duration-ms="1544" started-at="2015-10-18T21:24:27Z" finished-at="2015-10-18T21:24:29Z">
          <reporter-output>
          </reporter-output>
        </test-method> <!-- tearDown -->
      </class> <!-- testTicketWeb.qiChe -->
    </test> <!-- Default test -->
  </suite> <!-- Default suite -->
</testng-results>
