<?xml version="1.0" encoding="UTF-8"?>
<testng-results skipped="0" failed="0" total="2" passed="2">
  <reporter-output>
  </reporter-output>
  <suite name="Default suite" duration-ms="13261" started-at="2015-11-04T16:08:16Z" finished-at="2015-11-04T16:08:29Z">
    <groups>
    </groups>
    <test name="Default test" duration-ms="13261" started-at="2015-11-04T16:08:16Z" finished-at="2015-11-04T16:08:29Z">
      <class name="testTicketWeb.qiChe">
        <test-method status="PASS" signature="setUp()[pri:0, instance:testTicketWeb.qiChe@6a5fc7f7]" name="setUp" is-config="true" duration-ms="4039" started-at="2015-11-05T00:08:16Z" finished-at="2015-11-05T00:08:20Z">
          <reporter-output>
          </reporter-output>
        </test-method> <!-- setUp -->
        <test-method status="PASS" signature="test000login()[pri:0, instance:testTicketWeb.qiChe@6a5fc7f7]" name="test000login" duration-ms="3121" started-at="2015-11-05T00:08:20Z" finished-at="2015-11-05T00:08:23Z">
          <reporter-output>
          </reporter-output>
        </test-method> <!-- test000login -->
        <test-method status="PASS" signature="test012editQiChePiaoJia()[pri:0, instance:testTicketWeb.qiChe@6a5fc7f7]" name="test012editQiChePiaoJia" duration-ms="4401" started-at="2015-11-05T00:08:23Z" finished-at="2015-11-05T00:08:28Z">
          <reporter-output>
          </reporter-output>
        </test-method> <!-- test012editQiChePiaoJia -->
        <test-method status="PASS" signature="tearDown()[pri:0, instance:testTicketWeb.qiChe@6a5fc7f7]" name="tearDown" is-config="true" duration-ms="1681" started-at="2015-11-05T00:08:28Z" finished-at="2015-11-05T00:08:29Z">
          <reporter-output>
          </reporter-output>
        </test-method> <!-- tearDown -->
      </class> <!-- testTicketWeb.qiChe -->
    </test> <!-- Default test -->
  </suite> <!-- Default suite -->
</testng-results>
